[0.014s] Invoking command in '/home/student/Documents/ros2_JOUR1/ros2_ws/build/exercices': CMAKE_PREFIX_PATH=${CMAKE_PREFIX_PATH}:/home/student/turtlebot3_ws/install/turtlebot3_teleop:/home/student/turtlebot3_ws/install/turtlebot3_example:/opt/ros/humble /usr/bin/cmake --build /home/student/Documents/ros2_JOUR1/ros2_ws/build/exercices -- -j8 -l8
[0.041s] -- Found ament_cmake: 1.3.12 (/opt/ros/humble/share/ament_cmake/cmake)
[0.173s] -- Found rclpy: 3.3.17 (/opt/ros/humble/share/rclpy/cmake)
[0.173s] -- Found rosidl_default_generators: 1.2.0 (/opt/ros/humble/share/rosidl_default_generators/cmake)
[0.176s] -- Using all available rosidl_typesupport_c: rosidl_typesupport_fastrtps_c;rosidl_typesupport_introspection_c
[0.179s] -- Found rosidl_adapter: 3.1.7 (/opt/ros/humble/share/rosidl_adapter/cmake)
[0.208s] -- Using all available rosidl_typesupport_cpp: rosidl_typesupport_fastrtps_cpp;rosidl_typesupport_introspection_cpp
[0.533s] -- Found ament_cmake_ros: 0.10.0 (/opt/ros/humble/share/ament_cmake_ros/cmake)
[0.724s] -- Using all available rosidl_typesupport_c: rosidl_typesupport_fastrtps_c;rosidl_typesupport_introspection_c
[0.970s] -- Using all available rosidl_typesupport_cpp: rosidl_typesupport_fastrtps_cpp;rosidl_typesupport_introspection_cpp
[0.992s] -- Found python_cmake_module: 0.10.0 (/opt/ros/humble/share/python_cmake_module/cmake)
[1.018s] -- Using PYTHON_EXECUTABLE: /usr/bin/python3
[1.019s] -- Using PYTHON_INCLUDE_DIRS: /usr/include/python3.10
[1.019s] -- Using PYTHON_LIBRARIES: /usr/lib/x86_64-linux-gnu/libpython3.10.so
[1.038s] -- Configuring done
[1.070s] -- Generating done
[1.081s] -- Build files have been written to: /home/student/Documents/ros2_JOUR1/ros2_ws/build/exercices
[1.107s] [  2%] [34m[1mGenerating C code for ROS interfaces[0m
[1.125s] [  5%] [34m[1mGenerating C++ code for ROS interfaces[0m
[1.134s] [  5%] Built target ament_cmake_python_copy_exercices
[1.428s] running egg_info
[1.430s] writing exercices.egg-info/PKG-INFO
[1.430s] writing dependency_links to exercices.egg-info/dependency_links.txt
[1.432s] writing top-level names to exercices.egg-info/top_level.txt
[1.435s] reading manifest file 'exercices.egg-info/SOURCES.txt'
[1.438s] writing manifest file 'exercices.egg-info/SOURCES.txt'
[1.473s] [  5%] Built target ament_cmake_python_build_exercices_egg
[1.474s] [35m[1mConsolidate compiler generated dependencies of target exercices__rosidl_generator_c[0m
[1.484s] [  5%] Built target exercices__cpp
[1.487s] [  7%] [32mBuilding C object CMakeFiles/exercices__rosidl_generator_c.dir/rosidl_generator_c/exercices/msg/detail/computer_info__functions.c.o[0m
[1.487s] [ 10%] [32mBuilding C object CMakeFiles/exercices__rosidl_generator_c.dir/rosidl_generator_c/exercices/srv/detail/control_client__functions.c.o[0m
[1.496s] [ 12%] [34m[1mGenerating C++ introspection for ROS interfaces[0m
[1.496s] [ 15%] [34m[1mGenerating C++ type support dispatch for ROS interfaces[0m
[1.497s] [ 17%] [34m[1mGenerating C++ type support for eProsima Fast-RTPS[0m
[1.558s] [ 20%] [32m[1mLinking C shared library libexercices__rosidl_generator_c.so[0m
[1.598s] [ 20%] Built target exercices__rosidl_generator_c
[1.611s] [ 23%] [34m[1mGenerating C introspection for ROS interfaces[0m
[1.614s] [ 25%] [34m[1mGenerating C type support for eProsima Fast-RTPS[0m
[1.615s] [ 28%] [34m[1mGenerating C type support dispatch for ROS interfaces[0m
[1.787s] [35m[1mConsolidate compiler generated dependencies of target exercices__rosidl_typesupport_cpp[0m
[1.806s] [ 33%] [32mBuilding CXX object CMakeFiles/exercices__rosidl_typesupport_cpp.dir/rosidl_typesupport_cpp/exercices/srv/control_client__type_support.cpp.o[0m
[1.806s] [ 33%] [32mBuilding CXX object CMakeFiles/exercices__rosidl_typesupport_cpp.dir/rosidl_typesupport_cpp/exercices/msg/computer_info__type_support.cpp.o[0m
[1.982s] [35m[1mConsolidate compiler generated dependencies of target exercices__rosidl_typesupport_fastrtps_cpp[0m
[1.990s] [35m[1mConsolidate compiler generated dependencies of target exercices__rosidl_typesupport_introspection_cpp[0m
[2.003s] [ 35%] [32mBuilding CXX object CMakeFiles/exercices__rosidl_typesupport_fastrtps_cpp.dir/rosidl_typesupport_fastrtps_cpp/exercices/msg/detail/dds_fastrtps/computer_info__type_support.cpp.o[0m
[2.009s] [ 38%] [32mBuilding CXX object CMakeFiles/exercices__rosidl_typesupport_introspection_cpp.dir/rosidl_typesupport_introspection_cpp/exercices/msg/detail/computer_info__type_support.cpp.o[0m
[2.017s] [ 41%] [32mBuilding CXX object CMakeFiles/exercices__rosidl_typesupport_fastrtps_cpp.dir/rosidl_typesupport_fastrtps_cpp/exercices/srv/detail/dds_fastrtps/control_client__type_support.cpp.o[0m
[2.021s] [35m[1mConsolidate compiler generated dependencies of target exercices__rosidl_typesupport_introspection_c[0m
[2.040s] [ 43%] [32mBuilding C object CMakeFiles/exercices__rosidl_typesupport_introspection_c.dir/rosidl_typesupport_introspection_c/exercices/msg/detail/computer_info__type_support.c.o[0m
[2.094s] [35m[1mConsolidate compiler generated dependencies of target exercices__rosidl_typesupport_c[0m
[2.096s] [ 46%] [32mBuilding C object CMakeFiles/exercices__rosidl_typesupport_introspection_c.dir/rosidl_typesupport_introspection_c/exercices/srv/detail/control_client__type_support.c.o[0m
[2.113s] [ 48%] [32mBuilding CXX object CMakeFiles/exercices__rosidl_typesupport_c.dir/rosidl_typesupport_c/exercices/msg/computer_info__type_support.cpp.o[0m
[2.157s] [ 51%] [32m[1mLinking C shared library libexercices__rosidl_typesupport_introspection_c.so[0m
[2.164s] [ 53%] [32mBuilding CXX object CMakeFiles/exercices__rosidl_typesupport_c.dir/rosidl_typesupport_c/exercices/srv/control_client__type_support.cpp.o[0m
[2.191s] [35m[1mConsolidate compiler generated dependencies of target exercices__rosidl_typesupport_fastrtps_c[0m
[2.210s] [ 53%] Built target exercices__rosidl_typesupport_introspection_c
[2.219s] [ 56%] [32m[1mLinking CXX shared library libexercices__rosidl_typesupport_c.so[0m
[2.225s] [ 58%] [32mBuilding CXX object CMakeFiles/exercices__rosidl_typesupport_fastrtps_c.dir/rosidl_typesupport_fastrtps_c/exercices/srv/detail/control_client__type_support_c.cpp.o[0m
[2.229s] [ 61%] [32mBuilding CXX object CMakeFiles/exercices__rosidl_typesupport_fastrtps_c.dir/rosidl_typesupport_fastrtps_c/exercices/msg/detail/computer_info__type_support_c.cpp.o[0m
[2.238s] [ 64%] [32mBuilding CXX object CMakeFiles/exercices__rosidl_typesupport_introspection_cpp.dir/rosidl_typesupport_introspection_cpp/exercices/srv/detail/control_client__type_support.cpp.o[0m
[2.245s] [ 66%] [32m[1mLinking CXX shared library libexercices__rosidl_typesupport_cpp.so[0m
[2.295s] [ 66%] Built target exercices__rosidl_typesupport_c
[2.308s] [ 66%] Built target exercices__rosidl_typesupport_cpp
[2.659s] [ 69%] [32m[1mLinking CXX shared library libexercices__rosidl_typesupport_introspection_cpp.so[0m
[2.682s] [ 71%] [32m[1mLinking CXX shared library libexercices__rosidl_typesupport_fastrtps_cpp.so[0m
[2.741s] [ 71%] Built target exercices__rosidl_typesupport_introspection_cpp
[2.768s] [ 74%] [32m[1mLinking CXX shared library libexercices__rosidl_typesupport_fastrtps_c.so[0m
[2.769s] [ 74%] Built target exercices__rosidl_typesupport_fastrtps_cpp
[2.853s] [ 74%] Built target exercices__rosidl_typesupport_fastrtps_c
[2.875s] [ 74%] Built target exercices
[2.897s] [ 76%] [34m[1mGenerating Python code for ROS interfaces[0m
[3.363s] [ 76%] Built target exercices__py
[3.375s] [35m[1mConsolidate compiler generated dependencies of target exercices__rosidl_generator_py[0m
[3.391s] [ 82%] [32mBuilding C object CMakeFiles/exercices__rosidl_generator_py.dir/rosidl_generator_py/exercices/msg/_computer_info_s.c.o[0m
[3.391s] [ 82%] [32mBuilding C object CMakeFiles/exercices__rosidl_generator_py.dir/rosidl_generator_py/exercices/srv/_control_client_s.c.o[0m
[3.498s] [ 84%] [32m[1mLinking C shared library rosidl_generator_py/exercices/libexercices__rosidl_generator_py.so[0m
[3.552s] [ 84%] Built target exercices__rosidl_generator_py
[3.564s] [35m[1mConsolidate compiler generated dependencies of target exercices__rosidl_typesupport_fastrtps_c__pyext[0m
[3.564s] [35m[1mConsolidate compiler generated dependencies of target exercices__rosidl_typesupport_introspection_c__pyext[0m
[3.564s] [35m[1mConsolidate compiler generated dependencies of target exercices__rosidl_typesupport_c__pyext[0m
[3.578s] [ 92%] [32mBuilding C object CMakeFiles/exercices__rosidl_typesupport_fastrtps_c__pyext.dir/rosidl_generator_py/exercices/_exercices_s.ep.rosidl_typesupport_fastrtps_c.c.o[0m
[3.578s] [ 92%] [32mBuilding C object CMakeFiles/exercices__rosidl_typesupport_c__pyext.dir/rosidl_generator_py/exercices/_exercices_s.ep.rosidl_typesupport_c.c.o[0m
[3.578s] [ 92%] [32mBuilding C object CMakeFiles/exercices__rosidl_typesupport_introspection_c__pyext.dir/rosidl_generator_py/exercices/_exercices_s.ep.rosidl_typesupport_introspection_c.c.o[0m
[3.684s] [ 97%] [32m[1mLinking C shared library rosidl_generator_py/exercices/exercices_s__rosidl_typesupport_c.cpython-310-x86_64-linux-gnu.so[0m
[3.684s] [ 97%] [32m[1mLinking C shared library rosidl_generator_py/exercices/exercices_s__rosidl_typesupport_fastrtps_c.cpython-310-x86_64-linux-gnu.so[0m
[3.689s] [100%] [32m[1mLinking C shared library rosidl_generator_py/exercices/exercices_s__rosidl_typesupport_introspection_c.cpython-310-x86_64-linux-gnu.so[0m
[3.720s] [100%] Built target exercices__rosidl_typesupport_c__pyext
[3.721s] [100%] Built target exercices__rosidl_typesupport_fastrtps_c__pyext
[3.730s] [100%] Built target exercices__rosidl_typesupport_introspection_c__pyext
[3.743s] Invoked command in '/home/student/Documents/ros2_JOUR1/ros2_ws/build/exercices' returned '0': CMAKE_PREFIX_PATH=${CMAKE_PREFIX_PATH}:/home/student/turtlebot3_ws/install/turtlebot3_teleop:/home/student/turtlebot3_ws/install/turtlebot3_example:/opt/ros/humble /usr/bin/cmake --build /home/student/Documents/ros2_JOUR1/ros2_ws/build/exercices -- -j8 -l8
[3.754s] Invoking command in '/home/student/Documents/ros2_JOUR1/ros2_ws/build/exercices': CMAKE_PREFIX_PATH=${CMAKE_PREFIX_PATH}:/home/student/turtlebot3_ws/install/turtlebot3_teleop:/home/student/turtlebot3_ws/install/turtlebot3_example:/opt/ros/humble /usr/bin/cmake --install /home/student/Documents/ros2_JOUR1/ros2_ws/build/exercices
[3.763s] -- Install configuration: ""
[3.763s] -- Up-to-date: /home/student/Documents/ros2_JOUR1/ros2_ws/install/exercices/share/ament_index/resource_index/rosidl_interfaces/exercices
[3.763s] -- Up-to-date: /home/student/Documents/ros2_JOUR1/ros2_ws/install/exercices/include/exercices/exercices
[3.763s] -- Up-to-date: /home/student/Documents/ros2_JOUR1/ros2_ws/install/exercices/include/exercices/exercices/msg
[3.763s] -- Installing: /home/student/Documents/ros2_JOUR1/ros2_ws/install/exercices/include/exercices/exercices/msg/computer_info.h
[3.764s] -- Up-to-date: /home/student/Documents/ros2_JOUR1/ros2_ws/install/exercices/include/exercices/exercices/msg/detail
[3.764s] -- Installing: /home/student/Documents/ros2_JOUR1/ros2_ws/install/exercices/include/exercices/exercices/msg/detail/computer_info__type_support.h
[3.764s] -- Installing: /home/student/Documents/ros2_JOUR1/ros2_ws/install/exercices/include/exercices/exercices/msg/detail/computer_info__struct.h
[3.764s] -- Installing: /home/student/Documents/ros2_JOUR1/ros2_ws/install/exercices/include/exercices/exercices/msg/detail/computer_info__functions.h
[3.764s] -- Installing: /home/student/Documents/ros2_JOUR1/ros2_ws/install/exercices/include/exercices/exercices/msg/detail/computer_info__functions.c
[3.764s] -- Up-to-date: /home/student/Documents/ros2_JOUR1/ros2_ws/install/exercices/include/exercices/exercices/msg/rosidl_generator_c__visibility_control.h
[3.764s] -- Up-to-date: /home/student/Documents/ros2_JOUR1/ros2_ws/install/exercices/include/exercices/exercices/srv
[3.764s] -- Up-to-date: /home/student/Documents/ros2_JOUR1/ros2_ws/install/exercices/include/exercices/exercices/srv/detail
[3.765s] -- Installing: /home/student/Documents/ros2_JOUR1/ros2_ws/install/exercices/include/exercices/exercices/srv/detail/control_client__type_support.h
[3.765s] -- Installing: /home/student/Documents/ros2_JOUR1/ros2_ws/install/exercices/include/exercices/exercices/srv/detail/control_client__functions.c
[3.765s] -- Installing: /home/student/Documents/ros2_JOUR1/ros2_ws/install/exercices/include/exercices/exercices/srv/detail/control_client__struct.h
[3.765s] -- Installing: /home/student/Documents/ros2_JOUR1/ros2_ws/install/exercices/include/exercices/exercices/srv/detail/control_client__functions.h
[3.765s] -- Installing: /home/student/Documents/ros2_JOUR1/ros2_ws/install/exercices/include/exercices/exercices/srv/control_client.h
[3.765s] -- Up-to-date: /home/student/Documents/ros2_JOUR1/ros2_ws/install/exercices/share/exercices/environment/library_path.sh
[3.765s] -- Installing: /home/student/Documents/ros2_JOUR1/ros2_ws/install/exercices/share/exercices/environment/library_path.dsv
[3.765s] -- Installing: /home/student/Documents/ros2_JOUR1/ros2_ws/install/exercices/lib/libexercices__rosidl_generator_c.so
[3.766s] -- Set runtime path of "/home/student/Documents/ros2_JOUR1/ros2_ws/install/exercices/lib/libexercices__rosidl_generator_c.so" to ""
[3.766s] -- Up-to-date: /home/student/Documents/ros2_JOUR1/ros2_ws/install/exercices/include/exercices/exercices
[3.766s] -- Up-to-date: /home/student/Documents/ros2_JOUR1/ros2_ws/install/exercices/include/exercices/exercices/msg
[3.766s] -- Up-to-date: /home/student/Documents/ros2_JOUR1/ros2_ws/install/exercices/include/exercices/exercices/msg/detail
[3.766s] -- Installing: /home/student/Documents/ros2_JOUR1/ros2_ws/install/exercices/include/exercices/exercices/msg/detail/computer_info__rosidl_typesupport_fastrtps_c.h
[3.766s] -- Up-to-date: /home/student/Documents/ros2_JOUR1/ros2_ws/install/exercices/include/exercices/exercices/msg/rosidl_typesupport_fastrtps_c__visibility_control.h
[3.767s] -- Up-to-date: /home/student/Documents/ros2_JOUR1/ros2_ws/install/exercices/include/exercices/exercices/srv
[3.767s] -- Up-to-date: /home/student/Documents/ros2_JOUR1/ros2_ws/install/exercices/include/exercices/exercices/srv/detail
[3.767s] -- Installing: /home/student/Documents/ros2_JOUR1/ros2_ws/install/exercices/include/exercices/exercices/srv/detail/control_client__rosidl_typesupport_fastrtps_c.h
[3.767s] -- Installing: /home/student/Documents/ros2_JOUR1/ros2_ws/install/exercices/lib/libexercices__rosidl_typesupport_fastrtps_c.so
[3.767s] -- Set runtime path of "/home/student/Documents/ros2_JOUR1/ros2_ws/install/exercices/lib/libexercices__rosidl_typesupport_fastrtps_c.so" to ""
[3.767s] -- Up-to-date: /home/student/Documents/ros2_JOUR1/ros2_ws/install/exercices/include/exercices/exercices
[3.767s] -- Up-to-date: /home/student/Documents/ros2_JOUR1/ros2_ws/install/exercices/include/exercices/exercices/msg
[3.768s] -- Up-to-date: /home/student/Documents/ros2_JOUR1/ros2_ws/install/exercices/include/exercices/exercices/msg/detail
[3.768s] -- Installing: /home/student/Documents/ros2_JOUR1/ros2_ws/install/exercices/include/exercices/exercices/msg/detail/computer_info__type_support.c
[3.768s] -- Installing: /home/student/Documents/ros2_JOUR1/ros2_ws/install/exercices/include/exercices/exercices/msg/detail/computer_info__rosidl_typesupport_introspection_c.h
[3.768s] -- Up-to-date: /home/student/Documents/ros2_JOUR1/ros2_ws/install/exercices/include/exercices/exercices/msg/rosidl_typesupport_introspection_c__visibility_control.h
[3.768s] -- Up-to-date: /home/student/Documents/ros2_JOUR1/ros2_ws/install/exercices/include/exercices/exercices/srv
[3.768s] -- Up-to-date: /home/student/Documents/ros2_JOUR1/ros2_ws/install/exercices/include/exercices/exercices/srv/detail
[3.768s] -- Installing: /home/student/Documents/ros2_JOUR1/ros2_ws/install/exercices/include/exercices/exercices/srv/detail/control_client__type_support.c
[3.768s] -- Installing: /home/student/Documents/ros2_JOUR1/ros2_ws/install/exercices/include/exercices/exercices/srv/detail/control_client__rosidl_typesupport_introspection_c.h
[3.769s] -- Installing: /home/student/Documents/ros2_JOUR1/ros2_ws/install/exercices/lib/libexercices__rosidl_typesupport_introspection_c.so
[3.769s] -- Set runtime path of "/home/student/Documents/ros2_JOUR1/ros2_ws/install/exercices/lib/libexercices__rosidl_typesupport_introspection_c.so" to ""
[3.769s] -- Installing: /home/student/Documents/ros2_JOUR1/ros2_ws/install/exercices/lib/libexercices__rosidl_typesupport_c.so
[3.770s] -- Set runtime path of "/home/student/Documents/ros2_JOUR1/ros2_ws/install/exercices/lib/libexercices__rosidl_typesupport_c.so" to ""
[3.770s] -- Up-to-date: /home/student/Documents/ros2_JOUR1/ros2_ws/install/exercices/include/exercices/exercices
[3.770s] -- Up-to-date: /home/student/Documents/ros2_JOUR1/ros2_ws/install/exercices/include/exercices/exercices/msg
[3.770s] -- Installing: /home/student/Documents/ros2_JOUR1/ros2_ws/install/exercices/include/exercices/exercices/msg/computer_info.hpp
[3.770s] -- Up-to-date: /home/student/Documents/ros2_JOUR1/ros2_ws/install/exercices/include/exercices/exercices/msg/detail
[3.770s] -- Installing: /home/student/Documents/ros2_JOUR1/ros2_ws/install/exercices/include/exercices/exercices/msg/detail/computer_info__traits.hpp
[3.770s] -- Installing: /home/student/Documents/ros2_JOUR1/ros2_ws/install/exercices/include/exercices/exercices/msg/detail/computer_info__type_support.hpp
[3.771s] -- Installing: /home/student/Documents/ros2_JOUR1/ros2_ws/install/exercices/include/exercices/exercices/msg/detail/computer_info__struct.hpp
[3.771s] -- Installing: /home/student/Documents/ros2_JOUR1/ros2_ws/install/exercices/include/exercices/exercices/msg/detail/computer_info__builder.hpp
[3.771s] -- Up-to-date: /home/student/Documents/ros2_JOUR1/ros2_ws/install/exercices/include/exercices/exercices/msg/rosidl_generator_cpp__visibility_control.hpp
[3.771s] -- Up-to-date: /home/student/Documents/ros2_JOUR1/ros2_ws/install/exercices/include/exercices/exercices/srv
[3.771s] -- Installing: /home/student/Documents/ros2_JOUR1/ros2_ws/install/exercices/include/exercices/exercices/srv/control_client.hpp
[3.771s] -- Up-to-date: /home/student/Documents/ros2_JOUR1/ros2_ws/install/exercices/include/exercices/exercices/srv/detail
[3.771s] -- Installing: /home/student/Documents/ros2_JOUR1/ros2_ws/install/exercices/include/exercices/exercices/srv/detail/control_client__traits.hpp
[3.772s] -- Installing: /home/student/Documents/ros2_JOUR1/ros2_ws/install/exercices/include/exercices/exercices/srv/detail/control_client__builder.hpp
[3.772s] -- Installing: /home/student/Documents/ros2_JOUR1/ros2_ws/install/exercices/include/exercices/exercices/srv/detail/control_client__type_support.hpp
[3.772s] -- Installing: /home/student/Documents/ros2_JOUR1/ros2_ws/install/exercices/include/exercices/exercices/srv/detail/control_client__struct.hpp
[3.772s] -- Up-to-date: /home/student/Documents/ros2_JOUR1/ros2_ws/install/exercices/include/exercices/exercices
[3.772s] -- Up-to-date: /home/student/Documents/ros2_JOUR1/ros2_ws/install/exercices/include/exercices/exercices/msg
[3.772s] -- Up-to-date: /home/student/Documents/ros2_JOUR1/ros2_ws/install/exercices/include/exercices/exercices/msg/detail
[3.772s] -- Up-to-date: /home/student/Documents/ros2_JOUR1/ros2_ws/install/exercices/include/exercices/exercices/msg/detail/dds_fastrtps
[3.772s] -- Installing: /home/student/Documents/ros2_JOUR1/ros2_ws/install/exercices/include/exercices/exercices/msg/detail/computer_info__rosidl_typesupport_fastrtps_cpp.hpp
[3.773s] -- Up-to-date: /home/student/Documents/ros2_JOUR1/ros2_ws/install/exercices/include/exercices/exercices/msg/rosidl_typesupport_fastrtps_cpp__visibility_control.h
[3.773s] -- Up-to-date: /home/student/Documents/ros2_JOUR1/ros2_ws/install/exercices/include/exercices/exercices/srv
[3.773s] -- Up-to-date: /home/student/Documents/ros2_JOUR1/ros2_ws/install/exercices/include/exercices/exercices/srv/detail
[3.773s] -- Up-to-date: /home/student/Documents/ros2_JOUR1/ros2_ws/install/exercices/include/exercices/exercices/srv/detail/dds_fastrtps
[3.773s] -- Installing: /home/student/Documents/ros2_JOUR1/ros2_ws/install/exercices/include/exercices/exercices/srv/detail/control_client__rosidl_typesupport_fastrtps_cpp.hpp
[3.773s] -- Installing: /home/student/Documents/ros2_JOUR1/ros2_ws/install/exercices/lib/libexercices__rosidl_typesupport_fastrtps_cpp.so
[3.773s] -- Set runtime path of "/home/student/Documents/ros2_JOUR1/ros2_ws/install/exercices/lib/libexercices__rosidl_typesupport_fastrtps_cpp.so" to ""
[3.773s] -- Up-to-date: /home/student/Documents/ros2_JOUR1/ros2_ws/install/exercices/include/exercices/exercices
[3.773s] -- Up-to-date: /home/student/Documents/ros2_JOUR1/ros2_ws/install/exercices/include/exercices/exercices/msg
[3.774s] -- Up-to-date: /home/student/Documents/ros2_JOUR1/ros2_ws/install/exercices/include/exercices/exercices/msg/detail
[3.774s] -- Installing: /home/student/Documents/ros2_JOUR1/ros2_ws/install/exercices/include/exercices/exercices/msg/detail/computer_info__type_support.cpp
[3.774s] -- Installing: /home/student/Documents/ros2_JOUR1/ros2_ws/install/exercices/include/exercices/exercices/msg/detail/computer_info__rosidl_typesupport_introspection_cpp.hpp
[3.774s] -- Up-to-date: /home/student/Documents/ros2_JOUR1/ros2_ws/install/exercices/include/exercices/exercices/srv
[3.774s] -- Up-to-date: /home/student/Documents/ros2_JOUR1/ros2_ws/install/exercices/include/exercices/exercices/srv/detail
[3.774s] -- Installing: /home/student/Documents/ros2_JOUR1/ros2_ws/install/exercices/include/exercices/exercices/srv/detail/control_client__type_support.cpp
[3.774s] -- Installing: /home/student/Documents/ros2_JOUR1/ros2_ws/install/exercices/include/exercices/exercices/srv/detail/control_client__rosidl_typesupport_introspection_cpp.hpp
[3.774s] -- Installing: /home/student/Documents/ros2_JOUR1/ros2_ws/install/exercices/lib/libexercices__rosidl_typesupport_introspection_cpp.so
[3.775s] -- Set runtime path of "/home/student/Documents/ros2_JOUR1/ros2_ws/install/exercices/lib/libexercices__rosidl_typesupport_introspection_cpp.so" to ""
[3.775s] -- Installing: /home/student/Documents/ros2_JOUR1/ros2_ws/install/exercices/lib/libexercices__rosidl_typesupport_cpp.so
[3.775s] -- Set runtime path of "/home/student/Documents/ros2_JOUR1/ros2_ws/install/exercices/lib/libexercices__rosidl_typesupport_cpp.so" to ""
[3.775s] -- Up-to-date: /home/student/Documents/ros2_JOUR1/ros2_ws/install/exercices/share/exercices/environment/pythonpath.sh
[3.775s] -- Installing: /home/student/Documents/ros2_JOUR1/ros2_ws/install/exercices/share/exercices/environment/pythonpath.dsv
[3.776s] -- Up-to-date: /home/student/Documents/ros2_JOUR1/ros2_ws/install/exercices/local/lib/python3.10/dist-packages/exercices-0.0.0-py3.10.egg-info
[3.776s] -- Installing: /home/student/Documents/ros2_JOUR1/ros2_ws/install/exercices/local/lib/python3.10/dist-packages/exercices-0.0.0-py3.10.egg-info/dependency_links.txt
[3.776s] -- Installing: /home/student/Documents/ros2_JOUR1/ros2_ws/install/exercices/local/lib/python3.10/dist-packages/exercices-0.0.0-py3.10.egg-info/top_level.txt
[3.776s] -- Installing: /home/student/Documents/ros2_JOUR1/ros2_ws/install/exercices/local/lib/python3.10/dist-packages/exercices-0.0.0-py3.10.egg-info/PKG-INFO
[3.776s] -- Installing: /home/student/Documents/ros2_JOUR1/ros2_ws/install/exercices/local/lib/python3.10/dist-packages/exercices-0.0.0-py3.10.egg-info/SOURCES.txt
[3.776s] -- Up-to-date: /home/student/Documents/ros2_JOUR1/ros2_ws/install/exercices/local/lib/python3.10/dist-packages/exercices
[3.776s] -- Installing: /home/student/Documents/ros2_JOUR1/ros2_ws/install/exercices/local/lib/python3.10/dist-packages/exercices/__init__.py
[3.777s] -- Installing: /home/student/Documents/ros2_JOUR1/ros2_ws/install/exercices/local/lib/python3.10/dist-packages/exercices/_exercices_s.ep.rosidl_typesupport_c.c
[3.777s] -- Up-to-date: /home/student/Documents/ros2_JOUR1/ros2_ws/install/exercices/local/lib/python3.10/dist-packages/exercices/msg
[3.777s] -- Installing: /home/student/Documents/ros2_JOUR1/ros2_ws/install/exercices/local/lib/python3.10/dist-packages/exercices/msg/__init__.py
[3.777s] -- Installing: /home/student/Documents/ros2_JOUR1/ros2_ws/install/exercices/local/lib/python3.10/dist-packages/exercices/msg/_computer_info.py
[3.777s] -- Installing: /home/student/Documents/ros2_JOUR1/ros2_ws/install/exercices/local/lib/python3.10/dist-packages/exercices/msg/_computer_info_s.c
[3.777s] -- Installing: /home/student/Documents/ros2_JOUR1/ros2_ws/install/exercices/local/lib/python3.10/dist-packages/exercices/exercices_s__rosidl_typesupport_introspection_c.cpython-310-x86_64-linux-gnu.so
[3.777s] -- Installing: /home/student/Documents/ros2_JOUR1/ros2_ws/install/exercices/local/lib/python3.10/dist-packages/exercices/exercices_s__rosidl_typesupport_fastrtps_c.cpython-310-x86_64-linux-gnu.so
[3.778s] -- Up-to-date: /home/student/Documents/ros2_JOUR1/ros2_ws/install/exercices/local/lib/python3.10/dist-packages/exercices/srv
[3.778s] -- Installing: /home/student/Documents/ros2_JOUR1/ros2_ws/install/exercices/local/lib/python3.10/dist-packages/exercices/srv/__init__.py
[3.778s] -- Installing: /home/student/Documents/ros2_JOUR1/ros2_ws/install/exercices/local/lib/python3.10/dist-packages/exercices/srv/_control_client.py
[3.778s] -- Installing: /home/student/Documents/ros2_JOUR1/ros2_ws/install/exercices/local/lib/python3.10/dist-packages/exercices/srv/_control_client_s.c
[3.778s] -- Installing: /home/student/Documents/ros2_JOUR1/ros2_ws/install/exercices/local/lib/python3.10/dist-packages/exercices/libexercices__rosidl_generator_py.so
[3.778s] -- Installing: /home/student/Documents/ros2_JOUR1/ros2_ws/install/exercices/local/lib/python3.10/dist-packages/exercices/_exercices_s.ep.rosidl_typesupport_introspection_c.c
[3.778s] -- Installing: /home/student/Documents/ros2_JOUR1/ros2_ws/install/exercices/local/lib/python3.10/dist-packages/exercices/_exercices_s.ep.rosidl_typesupport_fastrtps_c.c
[3.778s] -- Installing: /home/student/Documents/ros2_JOUR1/ros2_ws/install/exercices/local/lib/python3.10/dist-packages/exercices/exercices_s__rosidl_typesupport_c.cpython-310-x86_64-linux-gnu.so
[3.816s] Listing '/home/student/Documents/ros2_JOUR1/ros2_ws/install/exercices/local/lib/python3.10/dist-packages/exercices'...
[3.817s] Compiling '/home/student/Documents/ros2_JOUR1/ros2_ws/install/exercices/local/lib/python3.10/dist-packages/exercices/__init__.py'...
[3.817s] Listing '/home/student/Documents/ros2_JOUR1/ros2_ws/install/exercices/local/lib/python3.10/dist-packages/exercices/msg'...
[3.817s] Compiling '/home/student/Documents/ros2_JOUR1/ros2_ws/install/exercices/local/lib/python3.10/dist-packages/exercices/msg/__init__.py'...
[3.817s] Compiling '/home/student/Documents/ros2_JOUR1/ros2_ws/install/exercices/local/lib/python3.10/dist-packages/exercices/msg/_computer_info.py'...
[3.817s] Listing '/home/student/Documents/ros2_JOUR1/ros2_ws/install/exercices/local/lib/python3.10/dist-packages/exercices/srv'...
[3.817s] Compiling '/home/student/Documents/ros2_JOUR1/ros2_ws/install/exercices/local/lib/python3.10/dist-packages/exercices/srv/__init__.py'...
[3.817s] Compiling '/home/student/Documents/ros2_JOUR1/ros2_ws/install/exercices/local/lib/python3.10/dist-packages/exercices/srv/_control_client.py'...
[3.824s] -- Installing: /home/student/Documents/ros2_JOUR1/ros2_ws/install/exercices/local/lib/python3.10/dist-packages/exercices/exercices_s__rosidl_typesupport_fastrtps_c.cpython-310-x86_64-linux-gnu.so
[3.825s] -- Set runtime path of "/home/student/Documents/ros2_JOUR1/ros2_ws/install/exercices/local/lib/python3.10/dist-packages/exercices/exercices_s__rosidl_typesupport_fastrtps_c.cpython-310-x86_64-linux-gnu.so" to ""
[3.825s] -- Installing: /home/student/Documents/ros2_JOUR1/ros2_ws/install/exercices/local/lib/python3.10/dist-packages/exercices/exercices_s__rosidl_typesupport_introspection_c.cpython-310-x86_64-linux-gnu.so
[3.826s] -- Set runtime path of "/home/student/Documents/ros2_JOUR1/ros2_ws/install/exercices/local/lib/python3.10/dist-packages/exercices/exercices_s__rosidl_typesupport_introspection_c.cpython-310-x86_64-linux-gnu.so" to ""
[3.826s] -- Installing: /home/student/Documents/ros2_JOUR1/ros2_ws/install/exercices/local/lib/python3.10/dist-packages/exercices/exercices_s__rosidl_typesupport_c.cpython-310-x86_64-linux-gnu.so
[3.827s] -- Set runtime path of "/home/student/Documents/ros2_JOUR1/ros2_ws/install/exercices/local/lib/python3.10/dist-packages/exercices/exercices_s__rosidl_typesupport_c.cpython-310-x86_64-linux-gnu.so" to ""
[3.827s] -- Installing: /home/student/Documents/ros2_JOUR1/ros2_ws/install/exercices/lib/libexercices__rosidl_generator_py.so
[3.828s] -- Set runtime path of "/home/student/Documents/ros2_JOUR1/ros2_ws/install/exercices/lib/libexercices__rosidl_generator_py.so" to ""
[3.828s] -- Up-to-date: /home/student/Documents/ros2_JOUR1/ros2_ws/install/exercices/share/exercices/msg/ComputerInfo.idl
[3.828s] -- Installing: /home/student/Documents/ros2_JOUR1/ros2_ws/install/exercices/share/exercices/srv/ControlClient.idl
[3.828s] -- Up-to-date: /home/student/Documents/ros2_JOUR1/ros2_ws/install/exercices/share/exercices/msg/ComputerInfo.msg
[3.828s] -- Installing: /home/student/Documents/ros2_JOUR1/ros2_ws/install/exercices/share/exercices/srv/ControlClient.srv
[3.828s] -- Up-to-date: /home/student/Documents/ros2_JOUR1/ros2_ws/install/exercices/share/exercices/srv/ControlClient_Request.msg
[3.828s] -- Installing: /home/student/Documents/ros2_JOUR1/ros2_ws/install/exercices/share/exercices/srv/ControlClient_Response.msg
[3.829s] -- Up-to-date: /home/student/Documents/ros2_JOUR1/ros2_ws/install/exercices/lib/exercices/publisher_ex1.py
[3.829s] -- Up-to-date: /home/student/Documents/ros2_JOUR1/ros2_ws/install/exercices/lib/exercices/publisher_ex2.py
[3.829s] -- Up-to-date: /home/student/Documents/ros2_JOUR1/ros2_ws/install/exercices/lib/exercices/publisher_ex3.py
[3.829s] -- Up-to-date: /home/student/Documents/ros2_JOUR1/ros2_ws/install/exercices/lib/exercices/publisher_ex4.py
[3.829s] -- Up-to-date: /home/student/Documents/ros2_JOUR1/ros2_ws/install/exercices/lib/exercices/subscriber_ex1.py
[3.829s] -- Up-to-date: /home/student/Documents/ros2_JOUR1/ros2_ws/install/exercices/lib/exercices/subscriber_ex2.py
[3.829s] -- Up-to-date: /home/student/Documents/ros2_JOUR1/ros2_ws/install/exercices/lib/exercices/subscriber_ex3.py
[3.829s] -- Up-to-date: /home/student/Documents/ros2_JOUR1/ros2_ws/install/exercices/lib/exercices/subscriber_ex4.py
[3.830s] -- Up-to-date: /home/student/Documents/ros2_JOUR1/ros2_ws/install/exercices/lib/exercices/subscriber_ex5.py
[3.830s] -- Up-to-date: /home/student/Documents/ros2_JOUR1/ros2_ws/install/exercices/lib/exercices/node_ex6.py
[3.830s] -- Installing: /home/student/Documents/ros2_JOUR1/ros2_ws/install/exercices/lib/exercices/service_ex7.py
[3.830s] -- Installing: /home/student/Documents/ros2_JOUR1/ros2_ws/install/exercices/lib/exercices/node_client_ex7.py
[3.830s] -- Up-to-date: /home/student/Documents/ros2_JOUR1/ros2_ws/install/exercices/share/ament_index/resource_index/package_run_dependencies/exercices
[3.830s] -- Up-to-date: /home/student/Documents/ros2_JOUR1/ros2_ws/install/exercices/share/ament_index/resource_index/parent_prefix_path/exercices
[3.830s] -- Up-to-date: /home/student/Documents/ros2_JOUR1/ros2_ws/install/exercices/share/exercices/environment/ament_prefix_path.sh
[3.830s] -- Installing: /home/student/Documents/ros2_JOUR1/ros2_ws/install/exercices/share/exercices/environment/ament_prefix_path.dsv
[3.830s] -- Up-to-date: /home/student/Documents/ros2_JOUR1/ros2_ws/install/exercices/share/exercices/environment/path.sh
[3.830s] -- Installing: /home/student/Documents/ros2_JOUR1/ros2_ws/install/exercices/share/exercices/environment/path.dsv
[3.831s] -- Up-to-date: /home/student/Documents/ros2_JOUR1/ros2_ws/install/exercices/share/exercices/local_setup.bash
[3.831s] -- Up-to-date: /home/student/Documents/ros2_JOUR1/ros2_ws/install/exercices/share/exercices/local_setup.sh
[3.831s] -- Up-to-date: /home/student/Documents/ros2_JOUR1/ros2_ws/install/exercices/share/exercices/local_setup.zsh
[3.831s] -- Installing: /home/student/Documents/ros2_JOUR1/ros2_ws/install/exercices/share/exercices/local_setup.dsv
[3.831s] -- Installing: /home/student/Documents/ros2_JOUR1/ros2_ws/install/exercices/share/exercices/package.dsv
[3.831s] -- Up-to-date: /home/student/Documents/ros2_JOUR1/ros2_ws/install/exercices/share/ament_index/resource_index/packages/exercices
[3.831s] -- Up-to-date: /home/student/Documents/ros2_JOUR1/ros2_ws/install/exercices/share/exercices/cmake/export_exercices__rosidl_generator_cExport.cmake
[3.832s] -- Up-to-date: /home/student/Documents/ros2_JOUR1/ros2_ws/install/exercices/share/exercices/cmake/export_exercices__rosidl_generator_cExport-noconfig.cmake
[3.832s] -- Up-to-date: /home/student/Documents/ros2_JOUR1/ros2_ws/install/exercices/share/exercices/cmake/export_exercices__rosidl_typesupport_fastrtps_cExport.cmake
[3.832s] -- Up-to-date: /home/student/Documents/ros2_JOUR1/ros2_ws/install/exercices/share/exercices/cmake/export_exercices__rosidl_typesupport_fastrtps_cExport-noconfig.cmake
[3.832s] -- Up-to-date: /home/student/Documents/ros2_JOUR1/ros2_ws/install/exercices/share/exercices/cmake/exercices__rosidl_typesupport_introspection_cExport.cmake
[3.832s] -- Up-to-date: /home/student/Documents/ros2_JOUR1/ros2_ws/install/exercices/share/exercices/cmake/exercices__rosidl_typesupport_introspection_cExport-noconfig.cmake
[3.832s] -- Up-to-date: /home/student/Documents/ros2_JOUR1/ros2_ws/install/exercices/share/exercices/cmake/exercices__rosidl_typesupport_cExport.cmake
[3.832s] -- Up-to-date: /home/student/Documents/ros2_JOUR1/ros2_ws/install/exercices/share/exercices/cmake/exercices__rosidl_typesupport_cExport-noconfig.cmake
[3.832s] -- Up-to-date: /home/student/Documents/ros2_JOUR1/ros2_ws/install/exercices/share/exercices/cmake/export_exercices__rosidl_generator_cppExport.cmake
[3.832s] -- Up-to-date: /home/student/Documents/ros2_JOUR1/ros2_ws/install/exercices/share/exercices/cmake/export_exercices__rosidl_typesupport_fastrtps_cppExport.cmake
[3.833s] -- Up-to-date: /home/student/Documents/ros2_JOUR1/ros2_ws/install/exercices/share/exercices/cmake/export_exercices__rosidl_typesupport_fastrtps_cppExport-noconfig.cmake
[3.833s] -- Up-to-date: /home/student/Documents/ros2_JOUR1/ros2_ws/install/exercices/share/exercices/cmake/exercices__rosidl_typesupport_introspection_cppExport.cmake
[3.833s] -- Up-to-date: /home/student/Documents/ros2_JOUR1/ros2_ws/install/exercices/share/exercices/cmake/exercices__rosidl_typesupport_introspection_cppExport-noconfig.cmake
[3.833s] -- Up-to-date: /home/student/Documents/ros2_JOUR1/ros2_ws/install/exercices/share/exercices/cmake/exercices__rosidl_typesupport_cppExport.cmake
[3.833s] -- Up-to-date: /home/student/Documents/ros2_JOUR1/ros2_ws/install/exercices/share/exercices/cmake/exercices__rosidl_typesupport_cppExport-noconfig.cmake
[3.833s] -- Up-to-date: /home/student/Documents/ros2_JOUR1/ros2_ws/install/exercices/share/exercices/cmake/export_exercices__rosidl_generator_pyExport.cmake
[3.833s] -- Up-to-date: /home/student/Documents/ros2_JOUR1/ros2_ws/install/exercices/share/exercices/cmake/export_exercices__rosidl_generator_pyExport-noconfig.cmake
[3.833s] -- Up-to-date: /home/student/Documents/ros2_JOUR1/ros2_ws/install/exercices/share/exercices/cmake/rosidl_cmake-extras.cmake
[3.833s] -- Up-to-date: /home/student/Documents/ros2_JOUR1/ros2_ws/install/exercices/share/exercices/cmake/ament_cmake_export_include_directories-extras.cmake
[3.833s] -- Up-to-date: /home/student/Documents/ros2_JOUR1/ros2_ws/install/exercices/share/exercices/cmake/ament_cmake_export_libraries-extras.cmake
[3.833s] -- Up-to-date: /home/student/Documents/ros2_JOUR1/ros2_ws/install/exercices/share/exercices/cmake/ament_cmake_export_targets-extras.cmake
[3.834s] -- Up-to-date: /home/student/Documents/ros2_JOUR1/ros2_ws/install/exercices/share/exercices/cmake/rosidl_cmake_export_typesupport_targets-extras.cmake
[3.834s] -- Up-to-date: /home/student/Documents/ros2_JOUR1/ros2_ws/install/exercices/share/exercices/cmake/ament_cmake_export_dependencies-extras.cmake
[3.834s] -- Up-to-date: /home/student/Documents/ros2_JOUR1/ros2_ws/install/exercices/share/exercices/cmake/rosidl_cmake_export_typesupport_libraries-extras.cmake
[3.834s] -- Up-to-date: /home/student/Documents/ros2_JOUR1/ros2_ws/install/exercices/share/exercices/cmake/exercicesConfig.cmake
[3.834s] -- Up-to-date: /home/student/Documents/ros2_JOUR1/ros2_ws/install/exercices/share/exercices/cmake/exercicesConfig-version.cmake
[3.834s] -- Up-to-date: /home/student/Documents/ros2_JOUR1/ros2_ws/install/exercices/share/exercices/package.xml
[3.837s] Invoked command in '/home/student/Documents/ros2_JOUR1/ros2_ws/build/exercices' returned '0': CMAKE_PREFIX_PATH=${CMAKE_PREFIX_PATH}:/home/student/turtlebot3_ws/install/turtlebot3_teleop:/home/student/turtlebot3_ws/install/turtlebot3_example:/opt/ros/humble /usr/bin/cmake --install /home/student/Documents/ros2_JOUR1/ros2_ws/build/exercices
