-- Found ament_cmake: 1.3.12 (/opt/ros/humble/share/ament_cmake/cmake)
-- Found rclpy: 3.3.17 (/opt/ros/humble/share/rclpy/cmake)
-- Found rosidl_default_generators: 1.2.0 (/opt/ros/humble/share/rosidl_default_generators/cmake)
-- Using all available rosidl_typesupport_c: rosidl_typesupport_fastrtps_c;rosidl_typesupport_introspection_c
-- Found rosidl_adapter: 3.1.7 (/opt/ros/humble/share/rosidl_adapter/cmake)
-- Using all available rosidl_typesupport_cpp: rosidl_typesupport_fastrtps_cpp;rosidl_typesupport_introspection_cpp
-- Found ament_cmake_ros: 0.10.0 (/opt/ros/humble/share/ament_cmake_ros/cmake)
-- Using all available rosidl_typesupport_c: rosidl_typesupport_fastrtps_c;rosidl_typesupport_introspection_c
-- Using all available rosidl_typesupport_cpp: rosidl_typesupport_fastrtps_cpp;rosidl_typesupport_introspection_cpp
-- Found python_cmake_module: 0.10.0 (/opt/ros/humble/share/python_cmake_module/cmake)
-- Using PYTHON_EXECUTABLE: /usr/bin/python3
-- Using PYTHON_INCLUDE_DIRS: /usr/include/python3.10
-- Using PYTHON_LIBRARIES: /usr/lib/x86_64-linux-gnu/libpython3.10.so
-- Configuring done
-- Generating done
-- Build files have been written to: /home/student/Documents/ros2_JOUR1/ros2_ws/build/exercices
[35m[1mConsolidate compiler generated dependencies of target exercices__rosidl_generator_c[0m
[  3%] Built target exercices__cpp
[ 12%] Built target exercices__rosidl_generator_c
[ 12%] Built target ament_cmake_python_copy_exercices
[35m[1mConsolidate compiler generated dependencies of target exercices__rosidl_typesupport_cpp[0m
[35m[1mConsolidate compiler generated dependencies of target exercices__rosidl_typesupport_introspection_cpp[0m
[35m[1mConsolidate compiler generated dependencies of target exercices__rosidl_typesupport_fastrtps_cpp[0m
[35m[1mConsolidate compiler generated dependencies of target exercices__rosidl_typesupport_introspection_c[0m
[35m[1mConsolidate compiler generated dependencies of target exercices__rosidl_typesupport_fastrtps_c[0m
[35m[1mConsolidate compiler generated dependencies of target exercices__rosidl_typesupport_c[0m
[ 32%] Built target exercices__rosidl_typesupport_c
[ 41%] Built target exercices__rosidl_typesupport_fastrtps_cpp
[ 32%] Built target exercices__rosidl_typesupport_cpp
[ 51%] Built target exercices__rosidl_typesupport_introspection_c
[ 61%] Built target exercices__rosidl_typesupport_introspection_cpp
[ 70%] Built target exercices__rosidl_typesupport_fastrtps_c
[ 70%] Built target exercices
[ 74%] Built target exercices__py
[35m[1mConsolidate compiler generated dependencies of target exercices__rosidl_generator_py[0m
[ 80%] Built target exercices__rosidl_generator_py
[35m[1mConsolidate compiler generated dependencies of target exercices__rosidl_typesupport_fastrtps_c__pyext[0m
[35m[1mConsolidate compiler generated dependencies of target exercices__rosidl_typesupport_introspection_c__pyext[0m
[35m[1mConsolidate compiler generated dependencies of target exercices__rosidl_typesupport_c__pyext[0m
[ 87%] Built target exercices__rosidl_typesupport_fastrtps_c__pyext
[ 93%] Built target exercices__rosidl_typesupport_introspection_c__pyext
[100%] Built target exercices__rosidl_typesupport_c__pyext
running egg_info
writing exercices.egg-info/PKG-INFO
writing dependency_links to exercices.egg-info/dependency_links.txt
writing top-level names to exercices.egg-info/top_level.txt
reading manifest file 'exercices.egg-info/SOURCES.txt'
writing manifest file 'exercices.egg-info/SOURCES.txt'
[100%] Built target ament_cmake_python_build_exercices_egg
-- Install configuration: ""
-- Up-to-date: /home/student/Documents/ros2_JOUR1/ros2_ws/install/exercices/share/ament_index/resource_index/rosidl_interfaces/exercices
-- Up-to-date: /home/student/Documents/ros2_JOUR1/ros2_ws/install/exercices/include/exercices/exercices
-- Up-to-date: /home/student/Documents/ros2_JOUR1/ros2_ws/install/exercices/include/exercices/exercices/msg
-- Up-to-date: /home/student/Documents/ros2_JOUR1/ros2_ws/install/exercices/include/exercices/exercices/msg/computer_info.h
-- Up-to-date: /home/student/Documents/ros2_JOUR1/ros2_ws/install/exercices/include/exercices/exercices/msg/detail
-- Up-to-date: /home/student/Documents/ros2_JOUR1/ros2_ws/install/exercices/include/exercices/exercices/msg/detail/computer_info__type_support.h
-- Up-to-date: /home/student/Documents/ros2_JOUR1/ros2_ws/install/exercices/include/exercices/exercices/msg/detail/computer_info__struct.h
-- Up-to-date: /home/student/Documents/ros2_JOUR1/ros2_ws/install/exercices/include/exercices/exercices/msg/detail/computer_info__functions.h
-- Up-to-date: /home/student/Documents/ros2_JOUR1/ros2_ws/install/exercices/include/exercices/exercices/msg/detail/computer_info__functions.c
-- Up-to-date: /home/student/Documents/ros2_JOUR1/ros2_ws/install/exercices/include/exercices/exercices/msg/rosidl_generator_c__visibility_control.h
-- Up-to-date: /home/student/Documents/ros2_JOUR1/ros2_ws/install/exercices/share/exercices/environment/library_path.sh
-- Installing: /home/student/Documents/ros2_JOUR1/ros2_ws/install/exercices/share/exercices/environment/library_path.dsv
-- Up-to-date: /home/student/Documents/ros2_JOUR1/ros2_ws/install/exercices/lib/libexercices__rosidl_generator_c.so
-- Up-to-date: /home/student/Documents/ros2_JOUR1/ros2_ws/install/exercices/include/exercices/exercices
-- Up-to-date: /home/student/Documents/ros2_JOUR1/ros2_ws/install/exercices/include/exercices/exercices/msg
-- Up-to-date: /home/student/Documents/ros2_JOUR1/ros2_ws/install/exercices/include/exercices/exercices/msg/detail
-- Up-to-date: /home/student/Documents/ros2_JOUR1/ros2_ws/install/exercices/include/exercices/exercices/msg/detail/computer_info__rosidl_typesupport_fastrtps_c.h
-- Up-to-date: /home/student/Documents/ros2_JOUR1/ros2_ws/install/exercices/include/exercices/exercices/msg/rosidl_typesupport_fastrtps_c__visibility_control.h
-- Up-to-date: /home/student/Documents/ros2_JOUR1/ros2_ws/install/exercices/lib/libexercices__rosidl_typesupport_fastrtps_c.so
-- Up-to-date: /home/student/Documents/ros2_JOUR1/ros2_ws/install/exercices/include/exercices/exercices
-- Up-to-date: /home/student/Documents/ros2_JOUR1/ros2_ws/install/exercices/include/exercices/exercices/msg
-- Up-to-date: /home/student/Documents/ros2_JOUR1/ros2_ws/install/exercices/include/exercices/exercices/msg/detail
-- Up-to-date: /home/student/Documents/ros2_JOUR1/ros2_ws/install/exercices/include/exercices/exercices/msg/detail/computer_info__type_support.c
-- Up-to-date: /home/student/Documents/ros2_JOUR1/ros2_ws/install/exercices/include/exercices/exercices/msg/detail/computer_info__rosidl_typesupport_introspection_c.h
-- Up-to-date: /home/student/Documents/ros2_JOUR1/ros2_ws/install/exercices/include/exercices/exercices/msg/rosidl_typesupport_introspection_c__visibility_control.h
-- Up-to-date: /home/student/Documents/ros2_JOUR1/ros2_ws/install/exercices/lib/libexercices__rosidl_typesupport_introspection_c.so
-- Up-to-date: /home/student/Documents/ros2_JOUR1/ros2_ws/install/exercices/lib/libexercices__rosidl_typesupport_c.so
-- Up-to-date: /home/student/Documents/ros2_JOUR1/ros2_ws/install/exercices/include/exercices/exercices
-- Up-to-date: /home/student/Documents/ros2_JOUR1/ros2_ws/install/exercices/include/exercices/exercices/msg
-- Up-to-date: /home/student/Documents/ros2_JOUR1/ros2_ws/install/exercices/include/exercices/exercices/msg/computer_info.hpp
-- Up-to-date: /home/student/Documents/ros2_JOUR1/ros2_ws/install/exercices/include/exercices/exercices/msg/detail
-- Up-to-date: /home/student/Documents/ros2_JOUR1/ros2_ws/install/exercices/include/exercices/exercices/msg/detail/computer_info__traits.hpp
-- Up-to-date: /home/student/Documents/ros2_JOUR1/ros2_ws/install/exercices/include/exercices/exercices/msg/detail/computer_info__type_support.hpp
-- Up-to-date: /home/student/Documents/ros2_JOUR1/ros2_ws/install/exercices/include/exercices/exercices/msg/detail/computer_info__struct.hpp
-- Up-to-date: /home/student/Documents/ros2_JOUR1/ros2_ws/install/exercices/include/exercices/exercices/msg/detail/computer_info__builder.hpp
-- Up-to-date: /home/student/Documents/ros2_JOUR1/ros2_ws/install/exercices/include/exercices/exercices/msg/rosidl_generator_cpp__visibility_control.hpp
-- Up-to-date: /home/student/Documents/ros2_JOUR1/ros2_ws/install/exercices/include/exercices/exercices
-- Up-to-date: /home/student/Documents/ros2_JOUR1/ros2_ws/install/exercices/include/exercices/exercices/msg
-- Up-to-date: /home/student/Documents/ros2_JOUR1/ros2_ws/install/exercices/include/exercices/exercices/msg/detail
-- Up-to-date: /home/student/Documents/ros2_JOUR1/ros2_ws/install/exercices/include/exercices/exercices/msg/detail/dds_fastrtps
-- Up-to-date: /home/student/Documents/ros2_JOUR1/ros2_ws/install/exercices/include/exercices/exercices/msg/detail/computer_info__rosidl_typesupport_fastrtps_cpp.hpp
-- Up-to-date: /home/student/Documents/ros2_JOUR1/ros2_ws/install/exercices/include/exercices/exercices/msg/rosidl_typesupport_fastrtps_cpp__visibility_control.h
-- Up-to-date: /home/student/Documents/ros2_JOUR1/ros2_ws/install/exercices/lib/libexercices__rosidl_typesupport_fastrtps_cpp.so
-- Up-to-date: /home/student/Documents/ros2_JOUR1/ros2_ws/install/exercices/include/exercices/exercices
-- Up-to-date: /home/student/Documents/ros2_JOUR1/ros2_ws/install/exercices/include/exercices/exercices/msg
-- Up-to-date: /home/student/Documents/ros2_JOUR1/ros2_ws/install/exercices/include/exercices/exercices/msg/detail
-- Up-to-date: /home/student/Documents/ros2_JOUR1/ros2_ws/install/exercices/include/exercices/exercices/msg/detail/computer_info__type_support.cpp
-- Up-to-date: /home/student/Documents/ros2_JOUR1/ros2_ws/install/exercices/include/exercices/exercices/msg/detail/computer_info__rosidl_typesupport_introspection_cpp.hpp
-- Up-to-date: /home/student/Documents/ros2_JOUR1/ros2_ws/install/exercices/lib/libexercices__rosidl_typesupport_introspection_cpp.so
-- Up-to-date: /home/student/Documents/ros2_JOUR1/ros2_ws/install/exercices/lib/libexercices__rosidl_typesupport_cpp.so
-- Up-to-date: /home/student/Documents/ros2_JOUR1/ros2_ws/install/exercices/share/exercices/environment/pythonpath.sh
-- Installing: /home/student/Documents/ros2_JOUR1/ros2_ws/install/exercices/share/exercices/environment/pythonpath.dsv
-- Up-to-date: /home/student/Documents/ros2_JOUR1/ros2_ws/install/exercices/local/lib/python3.10/dist-packages/exercices-0.0.0-py3.10.egg-info
-- Installing: /home/student/Documents/ros2_JOUR1/ros2_ws/install/exercices/local/lib/python3.10/dist-packages/exercices-0.0.0-py3.10.egg-info/dependency_links.txt
-- Installing: /home/student/Documents/ros2_JOUR1/ros2_ws/install/exercices/local/lib/python3.10/dist-packages/exercices-0.0.0-py3.10.egg-info/top_level.txt
-- Installing: /home/student/Documents/ros2_JOUR1/ros2_ws/install/exercices/local/lib/python3.10/dist-packages/exercices-0.0.0-py3.10.egg-info/PKG-INFO
-- Installing: /home/student/Documents/ros2_JOUR1/ros2_ws/install/exercices/local/lib/python3.10/dist-packages/exercices-0.0.0-py3.10.egg-info/SOURCES.txt
-- Up-to-date: /home/student/Documents/ros2_JOUR1/ros2_ws/install/exercices/local/lib/python3.10/dist-packages/exercices
-- Installing: /home/student/Documents/ros2_JOUR1/ros2_ws/install/exercices/local/lib/python3.10/dist-packages/exercices/__init__.py
-- Up-to-date: /home/student/Documents/ros2_JOUR1/ros2_ws/install/exercices/local/lib/python3.10/dist-packages/exercices/_exercices_s.ep.rosidl_typesupport_c.c
-- Up-to-date: /home/student/Documents/ros2_JOUR1/ros2_ws/install/exercices/local/lib/python3.10/dist-packages/exercices/msg
-- Up-to-date: /home/student/Documents/ros2_JOUR1/ros2_ws/install/exercices/local/lib/python3.10/dist-packages/exercices/msg/__init__.py
-- Up-to-date: /home/student/Documents/ros2_JOUR1/ros2_ws/install/exercices/local/lib/python3.10/dist-packages/exercices/msg/_computer_info.py
-- Up-to-date: /home/student/Documents/ros2_JOUR1/ros2_ws/install/exercices/local/lib/python3.10/dist-packages/exercices/msg/_computer_info_s.c
-- Up-to-date: /home/student/Documents/ros2_JOUR1/ros2_ws/install/exercices/local/lib/python3.10/dist-packages/exercices/exercices_s__rosidl_typesupport_introspection_c.cpython-310-x86_64-linux-gnu.so
-- Up-to-date: /home/student/Documents/ros2_JOUR1/ros2_ws/install/exercices/local/lib/python3.10/dist-packages/exercices/exercices_s__rosidl_typesupport_fastrtps_c.cpython-310-x86_64-linux-gnu.so
-- Up-to-date: /home/student/Documents/ros2_JOUR1/ros2_ws/install/exercices/local/lib/python3.10/dist-packages/exercices/libexercices__rosidl_generator_py.so
-- Up-to-date: /home/student/Documents/ros2_JOUR1/ros2_ws/install/exercices/local/lib/python3.10/dist-packages/exercices/_exercices_s.ep.rosidl_typesupport_introspection_c.c
-- Up-to-date: /home/student/Documents/ros2_JOUR1/ros2_ws/install/exercices/local/lib/python3.10/dist-packages/exercices/_exercices_s.ep.rosidl_typesupport_fastrtps_c.c
-- Up-to-date: /home/student/Documents/ros2_JOUR1/ros2_ws/install/exercices/local/lib/python3.10/dist-packages/exercices/exercices_s__rosidl_typesupport_c.cpython-310-x86_64-linux-gnu.so
Listing '/home/student/Documents/ros2_JOUR1/ros2_ws/install/exercices/local/lib/python3.10/dist-packages/exercices'...
Compiling '/home/student/Documents/ros2_JOUR1/ros2_ws/install/exercices/local/lib/python3.10/dist-packages/exercices/__init__.py'...
Listing '/home/student/Documents/ros2_JOUR1/ros2_ws/install/exercices/local/lib/python3.10/dist-packages/exercices/msg'...
-- Up-to-date: /home/student/Documents/ros2_JOUR1/ros2_ws/install/exercices/local/lib/python3.10/dist-packages/exercices/exercices_s__rosidl_typesupport_fastrtps_c.cpython-310-x86_64-linux-gnu.so
-- Up-to-date: /home/student/Documents/ros2_JOUR1/ros2_ws/install/exercices/local/lib/python3.10/dist-packages/exercices/exercices_s__rosidl_typesupport_introspection_c.cpython-310-x86_64-linux-gnu.so
-- Up-to-date: /home/student/Documents/ros2_JOUR1/ros2_ws/install/exercices/local/lib/python3.10/dist-packages/exercices/exercices_s__rosidl_typesupport_c.cpython-310-x86_64-linux-gnu.so
-- Up-to-date: /home/student/Documents/ros2_JOUR1/ros2_ws/install/exercices/lib/libexercices__rosidl_generator_py.so
-- Up-to-date: /home/student/Documents/ros2_JOUR1/ros2_ws/install/exercices/share/exercices/msg/ComputerInfo.idl
-- Up-to-date: /home/student/Documents/ros2_JOUR1/ros2_ws/install/exercices/share/exercices/msg/ComputerInfo.msg
-- Installing: /home/student/Documents/ros2_JOUR1/ros2_ws/install/exercices/lib/exercices/publisher_ex1.py
-- Up-to-date: /home/student/Documents/ros2_JOUR1/ros2_ws/install/exercices/lib/exercices/publisher_ex2.py
-- Up-to-date: /home/student/Documents/ros2_JOUR1/ros2_ws/install/exercices/lib/exercices/publisher_ex3.py
-- Up-to-date: /home/student/Documents/ros2_JOUR1/ros2_ws/install/exercices/lib/exercices/publisher_ex4.py
-- Up-to-date: /home/student/Documents/ros2_JOUR1/ros2_ws/install/exercices/lib/exercices/subscriber_ex1.py
-- Up-to-date: /home/student/Documents/ros2_JOUR1/ros2_ws/install/exercices/lib/exercices/subscriber_ex2.py
-- Up-to-date: /home/student/Documents/ros2_JOUR1/ros2_ws/install/exercices/lib/exercices/subscriber_ex3.py
-- Installing: /home/student/Documents/ros2_JOUR1/ros2_ws/install/exercices/share/ament_index/resource_index/package_run_dependencies/exercices
-- Up-to-date: /home/student/Documents/ros2_JOUR1/ros2_ws/install/exercices/share/ament_index/resource_index/parent_prefix_path/exercices
-- Up-to-date: /home/student/Documents/ros2_JOUR1/ros2_ws/install/exercices/share/exercices/environment/ament_prefix_path.sh
-- Installing: /home/student/Documents/ros2_JOUR1/ros2_ws/install/exercices/share/exercices/environment/ament_prefix_path.dsv
-- Up-to-date: /home/student/Documents/ros2_JOUR1/ros2_ws/install/exercices/share/exercices/environment/path.sh
-- Installing: /home/student/Documents/ros2_JOUR1/ros2_ws/install/exercices/share/exercices/environment/path.dsv
-- Up-to-date: /home/student/Documents/ros2_JOUR1/ros2_ws/install/exercices/share/exercices/local_setup.bash
-- Up-to-date: /home/student/Documents/ros2_JOUR1/ros2_ws/install/exercices/share/exercices/local_setup.sh
-- Up-to-date: /home/student/Documents/ros2_JOUR1/ros2_ws/install/exercices/share/exercices/local_setup.zsh
-- Installing: /home/student/Documents/ros2_JOUR1/ros2_ws/install/exercices/share/exercices/local_setup.dsv
-- Installing: /home/student/Documents/ros2_JOUR1/ros2_ws/install/exercices/share/exercices/package.dsv
-- Up-to-date: /home/student/Documents/ros2_JOUR1/ros2_ws/install/exercices/share/ament_index/resource_index/packages/exercices
-- Up-to-date: /home/student/Documents/ros2_JOUR1/ros2_ws/install/exercices/share/exercices/cmake/export_exercices__rosidl_generator_cExport.cmake
-- Up-to-date: /home/student/Documents/ros2_JOUR1/ros2_ws/install/exercices/share/exercices/cmake/export_exercices__rosidl_generator_cExport-noconfig.cmake
-- Up-to-date: /home/student/Documents/ros2_JOUR1/ros2_ws/install/exercices/share/exercices/cmake/export_exercices__rosidl_typesupport_fastrtps_cExport.cmake
-- Up-to-date: /home/student/Documents/ros2_JOUR1/ros2_ws/install/exercices/share/exercices/cmake/export_exercices__rosidl_typesupport_fastrtps_cExport-noconfig.cmake
-- Up-to-date: /home/student/Documents/ros2_JOUR1/ros2_ws/install/exercices/share/exercices/cmake/exercices__rosidl_typesupport_introspection_cExport.cmake
-- Up-to-date: /home/student/Documents/ros2_JOUR1/ros2_ws/install/exercices/share/exercices/cmake/exercices__rosidl_typesupport_introspection_cExport-noconfig.cmake
-- Up-to-date: /home/student/Documents/ros2_JOUR1/ros2_ws/install/exercices/share/exercices/cmake/exercices__rosidl_typesupport_cExport.cmake
-- Up-to-date: /home/student/Documents/ros2_JOUR1/ros2_ws/install/exercices/share/exercices/cmake/exercices__rosidl_typesupport_cExport-noconfig.cmake
-- Up-to-date: /home/student/Documents/ros2_JOUR1/ros2_ws/install/exercices/share/exercices/cmake/export_exercices__rosidl_generator_cppExport.cmake
-- Up-to-date: /home/student/Documents/ros2_JOUR1/ros2_ws/install/exercices/share/exercices/cmake/export_exercices__rosidl_typesupport_fastrtps_cppExport.cmake
-- Up-to-date: /home/student/Documents/ros2_JOUR1/ros2_ws/install/exercices/share/exercices/cmake/export_exercices__rosidl_typesupport_fastrtps_cppExport-noconfig.cmake
-- Up-to-date: /home/student/Documents/ros2_JOUR1/ros2_ws/install/exercices/share/exercices/cmake/exercices__rosidl_typesupport_introspection_cppExport.cmake
-- Up-to-date: /home/student/Documents/ros2_JOUR1/ros2_ws/install/exercices/share/exercices/cmake/exercices__rosidl_typesupport_introspection_cppExport-noconfig.cmake
-- Up-to-date: /home/student/Documents/ros2_JOUR1/ros2_ws/install/exercices/share/exercices/cmake/exercices__rosidl_typesupport_cppExport.cmake
-- Up-to-date: /home/student/Documents/ros2_JOUR1/ros2_ws/install/exercices/share/exercices/cmake/exercices__rosidl_typesupport_cppExport-noconfig.cmake
-- Up-to-date: /home/student/Documents/ros2_JOUR1/ros2_ws/install/exercices/share/exercices/cmake/export_exercices__rosidl_generator_pyExport.cmake
-- Up-to-date: /home/student/Documents/ros2_JOUR1/ros2_ws/install/exercices/share/exercices/cmake/export_exercices__rosidl_generator_pyExport-noconfig.cmake
-- Up-to-date: /home/student/Documents/ros2_JOUR1/ros2_ws/install/exercices/share/exercices/cmake/rosidl_cmake-extras.cmake
-- Up-to-date: /home/student/Documents/ros2_JOUR1/ros2_ws/install/exercices/share/exercices/cmake/ament_cmake_export_include_directories-extras.cmake
-- Up-to-date: /home/student/Documents/ros2_JOUR1/ros2_ws/install/exercices/share/exercices/cmake/ament_cmake_export_libraries-extras.cmake
-- Up-to-date: /home/student/Documents/ros2_JOUR1/ros2_ws/install/exercices/share/exercices/cmake/ament_cmake_export_targets-extras.cmake
-- Up-to-date: /home/student/Documents/ros2_JOUR1/ros2_ws/install/exercices/share/exercices/cmake/rosidl_cmake_export_typesupport_targets-extras.cmake
-- Up-to-date: /home/student/Documents/ros2_JOUR1/ros2_ws/install/exercices/share/exercices/cmake/ament_cmake_export_dependencies-extras.cmake
-- Up-to-date: /home/student/Documents/ros2_JOUR1/ros2_ws/install/exercices/share/exercices/cmake/rosidl_cmake_export_typesupport_libraries-extras.cmake
-- Up-to-date: /home/student/Documents/ros2_JOUR1/ros2_ws/install/exercices/share/exercices/cmake/exercicesConfig.cmake
-- Up-to-date: /home/student/Documents/ros2_JOUR1/ros2_ws/install/exercices/share/exercices/cmake/exercicesConfig-version.cmake
-- Installing: /home/student/Documents/ros2_JOUR1/ros2_ws/install/exercices/share/exercices/package.xml
