[0.013s] Invoking command in '/home/student/Documents/ros2_JOUR1/ros2_ws/build/exercices': CMAKE_PREFIX_PATH=${CMAKE_PREFIX_PATH}:/home/student/turtlebot3_ws/install/turtlebot3_teleop:/home/student/turtlebot3_ws/install/turtlebot3_example:/opt/ros/humble /usr/bin/cmake --build /home/student/Documents/ros2_JOUR1/ros2_ws/build/exercices -- -j8 -l8
[0.070s] [  3%] Built target exercices__cpp
[0.070s] [ 12%] Built target exercices__rosidl_generator_c
[0.080s] [ 12%] Built target ament_cmake_python_copy_exercices
[0.099s] [ 22%] Built target exercices__rosidl_typesupport_cpp
[0.099s] [ 41%] Built target exercices__rosidl_typesupport_fastrtps_cpp
[0.099s] [ 41%] Built target exercices__rosidl_typesupport_introspection_cpp
[0.106s] [ 51%] Built target exercices__rosidl_typesupport_c
[0.108s] [ 61%] Built target exercices__rosidl_typesupport_introspection_c
[0.110s] [ 70%] Built target exercices__rosidl_typesupport_fastrtps_c
[0.136s] [ 70%] Built target exercices
[0.158s] [ 74%] Built target exercices__py
[0.181s] [ 80%] Built target exercices__rosidl_generator_py
[0.206s] [100%] Built target exercices__rosidl_typesupport_introspection_c__pyext
[0.206s] [100%] Built target exercices__rosidl_typesupport_fastrtps_c__pyext
[0.206s] [100%] Built target exercices__rosidl_typesupport_c__pyext
[0.381s] running egg_info
[0.382s] writing exercices.egg-info/PKG-INFO
[0.382s] writing dependency_links to exercices.egg-info/dependency_links.txt
[0.382s] writing top-level names to exercices.egg-info/top_level.txt
[0.385s] reading manifest file 'exercices.egg-info/SOURCES.txt'
[0.386s] writing manifest file 'exercices.egg-info/SOURCES.txt'
[0.412s] [100%] Built target ament_cmake_python_build_exercices_egg
[0.429s] Invoked command in '/home/student/Documents/ros2_JOUR1/ros2_ws/build/exercices' returned '0': CMAKE_PREFIX_PATH=${CMAKE_PREFIX_PATH}:/home/student/turtlebot3_ws/install/turtlebot3_teleop:/home/student/turtlebot3_ws/install/turtlebot3_example:/opt/ros/humble /usr/bin/cmake --build /home/student/Documents/ros2_JOUR1/ros2_ws/build/exercices -- -j8 -l8
[0.441s] Invoking command in '/home/student/Documents/ros2_JOUR1/ros2_ws/build/exercices': CMAKE_PREFIX_PATH=${CMAKE_PREFIX_PATH}:/home/student/turtlebot3_ws/install/turtlebot3_teleop:/home/student/turtlebot3_ws/install/turtlebot3_example:/opt/ros/humble /usr/bin/cmake --install /home/student/Documents/ros2_JOUR1/ros2_ws/build/exercices
[0.455s] -- Install configuration: ""
[0.455s] -- Up-to-date: /home/student/Documents/ros2_JOUR1/ros2_ws/install/exercices/share/ament_index/resource_index/rosidl_interfaces/exercices
[0.455s] -- Up-to-date: /home/student/Documents/ros2_JOUR1/ros2_ws/install/exercices/include/exercices/exercices
[0.455s] -- Up-to-date: /home/student/Documents/ros2_JOUR1/ros2_ws/install/exercices/include/exercices/exercices/msg
[0.456s] -- Up-to-date: /home/student/Documents/ros2_JOUR1/ros2_ws/install/exercices/include/exercices/exercices/msg/computer_info.h
[0.456s] -- Up-to-date: /home/student/Documents/ros2_JOUR1/ros2_ws/install/exercices/include/exercices/exercices/msg/detail
[0.456s] -- Up-to-date: /home/student/Documents/ros2_JOUR1/ros2_ws/install/exercices/include/exercices/exercices/msg/detail/computer_info__type_support.h
[0.456s] -- Up-to-date: /home/student/Documents/ros2_JOUR1/ros2_ws/install/exercices/include/exercices/exercices/msg/detail/computer_info__struct.h
[0.456s] -- Up-to-date: /home/student/Documents/ros2_JOUR1/ros2_ws/install/exercices/include/exercices/exercices/msg/detail/computer_info__functions.h
[0.456s] -- Up-to-date: /home/student/Documents/ros2_JOUR1/ros2_ws/install/exercices/include/exercices/exercices/msg/detail/computer_info__functions.c
[0.456s] -- Up-to-date: /home/student/Documents/ros2_JOUR1/ros2_ws/install/exercices/include/exercices/exercices/msg/rosidl_generator_c__visibility_control.h
[0.456s] -- Up-to-date: /home/student/Documents/ros2_JOUR1/ros2_ws/install/exercices/share/exercices/environment/library_path.sh
[0.456s] -- Up-to-date: /home/student/Documents/ros2_JOUR1/ros2_ws/install/exercices/share/exercices/environment/library_path.dsv
[0.456s] -- Up-to-date: /home/student/Documents/ros2_JOUR1/ros2_ws/install/exercices/lib/libexercices__rosidl_generator_c.so
[0.457s] -- Up-to-date: /home/student/Documents/ros2_JOUR1/ros2_ws/install/exercices/include/exercices/exercices
[0.457s] -- Up-to-date: /home/student/Documents/ros2_JOUR1/ros2_ws/install/exercices/include/exercices/exercices/msg
[0.457s] -- Up-to-date: /home/student/Documents/ros2_JOUR1/ros2_ws/install/exercices/include/exercices/exercices/msg/detail
[0.457s] -- Up-to-date: /home/student/Documents/ros2_JOUR1/ros2_ws/install/exercices/include/exercices/exercices/msg/detail/computer_info__rosidl_typesupport_fastrtps_c.h
[0.457s] -- Up-to-date: /home/student/Documents/ros2_JOUR1/ros2_ws/install/exercices/include/exercices/exercices/msg/rosidl_typesupport_fastrtps_c__visibility_control.h
[0.457s] -- Up-to-date: /home/student/Documents/ros2_JOUR1/ros2_ws/install/exercices/lib/libexercices__rosidl_typesupport_fastrtps_c.so
[0.458s] -- Up-to-date: /home/student/Documents/ros2_JOUR1/ros2_ws/install/exercices/include/exercices/exercices
[0.458s] -- Up-to-date: /home/student/Documents/ros2_JOUR1/ros2_ws/install/exercices/include/exercices/exercices/msg
[0.458s] -- Up-to-date: /home/student/Documents/ros2_JOUR1/ros2_ws/install/exercices/include/exercices/exercices/msg/detail
[0.459s] -- Up-to-date: /home/student/Documents/ros2_JOUR1/ros2_ws/install/exercices/include/exercices/exercices/msg/detail/computer_info__type_support.c
[0.459s] -- Up-to-date: /home/student/Documents/ros2_JOUR1/ros2_ws/install/exercices/include/exercices/exercices/msg/detail/computer_info__rosidl_typesupport_introspection_c.h
[0.459s] -- Up-to-date: /home/student/Documents/ros2_JOUR1/ros2_ws/install/exercices/include/exercices/exercices/msg/rosidl_typesupport_introspection_c__visibility_control.h
[0.459s] -- Up-to-date: /home/student/Documents/ros2_JOUR1/ros2_ws/install/exercices/lib/libexercices__rosidl_typesupport_introspection_c.so
[0.460s] -- Up-to-date: /home/student/Documents/ros2_JOUR1/ros2_ws/install/exercices/lib/libexercices__rosidl_typesupport_c.so
[0.460s] -- Up-to-date: /home/student/Documents/ros2_JOUR1/ros2_ws/install/exercices/include/exercices/exercices
[0.460s] -- Up-to-date: /home/student/Documents/ros2_JOUR1/ros2_ws/install/exercices/include/exercices/exercices/msg
[0.461s] -- Up-to-date: /home/student/Documents/ros2_JOUR1/ros2_ws/install/exercices/include/exercices/exercices/msg/computer_info.hpp
[0.461s] -- Up-to-date: /home/student/Documents/ros2_JOUR1/ros2_ws/install/exercices/include/exercices/exercices/msg/detail
[0.461s] -- Up-to-date: /home/student/Documents/ros2_JOUR1/ros2_ws/install/exercices/include/exercices/exercices/msg/detail/computer_info__traits.hpp
[0.461s] -- Up-to-date: /home/student/Documents/ros2_JOUR1/ros2_ws/install/exercices/include/exercices/exercices/msg/detail/computer_info__type_support.hpp
[0.461s] -- Up-to-date: /home/student/Documents/ros2_JOUR1/ros2_ws/install/exercices/include/exercices/exercices/msg/detail/computer_info__struct.hpp
[0.461s] -- Up-to-date: /home/student/Documents/ros2_JOUR1/ros2_ws/install/exercices/include/exercices/exercices/msg/detail/computer_info__builder.hpp
[0.461s] -- Up-to-date: /home/student/Documents/ros2_JOUR1/ros2_ws/install/exercices/include/exercices/exercices/msg/rosidl_generator_cpp__visibility_control.hpp
[0.461s] -- Up-to-date: /home/student/Documents/ros2_JOUR1/ros2_ws/install/exercices/include/exercices/exercices
[0.461s] -- Up-to-date: /home/student/Documents/ros2_JOUR1/ros2_ws/install/exercices/include/exercices/exercices/msg
[0.462s] -- Up-to-date: /home/student/Documents/ros2_JOUR1/ros2_ws/install/exercices/include/exercices/exercices/msg/detail
[0.462s] -- Up-to-date: /home/student/Documents/ros2_JOUR1/ros2_ws/install/exercices/include/exercices/exercices/msg/detail/dds_fastrtps
[0.462s] -- Up-to-date: /home/student/Documents/ros2_JOUR1/ros2_ws/install/exercices/include/exercices/exercices/msg/detail/computer_info__rosidl_typesupport_fastrtps_cpp.hpp
[0.462s] -- Up-to-date: /home/student/Documents/ros2_JOUR1/ros2_ws/install/exercices/include/exercices/exercices/msg/rosidl_typesupport_fastrtps_cpp__visibility_control.h
[0.462s] -- Up-to-date: /home/student/Documents/ros2_JOUR1/ros2_ws/install/exercices/lib/libexercices__rosidl_typesupport_fastrtps_cpp.so
[0.462s] -- Up-to-date: /home/student/Documents/ros2_JOUR1/ros2_ws/install/exercices/include/exercices/exercices
[0.462s] -- Up-to-date: /home/student/Documents/ros2_JOUR1/ros2_ws/install/exercices/include/exercices/exercices/msg
[0.462s] -- Up-to-date: /home/student/Documents/ros2_JOUR1/ros2_ws/install/exercices/include/exercices/exercices/msg/detail
[0.463s] -- Up-to-date: /home/student/Documents/ros2_JOUR1/ros2_ws/install/exercices/include/exercices/exercices/msg/detail/computer_info__type_support.cpp
[0.463s] -- Up-to-date: /home/student/Documents/ros2_JOUR1/ros2_ws/install/exercices/include/exercices/exercices/msg/detail/computer_info__rosidl_typesupport_introspection_cpp.hpp
[0.463s] -- Up-to-date: /home/student/Documents/ros2_JOUR1/ros2_ws/install/exercices/lib/libexercices__rosidl_typesupport_introspection_cpp.so
[0.464s] -- Up-to-date: /home/student/Documents/ros2_JOUR1/ros2_ws/install/exercices/lib/libexercices__rosidl_typesupport_cpp.so
[0.464s] -- Up-to-date: /home/student/Documents/ros2_JOUR1/ros2_ws/install/exercices/share/exercices/environment/pythonpath.sh
[0.464s] -- Up-to-date: /home/student/Documents/ros2_JOUR1/ros2_ws/install/exercices/share/exercices/environment/pythonpath.dsv
[0.465s] -- Up-to-date: /home/student/Documents/ros2_JOUR1/ros2_ws/install/exercices/local/lib/python3.10/dist-packages/exercices-0.0.0-py3.10.egg-info
[0.465s] -- Installing: /home/student/Documents/ros2_JOUR1/ros2_ws/install/exercices/local/lib/python3.10/dist-packages/exercices-0.0.0-py3.10.egg-info/dependency_links.txt
[0.465s] -- Installing: /home/student/Documents/ros2_JOUR1/ros2_ws/install/exercices/local/lib/python3.10/dist-packages/exercices-0.0.0-py3.10.egg-info/top_level.txt
[0.465s] -- Installing: /home/student/Documents/ros2_JOUR1/ros2_ws/install/exercices/local/lib/python3.10/dist-packages/exercices-0.0.0-py3.10.egg-info/PKG-INFO
[0.465s] -- Installing: /home/student/Documents/ros2_JOUR1/ros2_ws/install/exercices/local/lib/python3.10/dist-packages/exercices-0.0.0-py3.10.egg-info/SOURCES.txt
[0.466s] -- Up-to-date: /home/student/Documents/ros2_JOUR1/ros2_ws/install/exercices/local/lib/python3.10/dist-packages/exercices
[0.466s] -- Up-to-date: /home/student/Documents/ros2_JOUR1/ros2_ws/install/exercices/local/lib/python3.10/dist-packages/exercices/__init__.py
[0.466s] -- Up-to-date: /home/student/Documents/ros2_JOUR1/ros2_ws/install/exercices/local/lib/python3.10/dist-packages/exercices/_exercices_s.ep.rosidl_typesupport_c.c
[0.466s] -- Up-to-date: /home/student/Documents/ros2_JOUR1/ros2_ws/install/exercices/local/lib/python3.10/dist-packages/exercices/msg
[0.466s] -- Up-to-date: /home/student/Documents/ros2_JOUR1/ros2_ws/install/exercices/local/lib/python3.10/dist-packages/exercices/msg/__init__.py
[0.466s] -- Up-to-date: /home/student/Documents/ros2_JOUR1/ros2_ws/install/exercices/local/lib/python3.10/dist-packages/exercices/msg/_computer_info.py
[0.466s] -- Up-to-date: /home/student/Documents/ros2_JOUR1/ros2_ws/install/exercices/local/lib/python3.10/dist-packages/exercices/msg/_computer_info_s.c
[0.466s] -- Up-to-date: /home/student/Documents/ros2_JOUR1/ros2_ws/install/exercices/local/lib/python3.10/dist-packages/exercices/exercices_s__rosidl_typesupport_introspection_c.cpython-310-x86_64-linux-gnu.so
[0.467s] -- Up-to-date: /home/student/Documents/ros2_JOUR1/ros2_ws/install/exercices/local/lib/python3.10/dist-packages/exercices/exercices_s__rosidl_typesupport_fastrtps_c.cpython-310-x86_64-linux-gnu.so
[0.467s] -- Up-to-date: /home/student/Documents/ros2_JOUR1/ros2_ws/install/exercices/local/lib/python3.10/dist-packages/exercices/libexercices__rosidl_generator_py.so
[0.467s] -- Up-to-date: /home/student/Documents/ros2_JOUR1/ros2_ws/install/exercices/local/lib/python3.10/dist-packages/exercices/_exercices_s.ep.rosidl_typesupport_introspection_c.c
[0.467s] -- Up-to-date: /home/student/Documents/ros2_JOUR1/ros2_ws/install/exercices/local/lib/python3.10/dist-packages/exercices/_exercices_s.ep.rosidl_typesupport_fastrtps_c.c
[0.467s] -- Up-to-date: /home/student/Documents/ros2_JOUR1/ros2_ws/install/exercices/local/lib/python3.10/dist-packages/exercices/exercices_s__rosidl_typesupport_c.cpython-310-x86_64-linux-gnu.so
[0.525s] Listing '/home/student/Documents/ros2_JOUR1/ros2_ws/install/exercices/local/lib/python3.10/dist-packages/exercices'...
[0.525s] Listing '/home/student/Documents/ros2_JOUR1/ros2_ws/install/exercices/local/lib/python3.10/dist-packages/exercices/msg'...
[0.533s] -- Up-to-date: /home/student/Documents/ros2_JOUR1/ros2_ws/install/exercices/local/lib/python3.10/dist-packages/exercices/exercices_s__rosidl_typesupport_fastrtps_c.cpython-310-x86_64-linux-gnu.so
[0.533s] -- Up-to-date: /home/student/Documents/ros2_JOUR1/ros2_ws/install/exercices/local/lib/python3.10/dist-packages/exercices/exercices_s__rosidl_typesupport_introspection_c.cpython-310-x86_64-linux-gnu.so
[0.534s] -- Up-to-date: /home/student/Documents/ros2_JOUR1/ros2_ws/install/exercices/local/lib/python3.10/dist-packages/exercices/exercices_s__rosidl_typesupport_c.cpython-310-x86_64-linux-gnu.so
[0.534s] -- Up-to-date: /home/student/Documents/ros2_JOUR1/ros2_ws/install/exercices/lib/libexercices__rosidl_generator_py.so
[0.535s] -- Up-to-date: /home/student/Documents/ros2_JOUR1/ros2_ws/install/exercices/share/exercices/msg/ComputerInfo.idl
[0.535s] -- Up-to-date: /home/student/Documents/ros2_JOUR1/ros2_ws/install/exercices/share/exercices/msg/ComputerInfo.msg
[0.535s] -- Up-to-date: /home/student/Documents/ros2_JOUR1/ros2_ws/install/exercices/lib/exercices/publisher_ex1.py
[0.535s] -- Up-to-date: /home/student/Documents/ros2_JOUR1/ros2_ws/install/exercices/lib/exercices/publisher_ex2.py
[0.535s] -- Up-to-date: /home/student/Documents/ros2_JOUR1/ros2_ws/install/exercices/lib/exercices/publisher_ex3.py
[0.535s] -- Up-to-date: /home/student/Documents/ros2_JOUR1/ros2_ws/install/exercices/lib/exercices/publisher_ex4.py
[0.536s] -- Up-to-date: /home/student/Documents/ros2_JOUR1/ros2_ws/install/exercices/lib/exercices/subscriber_ex1.py
[0.536s] -- Up-to-date: /home/student/Documents/ros2_JOUR1/ros2_ws/install/exercices/lib/exercices/subscriber_ex2.py
[0.536s] -- Up-to-date: /home/student/Documents/ros2_JOUR1/ros2_ws/install/exercices/lib/exercices/subscriber_ex3.py
[0.536s] -- Up-to-date: /home/student/Documents/ros2_JOUR1/ros2_ws/install/exercices/lib/exercices/subscriber_ex4.py
[0.536s] -- Up-to-date: /home/student/Documents/ros2_JOUR1/ros2_ws/install/exercices/lib/exercices/subscriber_ex5.py
[0.536s] -- Installing: /home/student/Documents/ros2_JOUR1/ros2_ws/install/exercices/lib/exercices/node_ex6.py
[0.536s] -- Up-to-date: /home/student/Documents/ros2_JOUR1/ros2_ws/install/exercices/share/ament_index/resource_index/package_run_dependencies/exercices
[0.537s] -- Up-to-date: /home/student/Documents/ros2_JOUR1/ros2_ws/install/exercices/share/ament_index/resource_index/parent_prefix_path/exercices
[0.537s] -- Up-to-date: /home/student/Documents/ros2_JOUR1/ros2_ws/install/exercices/share/exercices/environment/ament_prefix_path.sh
[0.537s] -- Up-to-date: /home/student/Documents/ros2_JOUR1/ros2_ws/install/exercices/share/exercices/environment/ament_prefix_path.dsv
[0.537s] -- Up-to-date: /home/student/Documents/ros2_JOUR1/ros2_ws/install/exercices/share/exercices/environment/path.sh
[0.537s] -- Up-to-date: /home/student/Documents/ros2_JOUR1/ros2_ws/install/exercices/share/exercices/environment/path.dsv
[0.537s] -- Up-to-date: /home/student/Documents/ros2_JOUR1/ros2_ws/install/exercices/share/exercices/local_setup.bash
[0.537s] -- Up-to-date: /home/student/Documents/ros2_JOUR1/ros2_ws/install/exercices/share/exercices/local_setup.sh
[0.538s] -- Up-to-date: /home/student/Documents/ros2_JOUR1/ros2_ws/install/exercices/share/exercices/local_setup.zsh
[0.538s] -- Up-to-date: /home/student/Documents/ros2_JOUR1/ros2_ws/install/exercices/share/exercices/local_setup.dsv
[0.538s] -- Installing: /home/student/Documents/ros2_JOUR1/ros2_ws/install/exercices/share/exercices/package.dsv
[0.538s] -- Up-to-date: /home/student/Documents/ros2_JOUR1/ros2_ws/install/exercices/share/ament_index/resource_index/packages/exercices
[0.538s] -- Up-to-date: /home/student/Documents/ros2_JOUR1/ros2_ws/install/exercices/share/exercices/cmake/export_exercices__rosidl_generator_cExport.cmake
[0.538s] -- Up-to-date: /home/student/Documents/ros2_JOUR1/ros2_ws/install/exercices/share/exercices/cmake/export_exercices__rosidl_generator_cExport-noconfig.cmake
[0.538s] -- Up-to-date: /home/student/Documents/ros2_JOUR1/ros2_ws/install/exercices/share/exercices/cmake/export_exercices__rosidl_typesupport_fastrtps_cExport.cmake
[0.538s] -- Up-to-date: /home/student/Documents/ros2_JOUR1/ros2_ws/install/exercices/share/exercices/cmake/export_exercices__rosidl_typesupport_fastrtps_cExport-noconfig.cmake
[0.538s] -- Up-to-date: /home/student/Documents/ros2_JOUR1/ros2_ws/install/exercices/share/exercices/cmake/exercices__rosidl_typesupport_introspection_cExport.cmake
[0.539s] -- Up-to-date: /home/student/Documents/ros2_JOUR1/ros2_ws/install/exercices/share/exercices/cmake/exercices__rosidl_typesupport_introspection_cExport-noconfig.cmake
[0.539s] -- Up-to-date: /home/student/Documents/ros2_JOUR1/ros2_ws/install/exercices/share/exercices/cmake/exercices__rosidl_typesupport_cExport.cmake
[0.539s] -- Up-to-date: /home/student/Documents/ros2_JOUR1/ros2_ws/install/exercices/share/exercices/cmake/exercices__rosidl_typesupport_cExport-noconfig.cmake
[0.539s] -- Up-to-date: /home/student/Documents/ros2_JOUR1/ros2_ws/install/exercices/share/exercices/cmake/export_exercices__rosidl_generator_cppExport.cmake
[0.539s] -- Up-to-date: /home/student/Documents/ros2_JOUR1/ros2_ws/install/exercices/share/exercices/cmake/export_exercices__rosidl_typesupport_fastrtps_cppExport.cmake
[0.539s] -- Up-to-date: /home/student/Documents/ros2_JOUR1/ros2_ws/install/exercices/share/exercices/cmake/export_exercices__rosidl_typesupport_fastrtps_cppExport-noconfig.cmake
[0.539s] -- Up-to-date: /home/student/Documents/ros2_JOUR1/ros2_ws/install/exercices/share/exercices/cmake/exercices__rosidl_typesupport_introspection_cppExport.cmake
[0.539s] -- Up-to-date: /home/student/Documents/ros2_JOUR1/ros2_ws/install/exercices/share/exercices/cmake/exercices__rosidl_typesupport_introspection_cppExport-noconfig.cmake
[0.539s] -- Up-to-date: /home/student/Documents/ros2_JOUR1/ros2_ws/install/exercices/share/exercices/cmake/exercices__rosidl_typesupport_cppExport.cmake
[0.539s] -- Up-to-date: /home/student/Documents/ros2_JOUR1/ros2_ws/install/exercices/share/exercices/cmake/exercices__rosidl_typesupport_cppExport-noconfig.cmake
[0.539s] -- Up-to-date: /home/student/Documents/ros2_JOUR1/ros2_ws/install/exercices/share/exercices/cmake/export_exercices__rosidl_generator_pyExport.cmake
[0.539s] -- Up-to-date: /home/student/Documents/ros2_JOUR1/ros2_ws/install/exercices/share/exercices/cmake/export_exercices__rosidl_generator_pyExport-noconfig.cmake
[0.539s] -- Up-to-date: /home/student/Documents/ros2_JOUR1/ros2_ws/install/exercices/share/exercices/cmake/rosidl_cmake-extras.cmake
[0.539s] -- Up-to-date: /home/student/Documents/ros2_JOUR1/ros2_ws/install/exercices/share/exercices/cmake/ament_cmake_export_include_directories-extras.cmake
[0.539s] -- Up-to-date: /home/student/Documents/ros2_JOUR1/ros2_ws/install/exercices/share/exercices/cmake/ament_cmake_export_libraries-extras.cmake
[0.539s] -- Up-to-date: /home/student/Documents/ros2_JOUR1/ros2_ws/install/exercices/share/exercices/cmake/ament_cmake_export_targets-extras.cmake
[0.540s] -- Up-to-date: /home/student/Documents/ros2_JOUR1/ros2_ws/install/exercices/share/exercices/cmake/rosidl_cmake_export_typesupport_targets-extras.cmake
[0.540s] -- Up-to-date: /home/student/Documents/ros2_JOUR1/ros2_ws/install/exercices/share/exercices/cmake/ament_cmake_export_dependencies-extras.cmake
[0.540s] -- Up-to-date: /home/student/Documents/ros2_JOUR1/ros2_ws/install/exercices/share/exercices/cmake/rosidl_cmake_export_typesupport_libraries-extras.cmake
[0.540s] -- Up-to-date: /home/student/Documents/ros2_JOUR1/ros2_ws/install/exercices/share/exercices/cmake/exercicesConfig.cmake
[0.540s] -- Up-to-date: /home/student/Documents/ros2_JOUR1/ros2_ws/install/exercices/share/exercices/cmake/exercicesConfig-version.cmake
[0.541s] -- Up-to-date: /home/student/Documents/ros2_JOUR1/ros2_ws/install/exercices/share/exercices/package.xml
[0.541s] Invoked command in '/home/student/Documents/ros2_JOUR1/ros2_ws/build/exercices' returned '0': CMAKE_PREFIX_PATH=${CMAKE_PREFIX_PATH}:/home/student/turtlebot3_ws/install/turtlebot3_teleop:/home/student/turtlebot3_ws/install/turtlebot3_example:/opt/ros/humble /usr/bin/cmake --install /home/student/Documents/ros2_JOUR1/ros2_ws/build/exercices
