running egg_info
writing ../../build/exercices/exercices.egg-info/PKG-INFO
writing dependency_links to ../../build/exercices/exercices.egg-info/dependency_links.txt
writing entry points to ../../build/exercices/exercices.egg-info/entry_points.txt
writing requirements to ../../build/exercices/exercices.egg-info/requires.txt
writing top-level names to ../../build/exercices/exercices.egg-info/top_level.txt
reading manifest file '../../build/exercices/exercices.egg-info/SOURCES.txt'
adding license file 'LICENSE'
writing manifest file '../../build/exercices/exercices.egg-info/SOURCES.txt'
running build
running build_py
running install
running install_lib
running install_data
running install_egg_info
removing '/home/student/Documents/ros2_JOUR1/ros2_ws/install/exercices/lib/python3.10/site-packages/exercices-0.0.0-py3.10.egg-info' (and everything under it)
Copying ../../build/exercices/exercices.egg-info to /home/student/Documents/ros2_JOUR1/ros2_ws/install/exercices/lib/python3.10/site-packages/exercices-0.0.0-py3.10.egg-info
running install_scripts
Installing publisher_ex1 script to /home/student/Documents/ros2_JOUR1/ros2_ws/install/exercices/lib/exercices
Installing publisher_ex2 script to /home/student/Documents/ros2_JOUR1/ros2_ws/install/exercices/lib/exercices
Installing subscriber_ex1 script to /home/student/Documents/ros2_JOUR1/ros2_ws/install/exercices/lib/exercices
Installing subscriber_ex2 script to /home/student/Documents/ros2_JOUR1/ros2_ws/install/exercices/lib/exercices
writing list of installed files to '/home/student/Documents/ros2_JOUR1/ros2_ws/build/exercices/install.log'
