[0.112s] DEBUG:colcon:Command line arguments: ['/usr/bin/colcon', 'build']
[0.113s] DEBUG:colcon:Parsed command line arguments: Namespace(log_base=None, log_level=None, verb_name='build', build_base='build', install_base='install', merge_install=False, symlink_install=False, test_result_base=None, continue_on_error=False, executor='parallel', parallel_workers=8, event_handlers=None, ignore_user_meta=False, metas=['./colcon.meta'], base_paths=['.'], packages_ignore=None, packages_ignore_regex=None, paths=None, packages_up_to=None, packages_up_to_regex=None, packages_above=None, packages_above_and_dependencies=None, packages_above_depth=None, packages_select_by_dep=None, packages_skip_by_dep=None, packages_skip_up_to=None, packages_select_build_failed=False, packages_skip_build_finished=False, packages_select_test_failures=False, packages_skip_test_passed=False, packages_select=None, packages_skip=None, packages_select_regex=None, packages_skip_regex=None, packages_start=None, packages_end=None, allow_overriding=[], cmake_args=None, cmake_target=None, cmake_target_skip_unavailable=False, cmake_clean_cache=False, cmake_clean_first=False, cmake_force_configure=False, ament_cmake_args=None, catkin_cmake_args=None, catkin_skip_building_tests=False, mixin_files=None, mixin=None, verb_parser=<colcon_mixin.mixin.mixin_argument.MixinArgumentDecorator object at 0x7218a451c3d0>, verb_extension=<colcon_core.verb.build.BuildVerb object at 0x7218a46892d0>, main=<bound method BuildVerb.main of <colcon_core.verb.build.BuildVerb object at 0x7218a46892d0>>, mixin_verb=('build',))
[0.277s] Level 1:colcon.colcon_core.package_discovery:discover_packages(colcon_meta) check parameters
[0.277s] Level 1:colcon.colcon_core.package_discovery:discover_packages(recursive) check parameters
[0.277s] Level 1:colcon.colcon_core.package_discovery:discover_packages(ignore) check parameters
[0.278s] Level 1:colcon.colcon_core.package_discovery:discover_packages(path) check parameters
[0.278s] Level 1:colcon.colcon_core.package_discovery:discover_packages(colcon_meta) discover
[0.278s] Level 1:colcon.colcon_core.package_discovery:discover_packages(recursive) discover
[0.278s] INFO:colcon.colcon_core.package_discovery:Crawling recursively for packages in '/home/student/Documents/ros2_JOUR1/ros2_ws'
[0.278s] Level 1:colcon.colcon_core.package_identification:_identify(.) by extensions ['ignore', 'ignore_ament_install']
[0.278s] Level 1:colcon.colcon_core.package_identification:_identify(.) by extension 'ignore'
[0.278s] Level 1:colcon.colcon_core.package_identification:_identify(.) by extension 'ignore_ament_install'
[0.278s] Level 1:colcon.colcon_core.package_identification:_identify(.) by extensions ['colcon_pkg']
[0.278s] Level 1:colcon.colcon_core.package_identification:_identify(.) by extension 'colcon_pkg'
[0.278s] Level 1:colcon.colcon_core.package_identification:_identify(.) by extensions ['colcon_meta']
[0.278s] Level 1:colcon.colcon_core.package_identification:_identify(.) by extension 'colcon_meta'
[0.278s] Level 1:colcon.colcon_core.package_identification:_identify(.) by extensions ['ros']
[0.278s] Level 1:colcon.colcon_core.package_identification:_identify(.) by extension 'ros'
[0.287s] Level 1:colcon.colcon_core.package_identification:_identify(.) by extensions ['cmake', 'python']
[0.288s] Level 1:colcon.colcon_core.package_identification:_identify(.) by extension 'cmake'
[0.288s] Level 1:colcon.colcon_core.package_identification:_identify(.) by extension 'python'
[0.288s] Level 1:colcon.colcon_core.package_identification:_identify(.) by extensions ['python_setup_py']
[0.288s] Level 1:colcon.colcon_core.package_identification:_identify(.) by extension 'python_setup_py'
[0.288s] Level 1:colcon.colcon_core.package_identification:_identify(build) by extensions ['ignore', 'ignore_ament_install']
[0.288s] Level 1:colcon.colcon_core.package_identification:_identify(build) by extension 'ignore'
[0.288s] Level 1:colcon.colcon_core.package_identification:_identify(build) ignored
[0.288s] Level 1:colcon.colcon_core.package_identification:_identify(install) by extensions ['ignore', 'ignore_ament_install']
[0.288s] Level 1:colcon.colcon_core.package_identification:_identify(install) by extension 'ignore'
[0.288s] Level 1:colcon.colcon_core.package_identification:_identify(install) ignored
[0.288s] Level 1:colcon.colcon_core.package_identification:_identify(log) by extensions ['ignore', 'ignore_ament_install']
[0.288s] Level 1:colcon.colcon_core.package_identification:_identify(log) by extension 'ignore'
[0.288s] Level 1:colcon.colcon_core.package_identification:_identify(log) ignored
[0.288s] Level 1:colcon.colcon_core.package_identification:_identify(src) by extensions ['ignore', 'ignore_ament_install']
[0.288s] Level 1:colcon.colcon_core.package_identification:_identify(src) by extension 'ignore'
[0.288s] Level 1:colcon.colcon_core.package_identification:_identify(src) by extension 'ignore_ament_install'
[0.289s] Level 1:colcon.colcon_core.package_identification:_identify(src) by extensions ['colcon_pkg']
[0.289s] Level 1:colcon.colcon_core.package_identification:_identify(src) by extension 'colcon_pkg'
[0.289s] Level 1:colcon.colcon_core.package_identification:_identify(src) by extensions ['colcon_meta']
[0.289s] Level 1:colcon.colcon_core.package_identification:_identify(src) by extension 'colcon_meta'
[0.289s] Level 1:colcon.colcon_core.package_identification:_identify(src) by extensions ['ros']
[0.289s] Level 1:colcon.colcon_core.package_identification:_identify(src) by extension 'ros'
[0.289s] Level 1:colcon.colcon_core.package_identification:_identify(src) by extensions ['cmake', 'python']
[0.289s] Level 1:colcon.colcon_core.package_identification:_identify(src) by extension 'cmake'
[0.289s] Level 1:colcon.colcon_core.package_identification:_identify(src) by extension 'python'
[0.289s] Level 1:colcon.colcon_core.package_identification:_identify(src) by extensions ['python_setup_py']
[0.289s] Level 1:colcon.colcon_core.package_identification:_identify(src) by extension 'python_setup_py'
[0.289s] Level 1:colcon.colcon_core.package_identification:_identify(src/exercices) by extensions ['ignore', 'ignore_ament_install']
[0.289s] Level 1:colcon.colcon_core.package_identification:_identify(src/exercices) by extension 'ignore'
[0.289s] Level 1:colcon.colcon_core.package_identification:_identify(src/exercices) by extension 'ignore_ament_install'
[0.289s] Level 1:colcon.colcon_core.package_identification:_identify(src/exercices) by extensions ['colcon_pkg']
[0.289s] Level 1:colcon.colcon_core.package_identification:_identify(src/exercices) by extension 'colcon_pkg'
[0.289s] Level 1:colcon.colcon_core.package_identification:_identify(src/exercices) by extensions ['colcon_meta']
[0.289s] Level 1:colcon.colcon_core.package_identification:_identify(src/exercices) by extension 'colcon_meta'
[0.289s] Level 1:colcon.colcon_core.package_identification:_identify(src/exercices) by extensions ['ros']
[0.289s] Level 1:colcon.colcon_core.package_identification:_identify(src/exercices) by extension 'ros'
[0.291s] DEBUG:colcon.colcon_core.package_identification:Package 'src/exercices' with type 'ros.ament_cmake' and name 'exercices'
[0.291s] Level 1:colcon.colcon_core.package_discovery:discover_packages(recursive) using defaults
[0.291s] Level 1:colcon.colcon_core.package_discovery:discover_packages(ignore) discover
[0.291s] Level 1:colcon.colcon_core.package_discovery:discover_packages(ignore) using defaults
[0.291s] Level 1:colcon.colcon_core.package_discovery:discover_packages(path) discover
[0.291s] Level 1:colcon.colcon_core.package_discovery:discover_packages(path) using defaults
[0.317s] Level 1:colcon.colcon_core.package_discovery:discover_packages(prefix_path) check parameters
[0.317s] Level 1:colcon.colcon_core.package_discovery:discover_packages(prefix_path) discover
[0.318s] WARNING:colcon.colcon_core.prefix_path.colcon:The path '/home/student/Documents/ros2_JOUR1/ros2_ws/src/install' in the environment variable COLCON_PREFIX_PATH doesn't exist
[0.318s] WARNING:colcon.colcon_ros.prefix_path.ament:The path '/home/student/Documents/ros2_JOUR1/ros2_ws/src/install/exercices' in the environment variable AMENT_PREFIX_PATH doesn't exist
[0.318s] WARNING:colcon.colcon_ros.prefix_path.ament:The path '/home/student/Documents/ros2_JOUR1/ros2_ws/install/exercices' in the environment variable AMENT_PREFIX_PATH doesn't exist
[0.319s] WARNING:colcon.colcon_ros.prefix_path.catkin:The path '/home/student/Documents/ros2_JOUR1/ros2_ws/install/exercices' in the environment variable CMAKE_PREFIX_PATH doesn't exist
[0.319s] WARNING:colcon.colcon_ros.prefix_path.catkin:The path '/home/student/Documents/ros2_JOUR1/ros2_ws/src/install/exercices' in the environment variable CMAKE_PREFIX_PATH doesn't exist
[0.319s] DEBUG:colcon.colcon_installed_package_information.package_discovery:Found 0 installed packages in /home/student/Documents/ros2_JOUR1/ros2_ws/install
[0.320s] DEBUG:colcon.colcon_installed_package_information.package_discovery:Found 12 installed packages in /home/student/turtlebot3_ws/install
[0.322s] DEBUG:colcon.colcon_installed_package_information.package_discovery:Found 431 installed packages in /opt/ros/humble
[0.324s] Level 1:colcon.colcon_core.package_discovery:discover_packages(prefix_path) using defaults
[0.381s] Level 5:colcon.colcon_core.verb:set package 'exercices' build argument 'cmake_args' from command line to 'None'
[0.381s] Level 5:colcon.colcon_core.verb:set package 'exercices' build argument 'cmake_target' from command line to 'None'
[0.381s] Level 5:colcon.colcon_core.verb:set package 'exercices' build argument 'cmake_target_skip_unavailable' from command line to 'False'
[0.381s] Level 5:colcon.colcon_core.verb:set package 'exercices' build argument 'cmake_clean_cache' from command line to 'False'
[0.381s] Level 5:colcon.colcon_core.verb:set package 'exercices' build argument 'cmake_clean_first' from command line to 'False'
[0.381s] Level 5:colcon.colcon_core.verb:set package 'exercices' build argument 'cmake_force_configure' from command line to 'False'
[0.381s] Level 5:colcon.colcon_core.verb:set package 'exercices' build argument 'ament_cmake_args' from command line to 'None'
[0.381s] Level 5:colcon.colcon_core.verb:set package 'exercices' build argument 'catkin_cmake_args' from command line to 'None'
[0.381s] Level 5:colcon.colcon_core.verb:set package 'exercices' build argument 'catkin_skip_building_tests' from command line to 'False'
[0.381s] DEBUG:colcon.colcon_core.verb:Building package 'exercices' with the following arguments: {'ament_cmake_args': None, 'build_base': '/home/student/Documents/ros2_JOUR1/ros2_ws/build/exercices', 'catkin_cmake_args': None, 'catkin_skip_building_tests': False, 'cmake_args': None, 'cmake_clean_cache': False, 'cmake_clean_first': False, 'cmake_force_configure': False, 'cmake_target': None, 'cmake_target_skip_unavailable': False, 'install_base': '/home/student/Documents/ros2_JOUR1/ros2_ws/install/exercices', 'merge_install': False, 'path': '/home/student/Documents/ros2_JOUR1/ros2_ws/src/exercices', 'symlink_install': False, 'test_result_base': None}
[0.381s] INFO:colcon.colcon_core.executor:Executing jobs using 'parallel' executor
[0.382s] DEBUG:colcon.colcon_parallel_executor.executor.parallel:run_until_complete
[0.382s] INFO:colcon.colcon_ros.task.ament_cmake.build:Building ROS package in '/home/student/Documents/ros2_JOUR1/ros2_ws/src/exercices' with build type 'ament_cmake'
[0.383s] INFO:colcon.colcon_cmake.task.cmake.build:Building CMake package in '/home/student/Documents/ros2_JOUR1/ros2_ws/src/exercices'
[0.385s] INFO:colcon.colcon_core.plugin_system:Skipping extension 'colcon_core.shell.bat': Not used on non-Windows systems
[0.385s] INFO:colcon.colcon_core.shell:Skip shell extension 'powershell' for command environment: Not usable outside of PowerShell
[0.385s] DEBUG:colcon.colcon_core.shell:Skip shell extension 'dsv' for command environment
[0.394s] DEBUG:colcon.colcon_core.event_handler.log_command:Invoking command in '/home/student/Documents/ros2_JOUR1/ros2_ws/build/exercices': CMAKE_PREFIX_PATH=${CMAKE_PREFIX_PATH}:/home/student/turtlebot3_ws/install/turtlebot3_teleop:/home/student/turtlebot3_ws/install/turtlebot3_example:/opt/ros/humble /usr/bin/cmake /home/student/Documents/ros2_JOUR1/ros2_ws/src/exercices -DCMAKE_INSTALL_PREFIX=/home/student/Documents/ros2_JOUR1/ros2_ws/install/exercices
[1.999s] DEBUG:colcon.colcon_core.event_handler.log_command:Invoked command in '/home/student/Documents/ros2_JOUR1/ros2_ws/build/exercices' returned '0': CMAKE_PREFIX_PATH=${CMAKE_PREFIX_PATH}:/home/student/turtlebot3_ws/install/turtlebot3_teleop:/home/student/turtlebot3_ws/install/turtlebot3_example:/opt/ros/humble /usr/bin/cmake /home/student/Documents/ros2_JOUR1/ros2_ws/src/exercices -DCMAKE_INSTALL_PREFIX=/home/student/Documents/ros2_JOUR1/ros2_ws/install/exercices
[2.002s] DEBUG:colcon.colcon_core.event_handler.log_command:Invoking command in '/home/student/Documents/ros2_JOUR1/ros2_ws/build/exercices': CMAKE_PREFIX_PATH=${CMAKE_PREFIX_PATH}:/home/student/turtlebot3_ws/install/turtlebot3_teleop:/home/student/turtlebot3_ws/install/turtlebot3_example:/opt/ros/humble /usr/bin/cmake --build /home/student/Documents/ros2_JOUR1/ros2_ws/build/exercices -- -j8 -l8
[3.955s] DEBUG:colcon.colcon_core.event_handler.log_command:Invoked command in '/home/student/Documents/ros2_JOUR1/ros2_ws/build/exercices' returned '0': CMAKE_PREFIX_PATH=${CMAKE_PREFIX_PATH}:/home/student/turtlebot3_ws/install/turtlebot3_teleop:/home/student/turtlebot3_ws/install/turtlebot3_example:/opt/ros/humble /usr/bin/cmake --build /home/student/Documents/ros2_JOUR1/ros2_ws/build/exercices -- -j8 -l8
[3.965s] DEBUG:colcon.colcon_core.event_handler.log_command:Invoking command in '/home/student/Documents/ros2_JOUR1/ros2_ws/build/exercices': CMAKE_PREFIX_PATH=${CMAKE_PREFIX_PATH}:/home/student/turtlebot3_ws/install/turtlebot3_teleop:/home/student/turtlebot3_ws/install/turtlebot3_example:/opt/ros/humble /usr/bin/cmake --install /home/student/Documents/ros2_JOUR1/ros2_ws/build/exercices
[4.044s] Level 1:colcon.colcon_core.environment:create_environment_scripts_only(exercices)
[4.045s] DEBUG:colcon.colcon_core.event_handler.log_command:Invoked command in '/home/student/Documents/ros2_JOUR1/ros2_ws/build/exercices' returned '0': CMAKE_PREFIX_PATH=${CMAKE_PREFIX_PATH}:/home/student/turtlebot3_ws/install/turtlebot3_teleop:/home/student/turtlebot3_ws/install/turtlebot3_example:/opt/ros/humble /usr/bin/cmake --install /home/student/Documents/ros2_JOUR1/ros2_ws/build/exercices
[4.047s] Level 1:colcon.colcon_core.environment:checking '/home/student/Documents/ros2_JOUR1/ros2_ws/install/exercices' for CMake module files
[4.047s] Level 1:colcon.colcon_core.environment:checking '/home/student/Documents/ros2_JOUR1/ros2_ws/install/exercices' for CMake config files
[4.048s] Level 1:colcon.colcon_core.shell:create_environment_hook('exercices', 'cmake_prefix_path')
[4.048s] INFO:colcon.colcon_core.shell:Creating environment hook '/home/student/Documents/ros2_JOUR1/ros2_ws/install/exercices/share/exercices/hook/cmake_prefix_path.ps1'
[4.049s] INFO:colcon.colcon_core.shell:Creating environment descriptor '/home/student/Documents/ros2_JOUR1/ros2_ws/install/exercices/share/exercices/hook/cmake_prefix_path.dsv'
[4.049s] INFO:colcon.colcon_core.shell:Creating environment hook '/home/student/Documents/ros2_JOUR1/ros2_ws/install/exercices/share/exercices/hook/cmake_prefix_path.sh'
[4.050s] Level 1:colcon.colcon_core.environment:checking '/home/student/Documents/ros2_JOUR1/ros2_ws/install/exercices/lib'
[4.050s] Level 1:colcon.colcon_core.shell:create_environment_hook('exercices', 'ld_library_path_lib')
[4.050s] INFO:colcon.colcon_core.shell:Creating environment hook '/home/student/Documents/ros2_JOUR1/ros2_ws/install/exercices/share/exercices/hook/ld_library_path_lib.ps1'
[4.051s] INFO:colcon.colcon_core.shell:Creating environment descriptor '/home/student/Documents/ros2_JOUR1/ros2_ws/install/exercices/share/exercices/hook/ld_library_path_lib.dsv'
[4.051s] INFO:colcon.colcon_core.shell:Creating environment hook '/home/student/Documents/ros2_JOUR1/ros2_ws/install/exercices/share/exercices/hook/ld_library_path_lib.sh'
[4.051s] Level 1:colcon.colcon_core.environment:checking '/home/student/Documents/ros2_JOUR1/ros2_ws/install/exercices/bin'
[4.051s] Level 1:colcon.colcon_core.environment:checking '/home/student/Documents/ros2_JOUR1/ros2_ws/install/exercices/lib/pkgconfig/exercices.pc'
[4.051s] Level 1:colcon.colcon_core.environment:checking '/home/student/Documents/ros2_JOUR1/ros2_ws/install/exercices/lib/python3.10/site-packages'
[4.052s] Level 1:colcon.colcon_core.environment:checking '/home/student/Documents/ros2_JOUR1/ros2_ws/install/exercices/bin'
[4.052s] INFO:colcon.colcon_core.shell:Creating package script '/home/student/Documents/ros2_JOUR1/ros2_ws/install/exercices/share/exercices/package.ps1'
[4.053s] INFO:colcon.colcon_core.shell:Creating package descriptor '/home/student/Documents/ros2_JOUR1/ros2_ws/install/exercices/share/exercices/package.dsv'
[4.053s] INFO:colcon.colcon_core.shell:Creating package script '/home/student/Documents/ros2_JOUR1/ros2_ws/install/exercices/share/exercices/package.sh'
[4.054s] INFO:colcon.colcon_core.shell:Creating package script '/home/student/Documents/ros2_JOUR1/ros2_ws/install/exercices/share/exercices/package.bash'
[4.054s] INFO:colcon.colcon_core.shell:Creating package script '/home/student/Documents/ros2_JOUR1/ros2_ws/install/exercices/share/exercices/package.zsh'
[4.055s] Level 1:colcon.colcon_core.environment:create_file_with_runtime_dependencies(/home/student/Documents/ros2_JOUR1/ros2_ws/install/exercices/share/colcon-core/packages/exercices)
[4.056s] Level 1:colcon.colcon_core.environment:create_environment_scripts_only(exercices)
[4.056s] Level 1:colcon.colcon_core.environment:checking '/home/student/Documents/ros2_JOUR1/ros2_ws/install/exercices' for CMake module files
[4.056s] Level 1:colcon.colcon_core.environment:checking '/home/student/Documents/ros2_JOUR1/ros2_ws/install/exercices' for CMake config files
[4.057s] Level 1:colcon.colcon_core.shell:create_environment_hook('exercices', 'cmake_prefix_path')
[4.057s] INFO:colcon.colcon_core.shell:Creating environment hook '/home/student/Documents/ros2_JOUR1/ros2_ws/install/exercices/share/exercices/hook/cmake_prefix_path.ps1'
[4.057s] INFO:colcon.colcon_core.shell:Creating environment descriptor '/home/student/Documents/ros2_JOUR1/ros2_ws/install/exercices/share/exercices/hook/cmake_prefix_path.dsv'
[4.058s] INFO:colcon.colcon_core.shell:Creating environment hook '/home/student/Documents/ros2_JOUR1/ros2_ws/install/exercices/share/exercices/hook/cmake_prefix_path.sh'
[4.058s] Level 1:colcon.colcon_core.environment:checking '/home/student/Documents/ros2_JOUR1/ros2_ws/install/exercices/lib'
[4.058s] Level 1:colcon.colcon_core.shell:create_environment_hook('exercices', 'ld_library_path_lib')
[4.058s] INFO:colcon.colcon_core.shell:Creating environment hook '/home/student/Documents/ros2_JOUR1/ros2_ws/install/exercices/share/exercices/hook/ld_library_path_lib.ps1'
[4.059s] INFO:colcon.colcon_core.shell:Creating environment descriptor '/home/student/Documents/ros2_JOUR1/ros2_ws/install/exercices/share/exercices/hook/ld_library_path_lib.dsv'
[4.059s] INFO:colcon.colcon_core.shell:Creating environment hook '/home/student/Documents/ros2_JOUR1/ros2_ws/install/exercices/share/exercices/hook/ld_library_path_lib.sh'
[4.059s] Level 1:colcon.colcon_core.environment:checking '/home/student/Documents/ros2_JOUR1/ros2_ws/install/exercices/bin'
[4.059s] Level 1:colcon.colcon_core.environment:checking '/home/student/Documents/ros2_JOUR1/ros2_ws/install/exercices/lib/pkgconfig/exercices.pc'
[4.059s] Level 1:colcon.colcon_core.environment:checking '/home/student/Documents/ros2_JOUR1/ros2_ws/install/exercices/lib/python3.10/site-packages'
[4.060s] Level 1:colcon.colcon_core.environment:checking '/home/student/Documents/ros2_JOUR1/ros2_ws/install/exercices/bin'
[4.060s] INFO:colcon.colcon_core.shell:Creating package script '/home/student/Documents/ros2_JOUR1/ros2_ws/install/exercices/share/exercices/package.ps1'
[4.061s] INFO:colcon.colcon_core.shell:Creating package descriptor '/home/student/Documents/ros2_JOUR1/ros2_ws/install/exercices/share/exercices/package.dsv'
[4.061s] INFO:colcon.colcon_core.shell:Creating package script '/home/student/Documents/ros2_JOUR1/ros2_ws/install/exercices/share/exercices/package.sh'
[4.061s] INFO:colcon.colcon_core.shell:Creating package script '/home/student/Documents/ros2_JOUR1/ros2_ws/install/exercices/share/exercices/package.bash'
[4.062s] INFO:colcon.colcon_core.shell:Creating package script '/home/student/Documents/ros2_JOUR1/ros2_ws/install/exercices/share/exercices/package.zsh'
[4.062s] Level 1:colcon.colcon_core.environment:create_file_with_runtime_dependencies(/home/student/Documents/ros2_JOUR1/ros2_ws/install/exercices/share/colcon-core/packages/exercices)
[4.062s] DEBUG:colcon.colcon_parallel_executor.executor.parallel:closing loop
[4.062s] DEBUG:colcon.colcon_parallel_executor.executor.parallel:loop closed
[4.063s] DEBUG:colcon.colcon_parallel_executor.executor.parallel:run_until_complete finished with '0'
[4.063s] DEBUG:colcon.colcon_core.event_reactor:joining thread
[4.068s] INFO:colcon.colcon_core.plugin_system:Skipping extension 'colcon_notification.desktop_notification.terminal_notifier': Not used on non-Darwin systems
[4.068s] INFO:colcon.colcon_core.plugin_system:Skipping extension 'colcon_notification.desktop_notification.win32': Not used on non-Windows systems
[4.068s] INFO:colcon.colcon_notification.desktop_notification:Sending desktop notification using 'notify2'
[4.081s] DEBUG:colcon.colcon_core.event_reactor:joined thread
[4.081s] INFO:colcon.colcon_core.shell:Creating prefix script '/home/student/Documents/ros2_JOUR1/ros2_ws/install/local_setup.ps1'
[4.082s] INFO:colcon.colcon_core.shell:Creating prefix util module '/home/student/Documents/ros2_JOUR1/ros2_ws/install/_local_setup_util_ps1.py'
[4.083s] INFO:colcon.colcon_core.shell:Creating prefix chain script '/home/student/Documents/ros2_JOUR1/ros2_ws/install/setup.ps1'
[4.085s] INFO:colcon.colcon_core.shell:Creating prefix script '/home/student/Documents/ros2_JOUR1/ros2_ws/install/local_setup.sh'
[4.086s] INFO:colcon.colcon_core.shell:Creating prefix util module '/home/student/Documents/ros2_JOUR1/ros2_ws/install/_local_setup_util_sh.py'
[4.086s] INFO:colcon.colcon_core.shell:Creating prefix chain script '/home/student/Documents/ros2_JOUR1/ros2_ws/install/setup.sh'
[4.088s] INFO:colcon.colcon_core.shell:Creating prefix script '/home/student/Documents/ros2_JOUR1/ros2_ws/install/local_setup.bash'
[4.088s] INFO:colcon.colcon_core.shell:Creating prefix chain script '/home/student/Documents/ros2_JOUR1/ros2_ws/install/setup.bash'
[4.090s] INFO:colcon.colcon_core.shell:Creating prefix script '/home/student/Documents/ros2_JOUR1/ros2_ws/install/local_setup.zsh'
[4.090s] INFO:colcon.colcon_core.shell:Creating prefix chain script '/home/student/Documents/ros2_JOUR1/ros2_ws/install/setup.zsh'
