[0.722s] Invoking command in '/home/student/Documents/ros2_JOUR1/ros2_ws/src/exercices': PYTHONPATH=/home/student/Documents/ros2_JOUR1/ros2_ws/build/exercices/prefix_override:/usr/lib/python3/dist-packages/colcon_core/task/python/colcon_distutils_commands:/home/student/Documents/ros2_JOUR1/ros2_ws/install/exercices/lib/python3.10/site-packages:${PYTHONPATH} /usr/bin/python3 -W ignore:setup.py install is deprecated -W ignore:easy_install command is deprecated setup.py egg_info --egg-base ../../build/exercices build --build-base /home/student/Documents/ros2_JOUR1/ros2_ws/build/exercices/build install --record /home/student/Documents/ros2_JOUR1/ros2_ws/build/exercices/install.log --single-version-externally-managed install_data
[1.055s] running egg_info
[1.056s] writing ../../build/exercices/exercices.egg-info/PKG-INFO
[1.057s] writing dependency_links to ../../build/exercices/exercices.egg-info/dependency_links.txt
[1.057s] writing entry points to ../../build/exercices/exercices.egg-info/entry_points.txt
[1.057s] writing requirements to ../../build/exercices/exercices.egg-info/requires.txt
[1.057s] writing top-level names to ../../build/exercices/exercices.egg-info/top_level.txt
[1.061s] reading manifest file '../../build/exercices/exercices.egg-info/SOURCES.txt'
[1.061s] adding license file 'LICENSE'
[1.063s] writing manifest file '../../build/exercices/exercices.egg-info/SOURCES.txt'
[1.063s] running build
[1.064s] running build_py
[1.064s] copying exercices/publisher_ex1.py -> /home/student/Documents/ros2_JOUR1/ros2_ws/build/exercices/build/lib/exercices
[1.064s] copying exercices/publisher_ex2.py -> /home/student/Documents/ros2_JOUR1/ros2_ws/build/exercices/build/lib/exercices
[1.065s] running install
[1.065s] running install_lib
[1.067s] copying /home/student/Documents/ros2_JOUR1/ros2_ws/build/exercices/build/lib/exercices/publisher_ex1.py -> /home/student/Documents/ros2_JOUR1/ros2_ws/install/exercices/lib/python3.10/site-packages/exercices
[1.067s] copying /home/student/Documents/ros2_JOUR1/ros2_ws/build/exercices/build/lib/exercices/publisher_ex2.py -> /home/student/Documents/ros2_JOUR1/ros2_ws/install/exercices/lib/python3.10/site-packages/exercices
[1.068s] byte-compiling /home/student/Documents/ros2_JOUR1/ros2_ws/install/exercices/lib/python3.10/site-packages/exercices/publisher_ex1.py to publisher_ex1.cpython-310.pyc
[1.069s] byte-compiling /home/student/Documents/ros2_JOUR1/ros2_ws/install/exercices/lib/python3.10/site-packages/exercices/publisher_ex2.py to publisher_ex2.cpython-310.pyc
[1.069s] running install_data
[1.070s] running install_egg_info
[1.073s] removing '/home/student/Documents/ros2_JOUR1/ros2_ws/install/exercices/lib/python3.10/site-packages/exercices-0.0.0-py3.10.egg-info' (and everything under it)
[1.074s] Copying ../../build/exercices/exercices.egg-info to /home/student/Documents/ros2_JOUR1/ros2_ws/install/exercices/lib/python3.10/site-packages/exercices-0.0.0-py3.10.egg-info
[1.075s] running install_scripts
[1.109s] Installing listener script to /home/student/Documents/ros2_JOUR1/ros2_ws/install/exercices/lib/exercices
[1.109s] Installing publisher_ex1 script to /home/student/Documents/ros2_JOUR1/ros2_ws/install/exercices/lib/exercices
[1.109s] Installing publisher_ex2 script to /home/student/Documents/ros2_JOUR1/ros2_ws/install/exercices/lib/exercices
[1.110s] writing list of installed files to '/home/student/Documents/ros2_JOUR1/ros2_ws/build/exercices/install.log'
[1.139s] Invoked command in '/home/student/Documents/ros2_JOUR1/ros2_ws/src/exercices' returned '0': PYTHONPATH=/home/student/Documents/ros2_JOUR1/ros2_ws/build/exercices/prefix_override:/usr/lib/python3/dist-packages/colcon_core/task/python/colcon_distutils_commands:/home/student/Documents/ros2_JOUR1/ros2_ws/install/exercices/lib/python3.10/site-packages:${PYTHONPATH} /usr/bin/python3 -W ignore:setup.py install is deprecated -W ignore:easy_install command is deprecated setup.py egg_info --egg-base ../../build/exercices build --build-base /home/student/Documents/ros2_JOUR1/ros2_ws/build/exercices/build install --record /home/student/Documents/ros2_JOUR1/ros2_ws/build/exercices/install.log --single-version-externally-managed install_data
