[0.109s] DEBUG:colcon:Command line arguments: ['/usr/bin/colcon', 'build']
[0.109s] DEBUG:colcon:Parsed command line arguments: Namespace(log_base=None, log_level=None, verb_name='build', build_base='build', install_base='install', merge_install=False, symlink_install=False, test_result_base=None, continue_on_error=False, executor='parallel', parallel_workers=8, event_handlers=None, ignore_user_meta=False, metas=['./colcon.meta'], base_paths=['.'], packages_ignore=None, packages_ignore_regex=None, paths=None, packages_up_to=None, packages_up_to_regex=None, packages_above=None, packages_above_and_dependencies=None, packages_above_depth=None, packages_select_by_dep=None, packages_skip_by_dep=None, packages_skip_up_to=None, packages_select_build_failed=False, packages_skip_build_finished=False, packages_select_test_failures=False, packages_skip_test_passed=False, packages_select=None, packages_skip=None, packages_select_regex=None, packages_skip_regex=None, packages_start=None, packages_end=None, allow_overriding=[], cmake_args=None, cmake_target=None, cmake_target_skip_unavailable=False, cmake_clean_cache=False, cmake_clean_first=False, cmake_force_configure=False, ament_cmake_args=None, catkin_cmake_args=None, catkin_skip_building_tests=False, mixin_files=None, mixin=None, verb_parser=<colcon_mixin.mixin.mixin_argument.MixinArgumentDecorator object at 0x7f05cb767d30>, verb_extension=<colcon_core.verb.build.BuildVerb object at 0x7f05cb8b0c70>, main=<bound method BuildVerb.main of <colcon_core.verb.build.BuildVerb object at 0x7f05cb8b0c70>>, mixin_verb=('build',))
[0.275s] Level 1:colcon.colcon_core.package_discovery:discover_packages(colcon_meta) check parameters
[0.275s] Level 1:colcon.colcon_core.package_discovery:discover_packages(recursive) check parameters
[0.275s] Level 1:colcon.colcon_core.package_discovery:discover_packages(ignore) check parameters
[0.275s] Level 1:colcon.colcon_core.package_discovery:discover_packages(path) check parameters
[0.275s] Level 1:colcon.colcon_core.package_discovery:discover_packages(colcon_meta) discover
[0.275s] Level 1:colcon.colcon_core.package_discovery:discover_packages(recursive) discover
[0.275s] INFO:colcon.colcon_core.package_discovery:Crawling recursively for packages in '/home/student/Documents/ros2_JOUR1'
[0.275s] Level 1:colcon.colcon_core.package_identification:_identify(.) by extensions ['ignore', 'ignore_ament_install']
[0.275s] Level 1:colcon.colcon_core.package_identification:_identify(.) by extension 'ignore'
[0.276s] Level 1:colcon.colcon_core.package_identification:_identify(.) by extension 'ignore_ament_install'
[0.276s] Level 1:colcon.colcon_core.package_identification:_identify(.) by extensions ['colcon_pkg']
[0.276s] Level 1:colcon.colcon_core.package_identification:_identify(.) by extension 'colcon_pkg'
[0.276s] Level 1:colcon.colcon_core.package_identification:_identify(.) by extensions ['colcon_meta']
[0.276s] Level 1:colcon.colcon_core.package_identification:_identify(.) by extension 'colcon_meta'
[0.276s] Level 1:colcon.colcon_core.package_identification:_identify(.) by extensions ['ros']
[0.276s] Level 1:colcon.colcon_core.package_identification:_identify(.) by extension 'ros'
[0.287s] Level 1:colcon.colcon_core.package_identification:_identify(.) by extensions ['cmake', 'python']
[0.287s] Level 1:colcon.colcon_core.package_identification:_identify(.) by extension 'cmake'
[0.287s] Level 1:colcon.colcon_core.package_identification:_identify(.) by extension 'python'
[0.287s] Level 1:colcon.colcon_core.package_identification:_identify(.) by extensions ['python_setup_py']
[0.287s] Level 1:colcon.colcon_core.package_identification:_identify(.) by extension 'python_setup_py'
[0.287s] Level 1:colcon.colcon_core.package_identification:_identify(build) by extensions ['ignore', 'ignore_ament_install']
[0.287s] Level 1:colcon.colcon_core.package_identification:_identify(build) by extension 'ignore'
[0.287s] Level 1:colcon.colcon_core.package_identification:_identify(build) ignored
[0.287s] Level 1:colcon.colcon_core.package_identification:_identify(install) by extensions ['ignore', 'ignore_ament_install']
[0.287s] Level 1:colcon.colcon_core.package_identification:_identify(install) by extension 'ignore'
[0.287s] Level 1:colcon.colcon_core.package_identification:_identify(install) ignored
[0.287s] Level 1:colcon.colcon_core.package_identification:_identify(log) by extensions ['ignore', 'ignore_ament_install']
[0.287s] Level 1:colcon.colcon_core.package_identification:_identify(log) by extension 'ignore'
[0.287s] Level 1:colcon.colcon_core.package_identification:_identify(log) ignored
[0.287s] Level 1:colcon.colcon_core.package_identification:_identify(ros2_ws) by extensions ['ignore', 'ignore_ament_install']
[0.288s] Level 1:colcon.colcon_core.package_identification:_identify(ros2_ws) by extension 'ignore'
[0.288s] Level 1:colcon.colcon_core.package_identification:_identify(ros2_ws) by extension 'ignore_ament_install'
[0.288s] Level 1:colcon.colcon_core.package_identification:_identify(ros2_ws) by extensions ['colcon_pkg']
[0.288s] Level 1:colcon.colcon_core.package_identification:_identify(ros2_ws) by extension 'colcon_pkg'
[0.288s] Level 1:colcon.colcon_core.package_identification:_identify(ros2_ws) by extensions ['colcon_meta']
[0.288s] Level 1:colcon.colcon_core.package_identification:_identify(ros2_ws) by extension 'colcon_meta'
[0.288s] Level 1:colcon.colcon_core.package_identification:_identify(ros2_ws) by extensions ['ros']
[0.288s] Level 1:colcon.colcon_core.package_identification:_identify(ros2_ws) by extension 'ros'
[0.288s] Level 1:colcon.colcon_core.package_identification:_identify(ros2_ws) by extensions ['cmake', 'python']
[0.288s] Level 1:colcon.colcon_core.package_identification:_identify(ros2_ws) by extension 'cmake'
[0.288s] Level 1:colcon.colcon_core.package_identification:_identify(ros2_ws) by extension 'python'
[0.288s] Level 1:colcon.colcon_core.package_identification:_identify(ros2_ws) by extensions ['python_setup_py']
[0.288s] Level 1:colcon.colcon_core.package_identification:_identify(ros2_ws) by extension 'python_setup_py'
[0.288s] Level 1:colcon.colcon_core.package_identification:_identify(ros2_ws/build) by extensions ['ignore', 'ignore_ament_install']
[0.288s] Level 1:colcon.colcon_core.package_identification:_identify(ros2_ws/build) by extension 'ignore'
[0.288s] Level 1:colcon.colcon_core.package_identification:_identify(ros2_ws/build) ignored
[0.288s] Level 1:colcon.colcon_core.package_identification:_identify(ros2_ws/install) by extensions ['ignore', 'ignore_ament_install']
[0.288s] Level 1:colcon.colcon_core.package_identification:_identify(ros2_ws/install) by extension 'ignore'
[0.288s] Level 1:colcon.colcon_core.package_identification:_identify(ros2_ws/install) ignored
[0.288s] Level 1:colcon.colcon_core.package_identification:_identify(ros2_ws/log) by extensions ['ignore', 'ignore_ament_install']
[0.289s] Level 1:colcon.colcon_core.package_identification:_identify(ros2_ws/log) by extension 'ignore'
[0.289s] Level 1:colcon.colcon_core.package_identification:_identify(ros2_ws/log) ignored
[0.289s] Level 1:colcon.colcon_core.package_identification:_identify(ros2_ws/src) by extensions ['ignore', 'ignore_ament_install']
[0.289s] Level 1:colcon.colcon_core.package_identification:_identify(ros2_ws/src) by extension 'ignore'
[0.289s] Level 1:colcon.colcon_core.package_identification:_identify(ros2_ws/src) by extension 'ignore_ament_install'
[0.289s] Level 1:colcon.colcon_core.package_identification:_identify(ros2_ws/src) by extensions ['colcon_pkg']
[0.289s] Level 1:colcon.colcon_core.package_identification:_identify(ros2_ws/src) by extension 'colcon_pkg'
[0.289s] Level 1:colcon.colcon_core.package_identification:_identify(ros2_ws/src) by extensions ['colcon_meta']
[0.289s] Level 1:colcon.colcon_core.package_identification:_identify(ros2_ws/src) by extension 'colcon_meta'
[0.289s] Level 1:colcon.colcon_core.package_identification:_identify(ros2_ws/src) by extensions ['ros']
[0.289s] Level 1:colcon.colcon_core.package_identification:_identify(ros2_ws/src) by extension 'ros'
[0.289s] Level 1:colcon.colcon_core.package_identification:_identify(ros2_ws/src) by extensions ['cmake', 'python']
[0.289s] Level 1:colcon.colcon_core.package_identification:_identify(ros2_ws/src) by extension 'cmake'
[0.289s] Level 1:colcon.colcon_core.package_identification:_identify(ros2_ws/src) by extension 'python'
[0.289s] Level 1:colcon.colcon_core.package_identification:_identify(ros2_ws/src) by extensions ['python_setup_py']
[0.289s] Level 1:colcon.colcon_core.package_identification:_identify(ros2_ws/src) by extension 'python_setup_py'
[0.289s] Level 1:colcon.colcon_core.package_identification:_identify(ros2_ws/src/exercices) by extensions ['ignore', 'ignore_ament_install']
[0.289s] Level 1:colcon.colcon_core.package_identification:_identify(ros2_ws/src/exercices) by extension 'ignore'
[0.289s] Level 1:colcon.colcon_core.package_identification:_identify(ros2_ws/src/exercices) by extension 'ignore_ament_install'
[0.289s] Level 1:colcon.colcon_core.package_identification:_identify(ros2_ws/src/exercices) by extensions ['colcon_pkg']
[0.289s] Level 1:colcon.colcon_core.package_identification:_identify(ros2_ws/src/exercices) by extension 'colcon_pkg'
[0.289s] Level 1:colcon.colcon_core.package_identification:_identify(ros2_ws/src/exercices) by extensions ['colcon_meta']
[0.290s] Level 1:colcon.colcon_core.package_identification:_identify(ros2_ws/src/exercices) by extension 'colcon_meta'
[0.290s] Level 1:colcon.colcon_core.package_identification:_identify(ros2_ws/src/exercices) by extensions ['ros']
[0.290s] Level 1:colcon.colcon_core.package_identification:_identify(ros2_ws/src/exercices) by extension 'ros'
[0.292s] DEBUG:colcon.colcon_core.package_identification:Package 'ros2_ws/src/exercices' with type 'ros.ament_python' and name 'exercices'
[0.292s] Level 1:colcon.colcon_core.package_discovery:discover_packages(recursive) using defaults
[0.292s] Level 1:colcon.colcon_core.package_discovery:discover_packages(ignore) discover
[0.292s] Level 1:colcon.colcon_core.package_discovery:discover_packages(ignore) using defaults
[0.292s] Level 1:colcon.colcon_core.package_discovery:discover_packages(path) discover
[0.292s] Level 1:colcon.colcon_core.package_discovery:discover_packages(path) using defaults
[0.317s] Level 1:colcon.colcon_core.package_discovery:discover_packages(prefix_path) check parameters
[0.318s] Level 1:colcon.colcon_core.package_discovery:discover_packages(prefix_path) discover
[0.319s] DEBUG:colcon.colcon_installed_package_information.package_discovery:Found 1 installed packages in /home/student/Documents/ros2_JOUR1/ros2_ws/install
[0.320s] DEBUG:colcon.colcon_installed_package_information.package_discovery:Found 12 installed packages in /home/student/turtlebot3_ws/install
[0.322s] DEBUG:colcon.colcon_installed_package_information.package_discovery:Found 431 installed packages in /opt/ros/humble
[0.324s] Level 1:colcon.colcon_core.package_discovery:discover_packages(prefix_path) using defaults
[0.373s] Level 5:colcon.colcon_core.verb:set package 'exercices' build argument 'cmake_args' from command line to 'None'
[0.374s] Level 5:colcon.colcon_core.verb:set package 'exercices' build argument 'cmake_target' from command line to 'None'
[0.374s] Level 5:colcon.colcon_core.verb:set package 'exercices' build argument 'cmake_target_skip_unavailable' from command line to 'False'
[0.374s] Level 5:colcon.colcon_core.verb:set package 'exercices' build argument 'cmake_clean_cache' from command line to 'False'
[0.374s] Level 5:colcon.colcon_core.verb:set package 'exercices' build argument 'cmake_clean_first' from command line to 'False'
[0.374s] Level 5:colcon.colcon_core.verb:set package 'exercices' build argument 'cmake_force_configure' from command line to 'False'
[0.374s] Level 5:colcon.colcon_core.verb:set package 'exercices' build argument 'ament_cmake_args' from command line to 'None'
[0.374s] Level 5:colcon.colcon_core.verb:set package 'exercices' build argument 'catkin_cmake_args' from command line to 'None'
[0.374s] Level 5:colcon.colcon_core.verb:set package 'exercices' build argument 'catkin_skip_building_tests' from command line to 'False'
[0.374s] DEBUG:colcon.colcon_core.verb:Building package 'exercices' with the following arguments: {'ament_cmake_args': None, 'build_base': '/home/student/Documents/ros2_JOUR1/build/exercices', 'catkin_cmake_args': None, 'catkin_skip_building_tests': False, 'cmake_args': None, 'cmake_clean_cache': False, 'cmake_clean_first': False, 'cmake_force_configure': False, 'cmake_target': None, 'cmake_target_skip_unavailable': False, 'install_base': '/home/student/Documents/ros2_JOUR1/install/exercices', 'merge_install': False, 'path': '/home/student/Documents/ros2_JOUR1/ros2_ws/src/exercices', 'symlink_install': False, 'test_result_base': None}
[0.374s] INFO:colcon.colcon_core.executor:Executing jobs using 'parallel' executor
[0.375s] DEBUG:colcon.colcon_parallel_executor.executor.parallel:run_until_complete
[0.375s] INFO:colcon.colcon_ros.task.ament_python.build:Building ROS package in '/home/student/Documents/ros2_JOUR1/ros2_ws/src/exercices' with build type 'ament_python'
[0.375s] Level 1:colcon.colcon_core.shell:create_environment_hook('exercices', 'ament_prefix_path')
[0.377s] INFO:colcon.colcon_core.plugin_system:Skipping extension 'colcon_core.shell.bat': Not used on non-Windows systems
[0.377s] INFO:colcon.colcon_core.shell:Creating environment hook '/home/student/Documents/ros2_JOUR1/install/exercices/share/exercices/hook/ament_prefix_path.ps1'
[0.378s] INFO:colcon.colcon_core.shell:Creating environment descriptor '/home/student/Documents/ros2_JOUR1/install/exercices/share/exercices/hook/ament_prefix_path.dsv'
[0.378s] INFO:colcon.colcon_core.shell:Creating environment hook '/home/student/Documents/ros2_JOUR1/install/exercices/share/exercices/hook/ament_prefix_path.sh'
[0.379s] INFO:colcon.colcon_core.shell:Skip shell extension 'powershell' for command environment: Not usable outside of PowerShell
[0.379s] DEBUG:colcon.colcon_core.shell:Skip shell extension 'dsv' for command environment
[0.650s] INFO:colcon.colcon_core.task.python.build:Building Python package in '/home/student/Documents/ros2_JOUR1/ros2_ws/src/exercices'
[0.650s] INFO:colcon.colcon_core.shell:Skip shell extension 'powershell' for command environment: Not usable outside of PowerShell
[0.650s] DEBUG:colcon.colcon_core.shell:Skip shell extension 'dsv' for command environment
[1.024s] DEBUG:colcon.colcon_core.event_handler.log_command:Invoking command in '/home/student/Documents/ros2_JOUR1/ros2_ws/src/exercices': PYTHONPATH=/home/student/Documents/ros2_JOUR1/build/exercices/prefix_override:/usr/lib/python3/dist-packages/colcon_core/task/python/colcon_distutils_commands:/home/student/Documents/ros2_JOUR1/install/exercices/lib/python3.10/site-packages:${PYTHONPATH} /usr/bin/python3 -W ignore:setup.py install is deprecated -W ignore:easy_install command is deprecated setup.py egg_info --egg-base ../../../build/exercices build --build-base /home/student/Documents/ros2_JOUR1/build/exercices/build install --record /home/student/Documents/ros2_JOUR1/build/exercices/install.log --single-version-externally-managed install_data
[1.325s] DEBUG:colcon.colcon_core.event_handler.log_command:Invoked command in '/home/student/Documents/ros2_JOUR1/ros2_ws/src/exercices' returned '0': PYTHONPATH=/home/student/Documents/ros2_JOUR1/build/exercices/prefix_override:/usr/lib/python3/dist-packages/colcon_core/task/python/colcon_distutils_commands:/home/student/Documents/ros2_JOUR1/install/exercices/lib/python3.10/site-packages:${PYTHONPATH} /usr/bin/python3 -W ignore:setup.py install is deprecated -W ignore:easy_install command is deprecated setup.py egg_info --egg-base ../../../build/exercices build --build-base /home/student/Documents/ros2_JOUR1/build/exercices/build install --record /home/student/Documents/ros2_JOUR1/build/exercices/install.log --single-version-externally-managed install_data
[1.327s] Level 1:colcon.colcon_core.environment:checking '/home/student/Documents/ros2_JOUR1/install/exercices' for CMake module files
[1.328s] Level 1:colcon.colcon_core.environment:checking '/home/student/Documents/ros2_JOUR1/install/exercices' for CMake config files
[1.328s] Level 1:colcon.colcon_core.environment:checking '/home/student/Documents/ros2_JOUR1/install/exercices/lib'
[1.328s] Level 1:colcon.colcon_core.environment:checking '/home/student/Documents/ros2_JOUR1/install/exercices/bin'
[1.328s] Level 1:colcon.colcon_core.environment:checking '/home/student/Documents/ros2_JOUR1/install/exercices/lib/pkgconfig/exercices.pc'
[1.329s] Level 1:colcon.colcon_core.environment:checking '/home/student/Documents/ros2_JOUR1/install/exercices/lib/python3.10/site-packages'
[1.329s] Level 1:colcon.colcon_core.shell:create_environment_hook('exercices', 'pythonpath')
[1.329s] INFO:colcon.colcon_core.shell:Creating environment hook '/home/student/Documents/ros2_JOUR1/install/exercices/share/exercices/hook/pythonpath.ps1'
[1.329s] INFO:colcon.colcon_core.shell:Creating environment descriptor '/home/student/Documents/ros2_JOUR1/install/exercices/share/exercices/hook/pythonpath.dsv'
[1.329s] INFO:colcon.colcon_core.shell:Creating environment hook '/home/student/Documents/ros2_JOUR1/install/exercices/share/exercices/hook/pythonpath.sh'
[1.330s] Level 1:colcon.colcon_core.environment:checking '/home/student/Documents/ros2_JOUR1/install/exercices/bin'
[1.330s] Level 1:colcon.colcon_core.environment:create_environment_scripts_only(exercices)
[1.330s] INFO:colcon.colcon_core.shell:Creating package script '/home/student/Documents/ros2_JOUR1/install/exercices/share/exercices/package.ps1'
[1.331s] INFO:colcon.colcon_core.shell:Creating package descriptor '/home/student/Documents/ros2_JOUR1/install/exercices/share/exercices/package.dsv'
[1.332s] INFO:colcon.colcon_core.shell:Creating package script '/home/student/Documents/ros2_JOUR1/install/exercices/share/exercices/package.sh'
[1.332s] INFO:colcon.colcon_core.shell:Creating package script '/home/student/Documents/ros2_JOUR1/install/exercices/share/exercices/package.bash'
[1.333s] INFO:colcon.colcon_core.shell:Creating package script '/home/student/Documents/ros2_JOUR1/install/exercices/share/exercices/package.zsh'
[1.334s] Level 1:colcon.colcon_core.environment:create_file_with_runtime_dependencies(/home/student/Documents/ros2_JOUR1/install/exercices/share/colcon-core/packages/exercices)
[1.334s] DEBUG:colcon.colcon_parallel_executor.executor.parallel:closing loop
[1.334s] DEBUG:colcon.colcon_parallel_executor.executor.parallel:loop closed
[1.334s] DEBUG:colcon.colcon_parallel_executor.executor.parallel:run_until_complete finished with '0'
[1.334s] DEBUG:colcon.colcon_core.event_reactor:joining thread
[1.340s] INFO:colcon.colcon_core.plugin_system:Skipping extension 'colcon_notification.desktop_notification.terminal_notifier': Not used on non-Darwin systems
[1.340s] INFO:colcon.colcon_core.plugin_system:Skipping extension 'colcon_notification.desktop_notification.win32': Not used on non-Windows systems
[1.340s] INFO:colcon.colcon_notification.desktop_notification:Sending desktop notification using 'notify2'
[1.354s] DEBUG:colcon.colcon_core.event_reactor:joined thread
[1.355s] INFO:colcon.colcon_core.shell:Creating prefix script '/home/student/Documents/ros2_JOUR1/install/local_setup.ps1'
[1.356s] INFO:colcon.colcon_core.shell:Creating prefix util module '/home/student/Documents/ros2_JOUR1/install/_local_setup_util_ps1.py'
[1.358s] INFO:colcon.colcon_core.shell:Creating prefix chain script '/home/student/Documents/ros2_JOUR1/install/setup.ps1'
[1.360s] INFO:colcon.colcon_core.shell:Creating prefix script '/home/student/Documents/ros2_JOUR1/install/local_setup.sh'
[1.360s] INFO:colcon.colcon_core.shell:Creating prefix util module '/home/student/Documents/ros2_JOUR1/install/_local_setup_util_sh.py'
[1.361s] INFO:colcon.colcon_core.shell:Creating prefix chain script '/home/student/Documents/ros2_JOUR1/install/setup.sh'
[1.363s] INFO:colcon.colcon_core.shell:Creating prefix script '/home/student/Documents/ros2_JOUR1/install/local_setup.bash'
[1.363s] INFO:colcon.colcon_core.shell:Creating prefix chain script '/home/student/Documents/ros2_JOUR1/install/setup.bash'
[1.365s] INFO:colcon.colcon_core.shell:Creating prefix script '/home/student/Documents/ros2_JOUR1/install/local_setup.zsh'
[1.365s] INFO:colcon.colcon_core.shell:Creating prefix chain script '/home/student/Documents/ros2_JOUR1/install/setup.zsh'
