/home/student/Documents/ros2_JOUR1/ros2_ws/install/exercices/lib/python3.10/site-packages/exercices/__init__.py
/home/student/Documents/ros2_JOUR1/ros2_ws/install/exercices/lib/python3.10/site-packages/exercices/publisher_ex1.py
/home/student/Documents/ros2_JOUR1/ros2_ws/install/exercices/lib/python3.10/site-packages/exercices/publisher_ex3.py
/home/student/Documents/ros2_JOUR1/ros2_ws/install/exercices/lib/python3.10/site-packages/exercices/subscriber_ex2.py
/home/student/Documents/ros2_JOUR1/ros2_ws/install/exercices/lib/python3.10/site-packages/exercices/subscriber_ex3.py
/home/student/Documents/ros2_JOUR1/ros2_ws/install/exercices/lib/python3.10/site-packages/exercices/publisher_ex2.py
/home/student/Documents/ros2_JOUR1/ros2_ws/install/exercices/lib/python3.10/site-packages/exercices/subscriber_ex1.py
/home/student/Documents/ros2_JOUR1/ros2_ws/install/exercices/lib/python3.10/site-packages/exercices/__pycache__/__init__.cpython-310.pyc
/home/student/Documents/ros2_JOUR1/ros2_ws/install/exercices/lib/python3.10/site-packages/exercices/__pycache__/publisher_ex1.cpython-310.pyc
/home/student/Documents/ros2_JOUR1/ros2_ws/install/exercices/lib/python3.10/site-packages/exercices/__pycache__/publisher_ex3.cpython-310.pyc
/home/student/Documents/ros2_JOUR1/ros2_ws/install/exercices/lib/python3.10/site-packages/exercices/__pycache__/subscriber_ex2.cpython-310.pyc
/home/student/Documents/ros2_JOUR1/ros2_ws/install/exercices/lib/python3.10/site-packages/exercices/__pycache__/subscriber_ex3.cpython-310.pyc
/home/student/Documents/ros2_JOUR1/ros2_ws/install/exercices/lib/python3.10/site-packages/exercices/__pycache__/publisher_ex2.cpython-310.pyc
/home/student/Documents/ros2_JOUR1/ros2_ws/install/exercices/lib/python3.10/site-packages/exercices/__pycache__/subscriber_ex1.cpython-310.pyc
/home/student/Documents/ros2_JOUR1/ros2_ws/install/exercices/share/ament_index/resource_index/packages/exercices
/home/student/Documents/ros2_JOUR1/ros2_ws/install/exercices/share/exercices/package.xml
/home/student/Documents/ros2_JOUR1/ros2_ws/install/exercices/lib/python3.10/site-packages/exercices-0.0.0-py3.10.egg-info/zip-safe
/home/student/Documents/ros2_JOUR1/ros2_ws/install/exercices/lib/python3.10/site-packages/exercices-0.0.0-py3.10.egg-info/dependency_links.txt
/home/student/Documents/ros2_JOUR1/ros2_ws/install/exercices/lib/python3.10/site-packages/exercices-0.0.0-py3.10.egg-info/top_level.txt
/home/student/Documents/ros2_JOUR1/ros2_ws/install/exercices/lib/python3.10/site-packages/exercices-0.0.0-py3.10.egg-info/PKG-INFO
/home/student/Documents/ros2_JOUR1/ros2_ws/install/exercices/lib/python3.10/site-packages/exercices-0.0.0-py3.10.egg-info/SOURCES.txt
/home/student/Documents/ros2_JOUR1/ros2_ws/install/exercices/lib/python3.10/site-packages/exercices-0.0.0-py3.10.egg-info/entry_points.txt
/home/student/Documents/ros2_JOUR1/ros2_ws/install/exercices/lib/python3.10/site-packages/exercices-0.0.0-py3.10.egg-info/requires.txt
/home/student/Documents/ros2_JOUR1/ros2_ws/install/exercices/lib/exercices/publisher_ex1
/home/student/Documents/ros2_JOUR1/ros2_ws/install/exercices/lib/exercices/publisher_ex2
/home/student/Documents/ros2_JOUR1/ros2_ws/install/exercices/lib/exercices/publisher_ex3
/home/student/Documents/ros2_JOUR1/ros2_ws/install/exercices/lib/exercices/subscriber_ex1
/home/student/Documents/ros2_JOUR1/ros2_ws/install/exercices/lib/exercices/subscriber_ex2
/home/student/Documents/ros2_JOUR1/ros2_ws/install/exercices/lib/exercices/subscriber_ex3
