[0.014s] Invoking command in '/home/student/Documents/ros2_JOUR1/ros2_ws/build/exercices': CMAKE_PREFIX_PATH=${CMAKE_PREFIX_PATH}:/home/student/turtlebot3_ws/install/turtlebot3_teleop:/home/student/turtlebot3_ws/install/turtlebot3_example:/opt/ros/humble /usr/bin/cmake --build /home/student/Documents/ros2_JOUR1/ros2_ws/build/exercices -- -j8 -l8
[0.043s] -- Found ament_cmake: 1.3.12 (/opt/ros/humble/share/ament_cmake/cmake)
[0.177s] -- Found rclpy: 3.3.17 (/opt/ros/humble/share/rclpy/cmake)
[0.177s] -- Found rosidl_default_generators: 1.2.0 (/opt/ros/humble/share/rosidl_default_generators/cmake)
[0.180s] -- Using all available rosidl_typesupport_c: rosidl_typesupport_fastrtps_c;rosidl_typesupport_introspection_c
[0.183s] -- Found rosidl_adapter: 3.1.7 (/opt/ros/humble/share/rosidl_adapter/cmake)
[0.215s] -- Using all available rosidl_typesupport_cpp: rosidl_typesupport_fastrtps_cpp;rosidl_typesupport_introspection_cpp
[0.542s] -- Found ament_cmake_ros: 0.10.0 (/opt/ros/humble/share/ament_cmake_ros/cmake)
[0.737s] -- Using all available rosidl_typesupport_c: rosidl_typesupport_fastrtps_c;rosidl_typesupport_introspection_c
[0.979s] -- Using all available rosidl_typesupport_cpp: rosidl_typesupport_fastrtps_cpp;rosidl_typesupport_introspection_cpp
[1.003s] -- Found python_cmake_module: 0.10.0 (/opt/ros/humble/share/python_cmake_module/cmake)
[1.032s] -- Using PYTHON_EXECUTABLE: /usr/bin/python3
[1.032s] -- Using PYTHON_INCLUDE_DIRS: /usr/include/python3.10
[1.032s] -- Using PYTHON_LIBRARIES: /usr/lib/x86_64-linux-gnu/libpython3.10.so
[1.053s] -- Configuring done
[1.093s] -- Generating done
[1.104s] -- Build files have been written to: /home/student/Documents/ros2_JOUR1/ros2_ws/build/exercices
[1.132s] [  2%] [34m[1mGenerating C code for ROS interfaces[0m
[1.143s] [  5%] [34m[1mGenerating C++ code for ROS interfaces[0m
[1.153s] [  5%] Built target ament_cmake_python_copy_exercices
[1.431s] running egg_info
[1.432s] writing exercices.egg-info/PKG-INFO
[1.432s] writing dependency_links to exercices.egg-info/dependency_links.txt
[1.432s] writing top-level names to exercices.egg-info/top_level.txt
[1.435s] reading manifest file 'exercices.egg-info/SOURCES.txt'
[1.436s] writing manifest file 'exercices.egg-info/SOURCES.txt'
[1.470s] [  5%] Built target ament_cmake_python_build_exercices_egg
[1.474s] [35m[1mConsolidate compiler generated dependencies of target exercices__rosidl_generator_c[0m
[1.491s] [ 10%] [32mBuilding C object CMakeFiles/exercices__rosidl_generator_c.dir/rosidl_generator_c/exercices/srv/detail/control_client__functions.c.o[0m
[1.491s] [ 10%] [32mBuilding C object CMakeFiles/exercices__rosidl_generator_c.dir/rosidl_generator_c/exercices/msg/detail/computer_info__functions.c.o[0m
[1.511s] [ 10%] Built target exercices__cpp
[1.525s] [ 12%] [34m[1mGenerating C++ type support dispatch for ROS interfaces[0m
[1.527s] [ 15%] [34m[1mGenerating C++ type support for eProsima Fast-RTPS[0m
[1.527s] [ 17%] [34m[1mGenerating C++ introspection for ROS interfaces[0m
[1.563s] [ 20%] [32m[1mLinking C shared library libexercices__rosidl_generator_c.so[0m
[1.608s] [ 20%] Built target exercices__rosidl_generator_c
[1.623s] [ 25%] [34m[1mGenerating C introspection for ROS interfaces[0m
[1.623s] [ 28%] [34m[1mGenerating C type support dispatch for ROS interfaces[0m
[1.624s] [ 28%] [34m[1mGenerating C type support for eProsima Fast-RTPS[0m
[1.805s] [35m[1mConsolidate compiler generated dependencies of target exercices__rosidl_typesupport_cpp[0m
[1.821s] [ 30%] [32mBuilding CXX object CMakeFiles/exercices__rosidl_typesupport_cpp.dir/rosidl_typesupport_cpp/exercices/msg/computer_info__type_support.cpp.o[0m
[1.821s] [ 33%] [32mBuilding CXX object CMakeFiles/exercices__rosidl_typesupport_cpp.dir/rosidl_typesupport_cpp/exercices/srv/control_client__type_support.cpp.o[0m
[1.983s] [35m[1mConsolidate compiler generated dependencies of target exercices__rosidl_typesupport_introspection_cpp[0m
[2.005s] [35m[1mConsolidate compiler generated dependencies of target exercices__rosidl_typesupport_fastrtps_cpp[0m
[2.005s] [ 35%] [32mBuilding CXX object CMakeFiles/exercices__rosidl_typesupport_introspection_cpp.dir/rosidl_typesupport_introspection_cpp/exercices/srv/detail/control_client__type_support.cpp.o[0m
[2.006s] [ 38%] [32mBuilding CXX object CMakeFiles/exercices__rosidl_typesupport_introspection_cpp.dir/rosidl_typesupport_introspection_cpp/exercices/msg/detail/computer_info__type_support.cpp.o[0m
[2.041s] [ 41%] [32mBuilding CXX object CMakeFiles/exercices__rosidl_typesupport_fastrtps_cpp.dir/rosidl_typesupport_fastrtps_cpp/exercices/msg/detail/dds_fastrtps/computer_info__type_support.cpp.o[0m
[2.052s] [35m[1mConsolidate compiler generated dependencies of target exercices__rosidl_typesupport_c[0m
[2.069s] [ 43%] [32mBuilding CXX object CMakeFiles/exercices__rosidl_typesupport_c.dir/rosidl_typesupport_c/exercices/msg/computer_info__type_support.cpp.o[0m
[2.093s] [35m[1mConsolidate compiler generated dependencies of target exercices__rosidl_typesupport_fastrtps_c[0m
[2.113s] [ 46%] [32mBuilding CXX object CMakeFiles/exercices__rosidl_typesupport_fastrtps_c.dir/rosidl_typesupport_fastrtps_c/exercices/msg/detail/computer_info__type_support_c.cpp.o[0m
[2.116s] [ 48%] [32mBuilding CXX object CMakeFiles/exercices__rosidl_typesupport_c.dir/rosidl_typesupport_c/exercices/srv/control_client__type_support.cpp.o[0m
[2.148s] [35m[1mConsolidate compiler generated dependencies of target exercices__rosidl_typesupport_introspection_c[0m
[2.170s] [ 53%] [32m[1mLinking CXX shared library libexercices__rosidl_typesupport_c.so[0m
[2.170s] [ 53%] [32mBuilding C object CMakeFiles/exercices__rosidl_typesupport_introspection_c.dir/rosidl_typesupport_introspection_c/exercices/msg/detail/computer_info__type_support.c.o[0m
[2.229s] [ 56%] [32mBuilding C object CMakeFiles/exercices__rosidl_typesupport_introspection_c.dir/rosidl_typesupport_introspection_c/exercices/srv/detail/control_client__type_support.c.o[0m
[2.237s] [ 56%] Built target exercices__rosidl_typesupport_c
[2.254s] [ 58%] [32mBuilding CXX object CMakeFiles/exercices__rosidl_typesupport_fastrtps_c.dir/rosidl_typesupport_fastrtps_c/exercices/srv/detail/control_client__type_support_c.cpp.o[0m
[2.272s] [ 61%] [32mBuilding CXX object CMakeFiles/exercices__rosidl_typesupport_fastrtps_cpp.dir/rosidl_typesupport_fastrtps_cpp/exercices/srv/detail/dds_fastrtps/control_client__type_support.cpp.o[0m
[2.283s] [ 64%] [32m[1mLinking C shared library libexercices__rosidl_typesupport_introspection_c.so[0m
[2.289s] [ 66%] [32m[1mLinking CXX shared library libexercices__rosidl_typesupport_cpp.so[0m
[2.331s] [ 66%] Built target exercices__rosidl_typesupport_introspection_c
[2.359s] [ 66%] Built target exercices__rosidl_typesupport_cpp
[2.611s] [ 69%] [32m[1mLinking CXX shared library libexercices__rosidl_typesupport_introspection_cpp.so[0m
[2.684s] [ 71%] [32m[1mLinking CXX shared library libexercices__rosidl_typesupport_fastrtps_c.so[0m
[2.691s] [ 71%] Built target exercices__rosidl_typesupport_introspection_cpp
[2.749s] [ 74%] [32m[1mLinking CXX shared library libexercices__rosidl_typesupport_fastrtps_cpp.so[0m
[2.768s] [ 74%] Built target exercices__rosidl_typesupport_fastrtps_c
[2.828s] [ 74%] Built target exercices__rosidl_typesupport_fastrtps_cpp
[2.854s] [ 74%] Built target exercices
[2.876s] [ 76%] [34m[1mGenerating Python code for ROS interfaces[0m
[3.296s] [ 76%] Built target exercices__py
[3.307s] [35m[1mConsolidate compiler generated dependencies of target exercices__rosidl_generator_py[0m
[3.322s] [ 79%] [32mBuilding C object CMakeFiles/exercices__rosidl_generator_py.dir/rosidl_generator_py/exercices/msg/_computer_info_s.c.o[0m
[3.322s] [ 82%] [32mBuilding C object CMakeFiles/exercices__rosidl_generator_py.dir/rosidl_generator_py/exercices/srv/_control_client_s.c.o[0m
[3.429s] [ 84%] [32m[1mLinking C shared library rosidl_generator_py/exercices/libexercices__rosidl_generator_py.so[0m
[3.474s] [ 84%] Built target exercices__rosidl_generator_py
[3.485s] [35m[1mConsolidate compiler generated dependencies of target exercices__rosidl_typesupport_introspection_c__pyext[0m
[3.485s] [35m[1mConsolidate compiler generated dependencies of target exercices__rosidl_typesupport_fastrtps_c__pyext[0m
[3.485s] [35m[1mConsolidate compiler generated dependencies of target exercices__rosidl_typesupport_c__pyext[0m
[3.499s] [ 92%] [32mBuilding C object CMakeFiles/exercices__rosidl_typesupport_c__pyext.dir/rosidl_generator_py/exercices/_exercices_s.ep.rosidl_typesupport_c.c.o[0m
[3.499s] [ 92%] [32mBuilding C object CMakeFiles/exercices__rosidl_typesupport_introspection_c__pyext.dir/rosidl_generator_py/exercices/_exercices_s.ep.rosidl_typesupport_introspection_c.c.o[0m
[3.499s] [ 92%] [32mBuilding C object CMakeFiles/exercices__rosidl_typesupport_fastrtps_c__pyext.dir/rosidl_generator_py/exercices/_exercices_s.ep.rosidl_typesupport_fastrtps_c.c.o[0m
[3.597s] [ 94%] [32m[1mLinking C shared library rosidl_generator_py/exercices/exercices_s__rosidl_typesupport_c.cpython-310-x86_64-linux-gnu.so[0m
[3.611s] [ 97%] [32m[1mLinking C shared library rosidl_generator_py/exercices/exercices_s__rosidl_typesupport_fastrtps_c.cpython-310-x86_64-linux-gnu.so[0m
[3.613s] [100%] [32m[1mLinking C shared library rosidl_generator_py/exercices/exercices_s__rosidl_typesupport_introspection_c.cpython-310-x86_64-linux-gnu.so[0m
[3.641s] [100%] Built target exercices__rosidl_typesupport_c__pyext
[3.654s] [100%] Built target exercices__rosidl_typesupport_introspection_c__pyext
[3.656s] [100%] Built target exercices__rosidl_typesupport_fastrtps_c__pyext
[3.668s] Invoked command in '/home/student/Documents/ros2_JOUR1/ros2_ws/build/exercices' returned '0': CMAKE_PREFIX_PATH=${CMAKE_PREFIX_PATH}:/home/student/turtlebot3_ws/install/turtlebot3_teleop:/home/student/turtlebot3_ws/install/turtlebot3_example:/opt/ros/humble /usr/bin/cmake --build /home/student/Documents/ros2_JOUR1/ros2_ws/build/exercices -- -j8 -l8
[3.679s] Invoking command in '/home/student/Documents/ros2_JOUR1/ros2_ws/build/exercices': CMAKE_PREFIX_PATH=${CMAKE_PREFIX_PATH}:/home/student/turtlebot3_ws/install/turtlebot3_teleop:/home/student/turtlebot3_ws/install/turtlebot3_example:/opt/ros/humble /usr/bin/cmake --install /home/student/Documents/ros2_JOUR1/ros2_ws/build/exercices
[3.687s] -- Install configuration: ""
[3.688s] -- Installing: /home/student/Documents/ros2_JOUR1/ros2_ws/install/exercices/share/ament_index/resource_index/rosidl_interfaces/exercices
[3.688s] -- Up-to-date: /home/student/Documents/ros2_JOUR1/ros2_ws/install/exercices/include/exercices/exercices
[3.688s] -- Up-to-date: /home/student/Documents/ros2_JOUR1/ros2_ws/install/exercices/include/exercices/exercices/msg
[3.688s] -- Installing: /home/student/Documents/ros2_JOUR1/ros2_ws/install/exercices/include/exercices/exercices/msg/computer_info.h
[3.688s] -- Up-to-date: /home/student/Documents/ros2_JOUR1/ros2_ws/install/exercices/include/exercices/exercices/msg/detail
[3.688s] -- Installing: /home/student/Documents/ros2_JOUR1/ros2_ws/install/exercices/include/exercices/exercices/msg/detail/computer_info__type_support.h
[3.688s] -- Installing: /home/student/Documents/ros2_JOUR1/ros2_ws/install/exercices/include/exercices/exercices/msg/detail/computer_info__struct.h
[3.688s] -- Installing: /home/student/Documents/ros2_JOUR1/ros2_ws/install/exercices/include/exercices/exercices/msg/detail/computer_info__functions.h
[3.689s] -- Installing: /home/student/Documents/ros2_JOUR1/ros2_ws/install/exercices/include/exercices/exercices/msg/detail/computer_info__functions.c
[3.689s] -- Up-to-date: /home/student/Documents/ros2_JOUR1/ros2_ws/install/exercices/include/exercices/exercices/msg/rosidl_generator_c__visibility_control.h
[3.689s] -- Installing: /home/student/Documents/ros2_JOUR1/ros2_ws/install/exercices/include/exercices/exercices/srv
[3.689s] -- Installing: /home/student/Documents/ros2_JOUR1/ros2_ws/install/exercices/include/exercices/exercices/srv/detail
[3.689s] -- Installing: /home/student/Documents/ros2_JOUR1/ros2_ws/install/exercices/include/exercices/exercices/srv/detail/control_client__type_support.h
[3.689s] -- Installing: /home/student/Documents/ros2_JOUR1/ros2_ws/install/exercices/include/exercices/exercices/srv/detail/control_client__functions.c
[3.689s] -- Installing: /home/student/Documents/ros2_JOUR1/ros2_ws/install/exercices/include/exercices/exercices/srv/detail/control_client__struct.h
[3.689s] -- Installing: /home/student/Documents/ros2_JOUR1/ros2_ws/install/exercices/include/exercices/exercices/srv/detail/control_client__functions.h
[3.689s] -- Installing: /home/student/Documents/ros2_JOUR1/ros2_ws/install/exercices/include/exercices/exercices/srv/control_client.h
[3.690s] -- Up-to-date: /home/student/Documents/ros2_JOUR1/ros2_ws/install/exercices/share/exercices/environment/library_path.sh
[3.690s] -- Installing: /home/student/Documents/ros2_JOUR1/ros2_ws/install/exercices/share/exercices/environment/library_path.dsv
[3.690s] -- Installing: /home/student/Documents/ros2_JOUR1/ros2_ws/install/exercices/lib/libexercices__rosidl_generator_c.so
[3.691s] -- Set runtime path of "/home/student/Documents/ros2_JOUR1/ros2_ws/install/exercices/lib/libexercices__rosidl_generator_c.so" to ""
[3.691s] -- Up-to-date: /home/student/Documents/ros2_JOUR1/ros2_ws/install/exercices/include/exercices/exercices
[3.691s] -- Up-to-date: /home/student/Documents/ros2_JOUR1/ros2_ws/install/exercices/include/exercices/exercices/msg
[3.691s] -- Up-to-date: /home/student/Documents/ros2_JOUR1/ros2_ws/install/exercices/include/exercices/exercices/msg/detail
[3.691s] -- Installing: /home/student/Documents/ros2_JOUR1/ros2_ws/install/exercices/include/exercices/exercices/msg/detail/computer_info__rosidl_typesupport_fastrtps_c.h
[3.691s] -- Up-to-date: /home/student/Documents/ros2_JOUR1/ros2_ws/install/exercices/include/exercices/exercices/msg/rosidl_typesupport_fastrtps_c__visibility_control.h
[3.691s] -- Up-to-date: /home/student/Documents/ros2_JOUR1/ros2_ws/install/exercices/include/exercices/exercices/srv
[3.692s] -- Up-to-date: /home/student/Documents/ros2_JOUR1/ros2_ws/install/exercices/include/exercices/exercices/srv/detail
[3.692s] -- Installing: /home/student/Documents/ros2_JOUR1/ros2_ws/install/exercices/include/exercices/exercices/srv/detail/control_client__rosidl_typesupport_fastrtps_c.h
[3.692s] -- Installing: /home/student/Documents/ros2_JOUR1/ros2_ws/install/exercices/lib/libexercices__rosidl_typesupport_fastrtps_c.so
[3.692s] -- Set runtime path of "/home/student/Documents/ros2_JOUR1/ros2_ws/install/exercices/lib/libexercices__rosidl_typesupport_fastrtps_c.so" to ""
[3.693s] -- Up-to-date: /home/student/Documents/ros2_JOUR1/ros2_ws/install/exercices/include/exercices/exercices
[3.693s] -- Up-to-date: /home/student/Documents/ros2_JOUR1/ros2_ws/install/exercices/include/exercices/exercices/msg
[3.693s] -- Up-to-date: /home/student/Documents/ros2_JOUR1/ros2_ws/install/exercices/include/exercices/exercices/msg/detail
[3.693s] -- Installing: /home/student/Documents/ros2_JOUR1/ros2_ws/install/exercices/include/exercices/exercices/msg/detail/computer_info__type_support.c
[3.693s] -- Installing: /home/student/Documents/ros2_JOUR1/ros2_ws/install/exercices/include/exercices/exercices/msg/detail/computer_info__rosidl_typesupport_introspection_c.h
[3.693s] -- Up-to-date: /home/student/Documents/ros2_JOUR1/ros2_ws/install/exercices/include/exercices/exercices/msg/rosidl_typesupport_introspection_c__visibility_control.h
[3.693s] -- Up-to-date: /home/student/Documents/ros2_JOUR1/ros2_ws/install/exercices/include/exercices/exercices/srv
[3.693s] -- Up-to-date: /home/student/Documents/ros2_JOUR1/ros2_ws/install/exercices/include/exercices/exercices/srv/detail
[3.693s] -- Installing: /home/student/Documents/ros2_JOUR1/ros2_ws/install/exercices/include/exercices/exercices/srv/detail/control_client__type_support.c
[3.693s] -- Installing: /home/student/Documents/ros2_JOUR1/ros2_ws/install/exercices/include/exercices/exercices/srv/detail/control_client__rosidl_typesupport_introspection_c.h
[3.693s] -- Installing: /home/student/Documents/ros2_JOUR1/ros2_ws/install/exercices/lib/libexercices__rosidl_typesupport_introspection_c.so
[3.694s] -- Set runtime path of "/home/student/Documents/ros2_JOUR1/ros2_ws/install/exercices/lib/libexercices__rosidl_typesupport_introspection_c.so" to ""
[3.694s] -- Installing: /home/student/Documents/ros2_JOUR1/ros2_ws/install/exercices/lib/libexercices__rosidl_typesupport_c.so
[3.695s] -- Set runtime path of "/home/student/Documents/ros2_JOUR1/ros2_ws/install/exercices/lib/libexercices__rosidl_typesupport_c.so" to ""
[3.695s] -- Up-to-date: /home/student/Documents/ros2_JOUR1/ros2_ws/install/exercices/include/exercices/exercices
[3.695s] -- Up-to-date: /home/student/Documents/ros2_JOUR1/ros2_ws/install/exercices/include/exercices/exercices/msg
[3.695s] -- Installing: /home/student/Documents/ros2_JOUR1/ros2_ws/install/exercices/include/exercices/exercices/msg/computer_info.hpp
[3.695s] -- Up-to-date: /home/student/Documents/ros2_JOUR1/ros2_ws/install/exercices/include/exercices/exercices/msg/detail
[3.695s] -- Installing: /home/student/Documents/ros2_JOUR1/ros2_ws/install/exercices/include/exercices/exercices/msg/detail/computer_info__traits.hpp
[3.695s] -- Installing: /home/student/Documents/ros2_JOUR1/ros2_ws/install/exercices/include/exercices/exercices/msg/detail/computer_info__type_support.hpp
[3.696s] -- Installing: /home/student/Documents/ros2_JOUR1/ros2_ws/install/exercices/include/exercices/exercices/msg/detail/computer_info__struct.hpp
[3.696s] -- Installing: /home/student/Documents/ros2_JOUR1/ros2_ws/install/exercices/include/exercices/exercices/msg/detail/computer_info__builder.hpp
[3.696s] -- Up-to-date: /home/student/Documents/ros2_JOUR1/ros2_ws/install/exercices/include/exercices/exercices/msg/rosidl_generator_cpp__visibility_control.hpp
[3.696s] -- Up-to-date: /home/student/Documents/ros2_JOUR1/ros2_ws/install/exercices/include/exercices/exercices/srv
[3.696s] -- Installing: /home/student/Documents/ros2_JOUR1/ros2_ws/install/exercices/include/exercices/exercices/srv/control_client.hpp
[3.696s] -- Up-to-date: /home/student/Documents/ros2_JOUR1/ros2_ws/install/exercices/include/exercices/exercices/srv/detail
[3.696s] -- Installing: /home/student/Documents/ros2_JOUR1/ros2_ws/install/exercices/include/exercices/exercices/srv/detail/control_client__traits.hpp
[3.696s] -- Installing: /home/student/Documents/ros2_JOUR1/ros2_ws/install/exercices/include/exercices/exercices/srv/detail/control_client__builder.hpp
[3.696s] -- Installing: /home/student/Documents/ros2_JOUR1/ros2_ws/install/exercices/include/exercices/exercices/srv/detail/control_client__type_support.hpp
[3.696s] -- Installing: /home/student/Documents/ros2_JOUR1/ros2_ws/install/exercices/include/exercices/exercices/srv/detail/control_client__struct.hpp
[3.697s] -- Up-to-date: /home/student/Documents/ros2_JOUR1/ros2_ws/install/exercices/include/exercices/exercices
[3.697s] -- Up-to-date: /home/student/Documents/ros2_JOUR1/ros2_ws/install/exercices/include/exercices/exercices/msg
[3.697s] -- Up-to-date: /home/student/Documents/ros2_JOUR1/ros2_ws/install/exercices/include/exercices/exercices/msg/detail
[3.697s] -- Up-to-date: /home/student/Documents/ros2_JOUR1/ros2_ws/install/exercices/include/exercices/exercices/msg/detail/dds_fastrtps
[3.697s] -- Installing: /home/student/Documents/ros2_JOUR1/ros2_ws/install/exercices/include/exercices/exercices/msg/detail/computer_info__rosidl_typesupport_fastrtps_cpp.hpp
[3.697s] -- Up-to-date: /home/student/Documents/ros2_JOUR1/ros2_ws/install/exercices/include/exercices/exercices/msg/rosidl_typesupport_fastrtps_cpp__visibility_control.h
[3.697s] -- Up-to-date: /home/student/Documents/ros2_JOUR1/ros2_ws/install/exercices/include/exercices/exercices/srv
[3.697s] -- Up-to-date: /home/student/Documents/ros2_JOUR1/ros2_ws/install/exercices/include/exercices/exercices/srv/detail
[3.697s] -- Installing: /home/student/Documents/ros2_JOUR1/ros2_ws/install/exercices/include/exercices/exercices/srv/detail/dds_fastrtps
[3.697s] -- Installing: /home/student/Documents/ros2_JOUR1/ros2_ws/install/exercices/include/exercices/exercices/srv/detail/control_client__rosidl_typesupport_fastrtps_cpp.hpp
[3.697s] -- Installing: /home/student/Documents/ros2_JOUR1/ros2_ws/install/exercices/lib/libexercices__rosidl_typesupport_fastrtps_cpp.so
[3.698s] -- Set runtime path of "/home/student/Documents/ros2_JOUR1/ros2_ws/install/exercices/lib/libexercices__rosidl_typesupport_fastrtps_cpp.so" to ""
[3.698s] -- Up-to-date: /home/student/Documents/ros2_JOUR1/ros2_ws/install/exercices/include/exercices/exercices
[3.698s] -- Up-to-date: /home/student/Documents/ros2_JOUR1/ros2_ws/install/exercices/include/exercices/exercices/msg
[3.698s] -- Up-to-date: /home/student/Documents/ros2_JOUR1/ros2_ws/install/exercices/include/exercices/exercices/msg/detail
[3.698s] -- Installing: /home/student/Documents/ros2_JOUR1/ros2_ws/install/exercices/include/exercices/exercices/msg/detail/computer_info__type_support.cpp
[3.699s] -- Installing: /home/student/Documents/ros2_JOUR1/ros2_ws/install/exercices/include/exercices/exercices/msg/detail/computer_info__rosidl_typesupport_introspection_cpp.hpp
[3.699s] -- Up-to-date: /home/student/Documents/ros2_JOUR1/ros2_ws/install/exercices/include/exercices/exercices/srv
[3.699s] -- Up-to-date: /home/student/Documents/ros2_JOUR1/ros2_ws/install/exercices/include/exercices/exercices/srv/detail
[3.699s] -- Installing: /home/student/Documents/ros2_JOUR1/ros2_ws/install/exercices/include/exercices/exercices/srv/detail/control_client__type_support.cpp
[3.699s] -- Installing: /home/student/Documents/ros2_JOUR1/ros2_ws/install/exercices/include/exercices/exercices/srv/detail/control_client__rosidl_typesupport_introspection_cpp.hpp
[3.699s] -- Installing: /home/student/Documents/ros2_JOUR1/ros2_ws/install/exercices/lib/libexercices__rosidl_typesupport_introspection_cpp.so
[3.700s] -- Set runtime path of "/home/student/Documents/ros2_JOUR1/ros2_ws/install/exercices/lib/libexercices__rosidl_typesupport_introspection_cpp.so" to ""
[3.700s] -- Installing: /home/student/Documents/ros2_JOUR1/ros2_ws/install/exercices/lib/libexercices__rosidl_typesupport_cpp.so
[3.701s] -- Set runtime path of "/home/student/Documents/ros2_JOUR1/ros2_ws/install/exercices/lib/libexercices__rosidl_typesupport_cpp.so" to ""
[3.701s] -- Up-to-date: /home/student/Documents/ros2_JOUR1/ros2_ws/install/exercices/share/exercices/environment/pythonpath.sh
[3.701s] -- Installing: /home/student/Documents/ros2_JOUR1/ros2_ws/install/exercices/share/exercices/environment/pythonpath.dsv
[3.701s] -- Up-to-date: /home/student/Documents/ros2_JOUR1/ros2_ws/install/exercices/local/lib/python3.10/dist-packages/exercices-0.0.0-py3.10.egg-info
[3.701s] -- Installing: /home/student/Documents/ros2_JOUR1/ros2_ws/install/exercices/local/lib/python3.10/dist-packages/exercices-0.0.0-py3.10.egg-info/dependency_links.txt
[3.701s] -- Installing: /home/student/Documents/ros2_JOUR1/ros2_ws/install/exercices/local/lib/python3.10/dist-packages/exercices-0.0.0-py3.10.egg-info/top_level.txt
[3.701s] -- Installing: /home/student/Documents/ros2_JOUR1/ros2_ws/install/exercices/local/lib/python3.10/dist-packages/exercices-0.0.0-py3.10.egg-info/PKG-INFO
[3.701s] -- Installing: /home/student/Documents/ros2_JOUR1/ros2_ws/install/exercices/local/lib/python3.10/dist-packages/exercices-0.0.0-py3.10.egg-info/SOURCES.txt
[3.702s] -- Up-to-date: /home/student/Documents/ros2_JOUR1/ros2_ws/install/exercices/local/lib/python3.10/dist-packages/exercices
[3.702s] -- Installing: /home/student/Documents/ros2_JOUR1/ros2_ws/install/exercices/local/lib/python3.10/dist-packages/exercices/__init__.py
[3.702s] -- Installing: /home/student/Documents/ros2_JOUR1/ros2_ws/install/exercices/local/lib/python3.10/dist-packages/exercices/_exercices_s.ep.rosidl_typesupport_c.c
[3.702s] -- Up-to-date: /home/student/Documents/ros2_JOUR1/ros2_ws/install/exercices/local/lib/python3.10/dist-packages/exercices/msg
[3.702s] -- Installing: /home/student/Documents/ros2_JOUR1/ros2_ws/install/exercices/local/lib/python3.10/dist-packages/exercices/msg/__init__.py
[3.702s] -- Installing: /home/student/Documents/ros2_JOUR1/ros2_ws/install/exercices/local/lib/python3.10/dist-packages/exercices/msg/_computer_info.py
[3.702s] -- Installing: /home/student/Documents/ros2_JOUR1/ros2_ws/install/exercices/local/lib/python3.10/dist-packages/exercices/msg/_computer_info_s.c
[3.703s] -- Installing: /home/student/Documents/ros2_JOUR1/ros2_ws/install/exercices/local/lib/python3.10/dist-packages/exercices/exercices_s__rosidl_typesupport_introspection_c.cpython-310-x86_64-linux-gnu.so
[3.703s] -- Installing: /home/student/Documents/ros2_JOUR1/ros2_ws/install/exercices/local/lib/python3.10/dist-packages/exercices/exercices_s__rosidl_typesupport_fastrtps_c.cpython-310-x86_64-linux-gnu.so
[3.703s] -- Installing: /home/student/Documents/ros2_JOUR1/ros2_ws/install/exercices/local/lib/python3.10/dist-packages/exercices/srv
[3.703s] -- Installing: /home/student/Documents/ros2_JOUR1/ros2_ws/install/exercices/local/lib/python3.10/dist-packages/exercices/srv/__init__.py
[3.703s] -- Installing: /home/student/Documents/ros2_JOUR1/ros2_ws/install/exercices/local/lib/python3.10/dist-packages/exercices/srv/_control_client.py
[3.703s] -- Installing: /home/student/Documents/ros2_JOUR1/ros2_ws/install/exercices/local/lib/python3.10/dist-packages/exercices/srv/_control_client_s.c
[3.704s] -- Installing: /home/student/Documents/ros2_JOUR1/ros2_ws/install/exercices/local/lib/python3.10/dist-packages/exercices/libexercices__rosidl_generator_py.so
[3.704s] -- Installing: /home/student/Documents/ros2_JOUR1/ros2_ws/install/exercices/local/lib/python3.10/dist-packages/exercices/_exercices_s.ep.rosidl_typesupport_introspection_c.c
[3.704s] -- Installing: /home/student/Documents/ros2_JOUR1/ros2_ws/install/exercices/local/lib/python3.10/dist-packages/exercices/_exercices_s.ep.rosidl_typesupport_fastrtps_c.c
[3.704s] -- Installing: /home/student/Documents/ros2_JOUR1/ros2_ws/install/exercices/local/lib/python3.10/dist-packages/exercices/exercices_s__rosidl_typesupport_c.cpython-310-x86_64-linux-gnu.so
[3.760s] Listing '/home/student/Documents/ros2_JOUR1/ros2_ws/install/exercices/local/lib/python3.10/dist-packages/exercices'...
[3.760s] Compiling '/home/student/Documents/ros2_JOUR1/ros2_ws/install/exercices/local/lib/python3.10/dist-packages/exercices/__init__.py'...
[3.760s] Listing '/home/student/Documents/ros2_JOUR1/ros2_ws/install/exercices/local/lib/python3.10/dist-packages/exercices/msg'...
[3.760s] Compiling '/home/student/Documents/ros2_JOUR1/ros2_ws/install/exercices/local/lib/python3.10/dist-packages/exercices/msg/__init__.py'...
[3.761s] Compiling '/home/student/Documents/ros2_JOUR1/ros2_ws/install/exercices/local/lib/python3.10/dist-packages/exercices/msg/_computer_info.py'...
[3.761s] Listing '/home/student/Documents/ros2_JOUR1/ros2_ws/install/exercices/local/lib/python3.10/dist-packages/exercices/srv'...
[3.761s] Compiling '/home/student/Documents/ros2_JOUR1/ros2_ws/install/exercices/local/lib/python3.10/dist-packages/exercices/srv/__init__.py'...
[3.762s] Compiling '/home/student/Documents/ros2_JOUR1/ros2_ws/install/exercices/local/lib/python3.10/dist-packages/exercices/srv/_control_client.py'...
[3.766s] -- Installing: /home/student/Documents/ros2_JOUR1/ros2_ws/install/exercices/local/lib/python3.10/dist-packages/exercices/exercices_s__rosidl_typesupport_fastrtps_c.cpython-310-x86_64-linux-gnu.so
[3.766s] -- Set runtime path of "/home/student/Documents/ros2_JOUR1/ros2_ws/install/exercices/local/lib/python3.10/dist-packages/exercices/exercices_s__rosidl_typesupport_fastrtps_c.cpython-310-x86_64-linux-gnu.so" to ""
[3.766s] -- Installing: /home/student/Documents/ros2_JOUR1/ros2_ws/install/exercices/local/lib/python3.10/dist-packages/exercices/exercices_s__rosidl_typesupport_introspection_c.cpython-310-x86_64-linux-gnu.so
[3.767s] -- Set runtime path of "/home/student/Documents/ros2_JOUR1/ros2_ws/install/exercices/local/lib/python3.10/dist-packages/exercices/exercices_s__rosidl_typesupport_introspection_c.cpython-310-x86_64-linux-gnu.so" to ""
[3.768s] -- Installing: /home/student/Documents/ros2_JOUR1/ros2_ws/install/exercices/local/lib/python3.10/dist-packages/exercices/exercices_s__rosidl_typesupport_c.cpython-310-x86_64-linux-gnu.so
[3.768s] -- Set runtime path of "/home/student/Documents/ros2_JOUR1/ros2_ws/install/exercices/local/lib/python3.10/dist-packages/exercices/exercices_s__rosidl_typesupport_c.cpython-310-x86_64-linux-gnu.so" to ""
[3.768s] -- Installing: /home/student/Documents/ros2_JOUR1/ros2_ws/install/exercices/lib/libexercices__rosidl_generator_py.so
[3.772s] -- Set runtime path of "/home/student/Documents/ros2_JOUR1/ros2_ws/install/exercices/lib/libexercices__rosidl_generator_py.so" to ""
[3.772s] -- Up-to-date: /home/student/Documents/ros2_JOUR1/ros2_ws/install/exercices/share/exercices/msg/ComputerInfo.idl
[3.772s] -- Installing: /home/student/Documents/ros2_JOUR1/ros2_ws/install/exercices/share/exercices/srv/ControlClient.idl
[3.772s] -- Up-to-date: /home/student/Documents/ros2_JOUR1/ros2_ws/install/exercices/share/exercices/msg/ComputerInfo.msg
[3.773s] -- Installing: /home/student/Documents/ros2_JOUR1/ros2_ws/install/exercices/share/exercices/srv/ControlClient.srv
[3.773s] -- Installing: /home/student/Documents/ros2_JOUR1/ros2_ws/install/exercices/share/exercices/srv/ControlClient_Request.msg
[3.773s] -- Installing: /home/student/Documents/ros2_JOUR1/ros2_ws/install/exercices/share/exercices/srv/ControlClient_Response.msg
[3.773s] -- Up-to-date: /home/student/Documents/ros2_JOUR1/ros2_ws/install/exercices/lib/exercices/publisher_ex1.py
[3.773s] -- Up-to-date: /home/student/Documents/ros2_JOUR1/ros2_ws/install/exercices/lib/exercices/publisher_ex2.py
[3.773s] -- Up-to-date: /home/student/Documents/ros2_JOUR1/ros2_ws/install/exercices/lib/exercices/publisher_ex3.py
[3.773s] -- Up-to-date: /home/student/Documents/ros2_JOUR1/ros2_ws/install/exercices/lib/exercices/publisher_ex4.py
[3.773s] -- Up-to-date: /home/student/Documents/ros2_JOUR1/ros2_ws/install/exercices/lib/exercices/subscriber_ex1.py
[3.773s] -- Up-to-date: /home/student/Documents/ros2_JOUR1/ros2_ws/install/exercices/lib/exercices/subscriber_ex2.py
[3.774s] -- Up-to-date: /home/student/Documents/ros2_JOUR1/ros2_ws/install/exercices/lib/exercices/subscriber_ex3.py
[3.774s] -- Up-to-date: /home/student/Documents/ros2_JOUR1/ros2_ws/install/exercices/lib/exercices/subscriber_ex4.py
[3.774s] -- Up-to-date: /home/student/Documents/ros2_JOUR1/ros2_ws/install/exercices/lib/exercices/subscriber_ex5.py
[3.774s] -- Up-to-date: /home/student/Documents/ros2_JOUR1/ros2_ws/install/exercices/lib/exercices/node_ex6.py
[3.774s] -- Up-to-date: /home/student/Documents/ros2_JOUR1/ros2_ws/install/exercices/share/ament_index/resource_index/package_run_dependencies/exercices
[3.775s] -- Up-to-date: /home/student/Documents/ros2_JOUR1/ros2_ws/install/exercices/share/ament_index/resource_index/parent_prefix_path/exercices
[3.775s] -- Up-to-date: /home/student/Documents/ros2_JOUR1/ros2_ws/install/exercices/share/exercices/environment/ament_prefix_path.sh
[3.775s] -- Installing: /home/student/Documents/ros2_JOUR1/ros2_ws/install/exercices/share/exercices/environment/ament_prefix_path.dsv
[3.775s] -- Up-to-date: /home/student/Documents/ros2_JOUR1/ros2_ws/install/exercices/share/exercices/environment/path.sh
[3.775s] -- Installing: /home/student/Documents/ros2_JOUR1/ros2_ws/install/exercices/share/exercices/environment/path.dsv
[3.775s] -- Up-to-date: /home/student/Documents/ros2_JOUR1/ros2_ws/install/exercices/share/exercices/local_setup.bash
[3.775s] -- Up-to-date: /home/student/Documents/ros2_JOUR1/ros2_ws/install/exercices/share/exercices/local_setup.sh
[3.775s] -- Up-to-date: /home/student/Documents/ros2_JOUR1/ros2_ws/install/exercices/share/exercices/local_setup.zsh
[3.776s] -- Installing: /home/student/Documents/ros2_JOUR1/ros2_ws/install/exercices/share/exercices/local_setup.dsv
[3.776s] -- Installing: /home/student/Documents/ros2_JOUR1/ros2_ws/install/exercices/share/exercices/package.dsv
[3.776s] -- Up-to-date: /home/student/Documents/ros2_JOUR1/ros2_ws/install/exercices/share/ament_index/resource_index/packages/exercices
[3.776s] -- Up-to-date: /home/student/Documents/ros2_JOUR1/ros2_ws/install/exercices/share/exercices/cmake/export_exercices__rosidl_generator_cExport.cmake
[3.776s] -- Up-to-date: /home/student/Documents/ros2_JOUR1/ros2_ws/install/exercices/share/exercices/cmake/export_exercices__rosidl_generator_cExport-noconfig.cmake
[3.776s] -- Up-to-date: /home/student/Documents/ros2_JOUR1/ros2_ws/install/exercices/share/exercices/cmake/export_exercices__rosidl_typesupport_fastrtps_cExport.cmake
[3.776s] -- Up-to-date: /home/student/Documents/ros2_JOUR1/ros2_ws/install/exercices/share/exercices/cmake/export_exercices__rosidl_typesupport_fastrtps_cExport-noconfig.cmake
[3.776s] -- Up-to-date: /home/student/Documents/ros2_JOUR1/ros2_ws/install/exercices/share/exercices/cmake/exercices__rosidl_typesupport_introspection_cExport.cmake
[3.777s] -- Up-to-date: /home/student/Documents/ros2_JOUR1/ros2_ws/install/exercices/share/exercices/cmake/exercices__rosidl_typesupport_introspection_cExport-noconfig.cmake
[3.777s] -- Up-to-date: /home/student/Documents/ros2_JOUR1/ros2_ws/install/exercices/share/exercices/cmake/exercices__rosidl_typesupport_cExport.cmake
[3.777s] -- Up-to-date: /home/student/Documents/ros2_JOUR1/ros2_ws/install/exercices/share/exercices/cmake/exercices__rosidl_typesupport_cExport-noconfig.cmake
[3.777s] -- Up-to-date: /home/student/Documents/ros2_JOUR1/ros2_ws/install/exercices/share/exercices/cmake/export_exercices__rosidl_generator_cppExport.cmake
[3.777s] -- Up-to-date: /home/student/Documents/ros2_JOUR1/ros2_ws/install/exercices/share/exercices/cmake/export_exercices__rosidl_typesupport_fastrtps_cppExport.cmake
[3.777s] -- Up-to-date: /home/student/Documents/ros2_JOUR1/ros2_ws/install/exercices/share/exercices/cmake/export_exercices__rosidl_typesupport_fastrtps_cppExport-noconfig.cmake
[3.777s] -- Up-to-date: /home/student/Documents/ros2_JOUR1/ros2_ws/install/exercices/share/exercices/cmake/exercices__rosidl_typesupport_introspection_cppExport.cmake
[3.777s] -- Up-to-date: /home/student/Documents/ros2_JOUR1/ros2_ws/install/exercices/share/exercices/cmake/exercices__rosidl_typesupport_introspection_cppExport-noconfig.cmake
[3.777s] -- Up-to-date: /home/student/Documents/ros2_JOUR1/ros2_ws/install/exercices/share/exercices/cmake/exercices__rosidl_typesupport_cppExport.cmake
[3.778s] -- Up-to-date: /home/student/Documents/ros2_JOUR1/ros2_ws/install/exercices/share/exercices/cmake/exercices__rosidl_typesupport_cppExport-noconfig.cmake
[3.778s] -- Up-to-date: /home/student/Documents/ros2_JOUR1/ros2_ws/install/exercices/share/exercices/cmake/export_exercices__rosidl_generator_pyExport.cmake
[3.778s] -- Up-to-date: /home/student/Documents/ros2_JOUR1/ros2_ws/install/exercices/share/exercices/cmake/export_exercices__rosidl_generator_pyExport-noconfig.cmake
[3.778s] -- Installing: /home/student/Documents/ros2_JOUR1/ros2_ws/install/exercices/share/exercices/cmake/rosidl_cmake-extras.cmake
[3.778s] -- Up-to-date: /home/student/Documents/ros2_JOUR1/ros2_ws/install/exercices/share/exercices/cmake/ament_cmake_export_include_directories-extras.cmake
[3.778s] -- Up-to-date: /home/student/Documents/ros2_JOUR1/ros2_ws/install/exercices/share/exercices/cmake/ament_cmake_export_libraries-extras.cmake
[3.778s] -- Up-to-date: /home/student/Documents/ros2_JOUR1/ros2_ws/install/exercices/share/exercices/cmake/ament_cmake_export_targets-extras.cmake
[3.778s] -- Up-to-date: /home/student/Documents/ros2_JOUR1/ros2_ws/install/exercices/share/exercices/cmake/rosidl_cmake_export_typesupport_targets-extras.cmake
[3.778s] -- Up-to-date: /home/student/Documents/ros2_JOUR1/ros2_ws/install/exercices/share/exercices/cmake/ament_cmake_export_dependencies-extras.cmake
[3.779s] -- Up-to-date: /home/student/Documents/ros2_JOUR1/ros2_ws/install/exercices/share/exercices/cmake/rosidl_cmake_export_typesupport_libraries-extras.cmake
[3.779s] -- Up-to-date: /home/student/Documents/ros2_JOUR1/ros2_ws/install/exercices/share/exercices/cmake/exercicesConfig.cmake
[3.779s] -- Up-to-date: /home/student/Documents/ros2_JOUR1/ros2_ws/install/exercices/share/exercices/cmake/exercicesConfig-version.cmake
[3.779s] -- Up-to-date: /home/student/Documents/ros2_JOUR1/ros2_ws/install/exercices/share/exercices/package.xml
[3.784s] Invoked command in '/home/student/Documents/ros2_JOUR1/ros2_ws/build/exercices' returned '0': CMAKE_PREFIX_PATH=${CMAKE_PREFIX_PATH}:/home/student/turtlebot3_ws/install/turtlebot3_teleop:/home/student/turtlebot3_ws/install/turtlebot3_example:/opt/ros/humble /usr/bin/cmake --install /home/student/Documents/ros2_JOUR1/ros2_ws/build/exercices
