[0.111s] DEBUG:colcon:Command line arguments: ['/usr/bin/colcon', 'build']
[0.112s] DEBUG:colcon:Parsed command line arguments: Namespace(log_base=None, log_level=None, verb_name='build', build_base='build', install_base='install', merge_install=False, symlink_install=False, test_result_base=None, continue_on_error=False, executor='parallel', parallel_workers=8, event_handlers=None, ignore_user_meta=False, metas=['./colcon.meta'], base_paths=['.'], packages_ignore=None, packages_ignore_regex=None, paths=None, packages_up_to=None, packages_up_to_regex=None, packages_above=None, packages_above_and_dependencies=None, packages_above_depth=None, packages_select_by_dep=None, packages_skip_by_dep=None, packages_skip_up_to=None, packages_select_build_failed=False, packages_skip_build_finished=False, packages_select_test_failures=False, packages_skip_test_passed=False, packages_select=None, packages_skip=None, packages_select_regex=None, packages_skip_regex=None, packages_start=None, packages_end=None, allow_overriding=[], cmake_args=None, cmake_target=None, cmake_target_skip_unavailable=False, cmake_clean_cache=False, cmake_clean_first=False, cmake_force_configure=False, ament_cmake_args=None, catkin_cmake_args=None, catkin_skip_building_tests=False, mixin_files=None, mixin=None, verb_parser=<colcon_mixin.mixin.mixin_argument.MixinArgumentDecorator object at 0x70a838f57c70>, verb_extension=<colcon_core.verb.build.BuildVerb object at 0x70a83909cbb0>, main=<bound method BuildVerb.main of <colcon_core.verb.build.BuildVerb object at 0x70a83909cbb0>>, mixin_verb=('build',))
[0.277s] Level 1:colcon.colcon_core.package_discovery:discover_packages(colcon_meta) check parameters
[0.277s] Level 1:colcon.colcon_core.package_discovery:discover_packages(recursive) check parameters
[0.277s] Level 1:colcon.colcon_core.package_discovery:discover_packages(ignore) check parameters
[0.278s] Level 1:colcon.colcon_core.package_discovery:discover_packages(path) check parameters
[0.278s] Level 1:colcon.colcon_core.package_discovery:discover_packages(colcon_meta) discover
[0.278s] Level 1:colcon.colcon_core.package_discovery:discover_packages(recursive) discover
[0.278s] INFO:colcon.colcon_core.package_discovery:Crawling recursively for packages in '/home/student/Documents/ros2_JOUR1/ros2_ws'
[0.278s] Level 1:colcon.colcon_core.package_identification:_identify(.) by extensions ['ignore', 'ignore_ament_install']
[0.278s] Level 1:colcon.colcon_core.package_identification:_identify(.) by extension 'ignore'
[0.278s] Level 1:colcon.colcon_core.package_identification:_identify(.) by extension 'ignore_ament_install'
[0.278s] Level 1:colcon.colcon_core.package_identification:_identify(.) by extensions ['colcon_pkg']
[0.278s] Level 1:colcon.colcon_core.package_identification:_identify(.) by extension 'colcon_pkg'
[0.278s] Level 1:colcon.colcon_core.package_identification:_identify(.) by extensions ['colcon_meta']
[0.278s] Level 1:colcon.colcon_core.package_identification:_identify(.) by extension 'colcon_meta'
[0.278s] Level 1:colcon.colcon_core.package_identification:_identify(.) by extensions ['ros']
[0.278s] Level 1:colcon.colcon_core.package_identification:_identify(.) by extension 'ros'
[0.288s] Level 1:colcon.colcon_core.package_identification:_identify(.) by extensions ['cmake', 'python']
[0.288s] Level 1:colcon.colcon_core.package_identification:_identify(.) by extension 'cmake'
[0.288s] Level 1:colcon.colcon_core.package_identification:_identify(.) by extension 'python'
[0.288s] Level 1:colcon.colcon_core.package_identification:_identify(.) by extensions ['python_setup_py']
[0.288s] Level 1:colcon.colcon_core.package_identification:_identify(.) by extension 'python_setup_py'
[0.288s] Level 1:colcon.colcon_core.package_identification:_identify(build) by extensions ['ignore', 'ignore_ament_install']
[0.288s] Level 1:colcon.colcon_core.package_identification:_identify(build) by extension 'ignore'
[0.288s] Level 1:colcon.colcon_core.package_identification:_identify(build) ignored
[0.288s] Level 1:colcon.colcon_core.package_identification:_identify(install) by extensions ['ignore', 'ignore_ament_install']
[0.289s] Level 1:colcon.colcon_core.package_identification:_identify(install) by extension 'ignore'
[0.289s] Level 1:colcon.colcon_core.package_identification:_identify(install) ignored
[0.289s] Level 1:colcon.colcon_core.package_identification:_identify(log) by extensions ['ignore', 'ignore_ament_install']
[0.289s] Level 1:colcon.colcon_core.package_identification:_identify(log) by extension 'ignore'
[0.289s] Level 1:colcon.colcon_core.package_identification:_identify(log) ignored
[0.289s] Level 1:colcon.colcon_core.package_identification:_identify(src) by extensions ['ignore', 'ignore_ament_install']
[0.289s] Level 1:colcon.colcon_core.package_identification:_identify(src) by extension 'ignore'
[0.289s] Level 1:colcon.colcon_core.package_identification:_identify(src) by extension 'ignore_ament_install'
[0.289s] Level 1:colcon.colcon_core.package_identification:_identify(src) by extensions ['colcon_pkg']
[0.289s] Level 1:colcon.colcon_core.package_identification:_identify(src) by extension 'colcon_pkg'
[0.289s] Level 1:colcon.colcon_core.package_identification:_identify(src) by extensions ['colcon_meta']
[0.289s] Level 1:colcon.colcon_core.package_identification:_identify(src) by extension 'colcon_meta'
[0.289s] Level 1:colcon.colcon_core.package_identification:_identify(src) by extensions ['ros']
[0.289s] Level 1:colcon.colcon_core.package_identification:_identify(src) by extension 'ros'
[0.289s] Level 1:colcon.colcon_core.package_identification:_identify(src) by extensions ['cmake', 'python']
[0.290s] Level 1:colcon.colcon_core.package_identification:_identify(src) by extension 'cmake'
[0.290s] Level 1:colcon.colcon_core.package_identification:_identify(src) by extension 'python'
[0.290s] Level 1:colcon.colcon_core.package_identification:_identify(src) by extensions ['python_setup_py']
[0.290s] Level 1:colcon.colcon_core.package_identification:_identify(src) by extension 'python_setup_py'
[0.290s] Level 1:colcon.colcon_core.package_identification:_identify(src/exercices) by extensions ['ignore', 'ignore_ament_install']
[0.290s] Level 1:colcon.colcon_core.package_identification:_identify(src/exercices) by extension 'ignore'
[0.290s] Level 1:colcon.colcon_core.package_identification:_identify(src/exercices) by extension 'ignore_ament_install'
[0.290s] Level 1:colcon.colcon_core.package_identification:_identify(src/exercices) by extensions ['colcon_pkg']
[0.290s] Level 1:colcon.colcon_core.package_identification:_identify(src/exercices) by extension 'colcon_pkg'
[0.290s] Level 1:colcon.colcon_core.package_identification:_identify(src/exercices) by extensions ['colcon_meta']
[0.290s] Level 1:colcon.colcon_core.package_identification:_identify(src/exercices) by extension 'colcon_meta'
[0.290s] Level 1:colcon.colcon_core.package_identification:_identify(src/exercices) by extensions ['ros']
[0.290s] Level 1:colcon.colcon_core.package_identification:_identify(src/exercices) by extension 'ros'
[0.292s] DEBUG:colcon.colcon_core.package_identification:Package 'src/exercices' with type 'ros.ament_cmake' and name 'exercices'
[0.292s] Level 1:colcon.colcon_core.package_discovery:discover_packages(recursive) using defaults
[0.292s] Level 1:colcon.colcon_core.package_discovery:discover_packages(ignore) discover
[0.292s] Level 1:colcon.colcon_core.package_discovery:discover_packages(ignore) using defaults
[0.292s] Level 1:colcon.colcon_core.package_discovery:discover_packages(path) discover
[0.292s] Level 1:colcon.colcon_core.package_discovery:discover_packages(path) using defaults
[0.318s] Level 1:colcon.colcon_core.package_discovery:discover_packages(prefix_path) check parameters
[0.318s] Level 1:colcon.colcon_core.package_discovery:discover_packages(prefix_path) discover
[0.320s] DEBUG:colcon.colcon_installed_package_information.package_discovery:Found 1 installed packages in /home/student/Documents/ros2_JOUR1/ros2_ws/install
[0.321s] DEBUG:colcon.colcon_installed_package_information.package_discovery:Found 12 installed packages in /home/student/turtlebot3_ws/install
[0.323s] DEBUG:colcon.colcon_installed_package_information.package_discovery:Found 431 installed packages in /opt/ros/humble
[0.324s] Level 1:colcon.colcon_core.package_discovery:discover_packages(prefix_path) using defaults
[0.374s] Level 5:colcon.colcon_core.verb:set package 'exercices' build argument 'cmake_args' from command line to 'None'
[0.374s] Level 5:colcon.colcon_core.verb:set package 'exercices' build argument 'cmake_target' from command line to 'None'
[0.374s] Level 5:colcon.colcon_core.verb:set package 'exercices' build argument 'cmake_target_skip_unavailable' from command line to 'False'
[0.374s] Level 5:colcon.colcon_core.verb:set package 'exercices' build argument 'cmake_clean_cache' from command line to 'False'
[0.374s] Level 5:colcon.colcon_core.verb:set package 'exercices' build argument 'cmake_clean_first' from command line to 'False'
[0.374s] Level 5:colcon.colcon_core.verb:set package 'exercices' build argument 'cmake_force_configure' from command line to 'False'
[0.374s] Level 5:colcon.colcon_core.verb:set package 'exercices' build argument 'ament_cmake_args' from command line to 'None'
[0.374s] Level 5:colcon.colcon_core.verb:set package 'exercices' build argument 'catkin_cmake_args' from command line to 'None'
[0.374s] Level 5:colcon.colcon_core.verb:set package 'exercices' build argument 'catkin_skip_building_tests' from command line to 'False'
[0.374s] DEBUG:colcon.colcon_core.verb:Building package 'exercices' with the following arguments: {'ament_cmake_args': None, 'build_base': '/home/student/Documents/ros2_JOUR1/ros2_ws/build/exercices', 'catkin_cmake_args': None, 'catkin_skip_building_tests': False, 'cmake_args': None, 'cmake_clean_cache': False, 'cmake_clean_first': False, 'cmake_force_configure': False, 'cmake_target': None, 'cmake_target_skip_unavailable': False, 'install_base': '/home/student/Documents/ros2_JOUR1/ros2_ws/install/exercices', 'merge_install': False, 'path': '/home/student/Documents/ros2_JOUR1/ros2_ws/src/exercices', 'symlink_install': False, 'test_result_base': None}
[0.374s] INFO:colcon.colcon_core.executor:Executing jobs using 'parallel' executor
[0.375s] DEBUG:colcon.colcon_parallel_executor.executor.parallel:run_until_complete
[0.376s] INFO:colcon.colcon_ros.task.ament_cmake.build:Building ROS package in '/home/student/Documents/ros2_JOUR1/ros2_ws/src/exercices' with build type 'ament_cmake'
[0.376s] INFO:colcon.colcon_cmake.task.cmake.build:Building CMake package in '/home/student/Documents/ros2_JOUR1/ros2_ws/src/exercices'
[0.378s] INFO:colcon.colcon_core.plugin_system:Skipping extension 'colcon_core.shell.bat': Not used on non-Windows systems
[0.378s] INFO:colcon.colcon_core.shell:Skip shell extension 'powershell' for command environment: Not usable outside of PowerShell
[0.378s] DEBUG:colcon.colcon_core.shell:Skip shell extension 'dsv' for command environment
[0.389s] DEBUG:colcon.colcon_core.event_handler.log_command:Invoking command in '/home/student/Documents/ros2_JOUR1/ros2_ws/build/exercices': CMAKE_PREFIX_PATH=${CMAKE_PREFIX_PATH}:/home/student/turtlebot3_ws/install/turtlebot3_teleop:/home/student/turtlebot3_ws/install/turtlebot3_example:/opt/ros/humble /usr/bin/cmake --build /home/student/Documents/ros2_JOUR1/ros2_ws/build/exercices -- -j8 -l8
[1.891s] DEBUG:colcon.colcon_core.event_handler.log_command:Invoked command in '/home/student/Documents/ros2_JOUR1/ros2_ws/build/exercices' returned '0': CMAKE_PREFIX_PATH=${CMAKE_PREFIX_PATH}:/home/student/turtlebot3_ws/install/turtlebot3_teleop:/home/student/turtlebot3_ws/install/turtlebot3_example:/opt/ros/humble /usr/bin/cmake --build /home/student/Documents/ros2_JOUR1/ros2_ws/build/exercices -- -j8 -l8
[1.902s] DEBUG:colcon.colcon_core.event_handler.log_command:Invoking command in '/home/student/Documents/ros2_JOUR1/ros2_ws/build/exercices': CMAKE_PREFIX_PATH=${CMAKE_PREFIX_PATH}:/home/student/turtlebot3_ws/install/turtlebot3_teleop:/home/student/turtlebot3_ws/install/turtlebot3_example:/opt/ros/humble /usr/bin/cmake --install /home/student/Documents/ros2_JOUR1/ros2_ws/build/exercices
[1.964s] Level 1:colcon.colcon_core.environment:create_environment_scripts_only(exercices)
[1.964s] DEBUG:colcon.colcon_core.event_handler.log_command:Invoked command in '/home/student/Documents/ros2_JOUR1/ros2_ws/build/exercices' returned '0': CMAKE_PREFIX_PATH=${CMAKE_PREFIX_PATH}:/home/student/turtlebot3_ws/install/turtlebot3_teleop:/home/student/turtlebot3_ws/install/turtlebot3_example:/opt/ros/humble /usr/bin/cmake --install /home/student/Documents/ros2_JOUR1/ros2_ws/build/exercices
[1.968s] Level 1:colcon.colcon_core.environment:checking '/home/student/Documents/ros2_JOUR1/ros2_ws/install/exercices' for CMake module files
[1.969s] Level 1:colcon.colcon_core.environment:checking '/home/student/Documents/ros2_JOUR1/ros2_ws/install/exercices' for CMake config files
[1.970s] Level 1:colcon.colcon_core.shell:create_environment_hook('exercices', 'cmake_prefix_path')
[1.970s] INFO:colcon.colcon_core.shell:Creating environment hook '/home/student/Documents/ros2_JOUR1/ros2_ws/install/exercices/share/exercices/hook/cmake_prefix_path.ps1'
[1.971s] INFO:colcon.colcon_core.shell:Creating environment descriptor '/home/student/Documents/ros2_JOUR1/ros2_ws/install/exercices/share/exercices/hook/cmake_prefix_path.dsv'
[1.972s] INFO:colcon.colcon_core.shell:Creating environment hook '/home/student/Documents/ros2_JOUR1/ros2_ws/install/exercices/share/exercices/hook/cmake_prefix_path.sh'
[1.973s] Level 1:colcon.colcon_core.environment:checking '/home/student/Documents/ros2_JOUR1/ros2_ws/install/exercices/lib'
[1.973s] Level 1:colcon.colcon_core.shell:create_environment_hook('exercices', 'ld_library_path_lib')
[1.973s] INFO:colcon.colcon_core.shell:Creating environment hook '/home/student/Documents/ros2_JOUR1/ros2_ws/install/exercices/share/exercices/hook/ld_library_path_lib.ps1'
[1.974s] INFO:colcon.colcon_core.shell:Creating environment descriptor '/home/student/Documents/ros2_JOUR1/ros2_ws/install/exercices/share/exercices/hook/ld_library_path_lib.dsv'
[1.974s] INFO:colcon.colcon_core.shell:Creating environment hook '/home/student/Documents/ros2_JOUR1/ros2_ws/install/exercices/share/exercices/hook/ld_library_path_lib.sh'
[1.975s] Level 1:colcon.colcon_core.environment:checking '/home/student/Documents/ros2_JOUR1/ros2_ws/install/exercices/bin'
[1.975s] Level 1:colcon.colcon_core.environment:checking '/home/student/Documents/ros2_JOUR1/ros2_ws/install/exercices/lib/pkgconfig/exercices.pc'
[1.975s] Level 1:colcon.colcon_core.environment:checking '/home/student/Documents/ros2_JOUR1/ros2_ws/install/exercices/lib/python3.10/site-packages'
[1.976s] Level 1:colcon.colcon_core.environment:checking '/home/student/Documents/ros2_JOUR1/ros2_ws/install/exercices/bin'
[1.976s] INFO:colcon.colcon_core.shell:Creating package script '/home/student/Documents/ros2_JOUR1/ros2_ws/install/exercices/share/exercices/package.ps1'
[1.977s] INFO:colcon.colcon_core.shell:Creating package descriptor '/home/student/Documents/ros2_JOUR1/ros2_ws/install/exercices/share/exercices/package.dsv'
[1.978s] INFO:colcon.colcon_core.shell:Creating package script '/home/student/Documents/ros2_JOUR1/ros2_ws/install/exercices/share/exercices/package.sh'
[1.979s] INFO:colcon.colcon_core.shell:Creating package script '/home/student/Documents/ros2_JOUR1/ros2_ws/install/exercices/share/exercices/package.bash'
[1.980s] INFO:colcon.colcon_core.shell:Creating package script '/home/student/Documents/ros2_JOUR1/ros2_ws/install/exercices/share/exercices/package.zsh'
[1.981s] Level 1:colcon.colcon_core.environment:create_file_with_runtime_dependencies(/home/student/Documents/ros2_JOUR1/ros2_ws/install/exercices/share/colcon-core/packages/exercices)
[1.982s] Level 1:colcon.colcon_core.environment:create_environment_scripts_only(exercices)
[1.982s] Level 1:colcon.colcon_core.environment:checking '/home/student/Documents/ros2_JOUR1/ros2_ws/install/exercices' for CMake module files
[1.983s] Level 1:colcon.colcon_core.environment:checking '/home/student/Documents/ros2_JOUR1/ros2_ws/install/exercices' for CMake config files
[1.984s] Level 1:colcon.colcon_core.shell:create_environment_hook('exercices', 'cmake_prefix_path')
[1.984s] INFO:colcon.colcon_core.shell:Creating environment hook '/home/student/Documents/ros2_JOUR1/ros2_ws/install/exercices/share/exercices/hook/cmake_prefix_path.ps1'
[1.985s] INFO:colcon.colcon_core.shell:Creating environment descriptor '/home/student/Documents/ros2_JOUR1/ros2_ws/install/exercices/share/exercices/hook/cmake_prefix_path.dsv'
[1.986s] INFO:colcon.colcon_core.shell:Creating environment hook '/home/student/Documents/ros2_JOUR1/ros2_ws/install/exercices/share/exercices/hook/cmake_prefix_path.sh'
[1.986s] Level 1:colcon.colcon_core.environment:checking '/home/student/Documents/ros2_JOUR1/ros2_ws/install/exercices/lib'
[1.987s] Level 1:colcon.colcon_core.shell:create_environment_hook('exercices', 'ld_library_path_lib')
[1.987s] INFO:colcon.colcon_core.shell:Creating environment hook '/home/student/Documents/ros2_JOUR1/ros2_ws/install/exercices/share/exercices/hook/ld_library_path_lib.ps1'
[1.988s] INFO:colcon.colcon_core.shell:Creating environment descriptor '/home/student/Documents/ros2_JOUR1/ros2_ws/install/exercices/share/exercices/hook/ld_library_path_lib.dsv'
[1.988s] INFO:colcon.colcon_core.shell:Creating environment hook '/home/student/Documents/ros2_JOUR1/ros2_ws/install/exercices/share/exercices/hook/ld_library_path_lib.sh'
[1.989s] Level 1:colcon.colcon_core.environment:checking '/home/student/Documents/ros2_JOUR1/ros2_ws/install/exercices/bin'
[1.989s] Level 1:colcon.colcon_core.environment:checking '/home/student/Documents/ros2_JOUR1/ros2_ws/install/exercices/lib/pkgconfig/exercices.pc'
[1.990s] Level 1:colcon.colcon_core.environment:checking '/home/student/Documents/ros2_JOUR1/ros2_ws/install/exercices/lib/python3.10/site-packages'
[1.990s] Level 1:colcon.colcon_core.environment:checking '/home/student/Documents/ros2_JOUR1/ros2_ws/install/exercices/bin'
[1.991s] INFO:colcon.colcon_core.shell:Creating package script '/home/student/Documents/ros2_JOUR1/ros2_ws/install/exercices/share/exercices/package.ps1'
[1.991s] INFO:colcon.colcon_core.shell:Creating package descriptor '/home/student/Documents/ros2_JOUR1/ros2_ws/install/exercices/share/exercices/package.dsv'
[1.992s] INFO:colcon.colcon_core.shell:Creating package script '/home/student/Documents/ros2_JOUR1/ros2_ws/install/exercices/share/exercices/package.sh'
[1.992s] INFO:colcon.colcon_core.shell:Creating package script '/home/student/Documents/ros2_JOUR1/ros2_ws/install/exercices/share/exercices/package.bash'
[1.993s] INFO:colcon.colcon_core.shell:Creating package script '/home/student/Documents/ros2_JOUR1/ros2_ws/install/exercices/share/exercices/package.zsh'
[1.994s] Level 1:colcon.colcon_core.environment:create_file_with_runtime_dependencies(/home/student/Documents/ros2_JOUR1/ros2_ws/install/exercices/share/colcon-core/packages/exercices)
[1.994s] DEBUG:colcon.colcon_parallel_executor.executor.parallel:closing loop
[1.994s] DEBUG:colcon.colcon_parallel_executor.executor.parallel:loop closed
[1.995s] DEBUG:colcon.colcon_parallel_executor.executor.parallel:run_until_complete finished with '0'
[1.995s] DEBUG:colcon.colcon_core.event_reactor:joining thread
[2.002s] INFO:colcon.colcon_core.plugin_system:Skipping extension 'colcon_notification.desktop_notification.terminal_notifier': Not used on non-Darwin systems
[2.003s] INFO:colcon.colcon_core.plugin_system:Skipping extension 'colcon_notification.desktop_notification.win32': Not used on non-Windows systems
[2.003s] INFO:colcon.colcon_notification.desktop_notification:Sending desktop notification using 'notify2'
[2.016s] DEBUG:colcon.colcon_core.event_reactor:joined thread
[2.017s] INFO:colcon.colcon_core.shell:Creating prefix script '/home/student/Documents/ros2_JOUR1/ros2_ws/install/local_setup.ps1'
[2.018s] INFO:colcon.colcon_core.shell:Creating prefix util module '/home/student/Documents/ros2_JOUR1/ros2_ws/install/_local_setup_util_ps1.py'
[2.019s] INFO:colcon.colcon_core.shell:Creating prefix chain script '/home/student/Documents/ros2_JOUR1/ros2_ws/install/setup.ps1'
[2.021s] INFO:colcon.colcon_core.shell:Creating prefix script '/home/student/Documents/ros2_JOUR1/ros2_ws/install/local_setup.sh'
[2.021s] INFO:colcon.colcon_core.shell:Creating prefix util module '/home/student/Documents/ros2_JOUR1/ros2_ws/install/_local_setup_util_sh.py'
[2.022s] INFO:colcon.colcon_core.shell:Creating prefix chain script '/home/student/Documents/ros2_JOUR1/ros2_ws/install/setup.sh'
[2.023s] INFO:colcon.colcon_core.shell:Creating prefix script '/home/student/Documents/ros2_JOUR1/ros2_ws/install/local_setup.bash'
[2.024s] INFO:colcon.colcon_core.shell:Creating prefix chain script '/home/student/Documents/ros2_JOUR1/ros2_ws/install/setup.bash'
[2.025s] INFO:colcon.colcon_core.shell:Creating prefix script '/home/student/Documents/ros2_JOUR1/ros2_ws/install/local_setup.zsh'
[2.026s] INFO:colcon.colcon_core.shell:Creating prefix chain script '/home/student/Documents/ros2_JOUR1/ros2_ws/install/setup.zsh'
