[0.687s] Invoking command in '/home/student/Documents/ros2_JOUR1/ros2_ws/src/exercices': PYTHONPATH=/home/student/Documents/ros2_JOUR1/ros2_ws/build/exercices/prefix_override:/usr/lib/python3/dist-packages/colcon_core/task/python/colcon_distutils_commands:/home/student/Documents/ros2_JOUR1/ros2_ws/install/exercices/lib/python3.10/site-packages:${PYTHONPATH} /usr/bin/python3 -W ignore:setup.py install is deprecated -W ignore:easy_install command is deprecated setup.py egg_info --egg-base ../../build/exercices build --build-base /home/student/Documents/ros2_JOUR1/ros2_ws/build/exercices/build install --record /home/student/Documents/ros2_JOUR1/ros2_ws/build/exercices/install.log --single-version-externally-managed install_data
[0.939s] running egg_info
[0.940s] writing ../../build/exercices/exercices.egg-info/PKG-INFO
[0.940s] writing dependency_links to ../../build/exercices/exercices.egg-info/dependency_links.txt
[0.941s] writing entry points to ../../build/exercices/exercices.egg-info/entry_points.txt
[0.941s] writing requirements to ../../build/exercices/exercices.egg-info/requires.txt
[0.941s] writing top-level names to ../../build/exercices/exercices.egg-info/top_level.txt
[0.942s] reading manifest file '../../build/exercices/exercices.egg-info/SOURCES.txt'
[0.943s] adding license file 'LICENSE'
[0.943s] writing manifest file '../../build/exercices/exercices.egg-info/SOURCES.txt'
[0.943s] running build
[0.943s] running build_py
[0.944s] copying exercices/subscriber_ex1.py -> /home/student/Documents/ros2_JOUR1/ros2_ws/build/exercices/build/lib/exercices
[0.944s] running install
[0.944s] running install_lib
[0.945s] copying /home/student/Documents/ros2_JOUR1/ros2_ws/build/exercices/build/lib/exercices/subscriber_ex1.py -> /home/student/Documents/ros2_JOUR1/ros2_ws/install/exercices/lib/python3.10/site-packages/exercices
[0.946s] byte-compiling /home/student/Documents/ros2_JOUR1/ros2_ws/install/exercices/lib/python3.10/site-packages/exercices/subscriber_ex1.py to subscriber_ex1.cpython-310.pyc
[0.946s] running install_data
[0.946s] running install_egg_info
[0.948s] removing '/home/student/Documents/ros2_JOUR1/ros2_ws/install/exercices/lib/python3.10/site-packages/exercices-0.0.0-py3.10.egg-info' (and everything under it)
[0.948s] Copying ../../build/exercices/exercices.egg-info to /home/student/Documents/ros2_JOUR1/ros2_ws/install/exercices/lib/python3.10/site-packages/exercices-0.0.0-py3.10.egg-info
[0.949s] running install_scripts
[0.968s] Installing listener script to /home/student/Documents/ros2_JOUR1/ros2_ws/install/exercices/lib/exercices
[0.968s] Installing publisher_ex1 script to /home/student/Documents/ros2_JOUR1/ros2_ws/install/exercices/lib/exercices
[0.968s] Installing publisher_ex2 script to /home/student/Documents/ros2_JOUR1/ros2_ws/install/exercices/lib/exercices
[0.968s] writing list of installed files to '/home/student/Documents/ros2_JOUR1/ros2_ws/build/exercices/install.log'
[0.987s] Invoked command in '/home/student/Documents/ros2_JOUR1/ros2_ws/src/exercices' returned '0': PYTHONPATH=/home/student/Documents/ros2_JOUR1/ros2_ws/build/exercices/prefix_override:/usr/lib/python3/dist-packages/colcon_core/task/python/colcon_distutils_commands:/home/student/Documents/ros2_JOUR1/ros2_ws/install/exercices/lib/python3.10/site-packages:${PYTHONPATH} /usr/bin/python3 -W ignore:setup.py install is deprecated -W ignore:easy_install command is deprecated setup.py egg_info --egg-base ../../build/exercices build --build-base /home/student/Documents/ros2_JOUR1/ros2_ws/build/exercices/build install --record /home/student/Documents/ros2_JOUR1/ros2_ws/build/exercices/install.log --single-version-externally-managed install_data
