[0.649s] Invoking command in '/home/student/Documents/ros2_JOUR1/ros2_ws/src/exercices': PYTHONPATH=/home/student/Documents/ros2_JOUR1/build/exercices/prefix_override:/usr/lib/python3/dist-packages/colcon_core/task/python/colcon_distutils_commands:/home/student/Documents/ros2_JOUR1/install/exercices/lib/python3.10/site-packages:${PYTHONPATH} /usr/bin/python3 -W ignore:setup.py install is deprecated -W ignore:easy_install command is deprecated setup.py egg_info --egg-base ../../../build/exercices build --build-base /home/student/Documents/ros2_JOUR1/build/exercices/build install --record /home/student/Documents/ros2_JOUR1/build/exercices/install.log --single-version-externally-managed install_data
[0.895s] running egg_info
[0.895s] creating ../../../build/exercices/exercices.egg-info
[0.896s] writing ../../../build/exercices/exercices.egg-info/PKG-INFO
[0.896s] writing dependency_links to ../../../build/exercices/exercices.egg-info/dependency_links.txt
[0.896s] writing entry points to ../../../build/exercices/exercices.egg-info/entry_points.txt
[0.896s] writing requirements to ../../../build/exercices/exercices.egg-info/requires.txt
[0.896s] writing top-level names to ../../../build/exercices/exercices.egg-info/top_level.txt
[0.897s] writing manifest file '../../../build/exercices/exercices.egg-info/SOURCES.txt'
[0.898s] reading manifest file '../../../build/exercices/exercices.egg-info/SOURCES.txt'
[0.898s] adding license file 'LICENSE'
[0.899s] writing manifest file '../../../build/exercices/exercices.egg-info/SOURCES.txt'
[0.899s] running build
[0.899s] running build_py
[0.899s] creating /home/student/Documents/ros2_JOUR1/build/exercices/build
[0.899s] creating /home/student/Documents/ros2_JOUR1/build/exercices/build/lib
[0.899s] creating /home/student/Documents/ros2_JOUR1/build/exercices/build/lib/exercices
[0.900s] copying exercices/__init__.py -> /home/student/Documents/ros2_JOUR1/build/exercices/build/lib/exercices
[0.900s] copying exercices/publisher_ex1.py -> /home/student/Documents/ros2_JOUR1/build/exercices/build/lib/exercices
[0.900s] copying exercices/subscriber_ex1.py -> /home/student/Documents/ros2_JOUR1/build/exercices/build/lib/exercices
[0.900s] running install
[0.900s] running install_lib
[0.901s] creating /home/student/Documents/ros2_JOUR1/install/exercices/lib/python3.10/site-packages/exercices
[0.901s] copying /home/student/Documents/ros2_JOUR1/build/exercices/build/lib/exercices/__init__.py -> /home/student/Documents/ros2_JOUR1/install/exercices/lib/python3.10/site-packages/exercices
[0.901s] copying /home/student/Documents/ros2_JOUR1/build/exercices/build/lib/exercices/publisher_ex1.py -> /home/student/Documents/ros2_JOUR1/install/exercices/lib/python3.10/site-packages/exercices
[0.901s] copying /home/student/Documents/ros2_JOUR1/build/exercices/build/lib/exercices/subscriber_ex1.py -> /home/student/Documents/ros2_JOUR1/install/exercices/lib/python3.10/site-packages/exercices
[0.901s] byte-compiling /home/student/Documents/ros2_JOUR1/install/exercices/lib/python3.10/site-packages/exercices/__init__.py to __init__.cpython-310.pyc
[0.902s] byte-compiling /home/student/Documents/ros2_JOUR1/install/exercices/lib/python3.10/site-packages/exercices/publisher_ex1.py to publisher_ex1.cpython-310.pyc
[0.902s] byte-compiling /home/student/Documents/ros2_JOUR1/install/exercices/lib/python3.10/site-packages/exercices/subscriber_ex1.py to subscriber_ex1.cpython-310.pyc
[0.903s] running install_data
[0.903s] creating /home/student/Documents/ros2_JOUR1/install/exercices/share/ament_index
[0.903s] creating /home/student/Documents/ros2_JOUR1/install/exercices/share/ament_index/resource_index
[0.903s] creating /home/student/Documents/ros2_JOUR1/install/exercices/share/ament_index/resource_index/packages
[0.903s] copying resource/exercices -> /home/student/Documents/ros2_JOUR1/install/exercices/share/ament_index/resource_index/packages
[0.903s] copying package.xml -> /home/student/Documents/ros2_JOUR1/install/exercices/share/exercices
[0.903s] running install_egg_info
[0.905s] Copying ../../../build/exercices/exercices.egg-info to /home/student/Documents/ros2_JOUR1/install/exercices/lib/python3.10/site-packages/exercices-0.0.0-py3.10.egg-info
[0.906s] running install_scripts
[0.928s] Installing listener script to /home/student/Documents/ros2_JOUR1/install/exercices/lib/exercices
[0.928s] Installing talker script to /home/student/Documents/ros2_JOUR1/install/exercices/lib/exercices
[0.929s] writing list of installed files to '/home/student/Documents/ros2_JOUR1/build/exercices/install.log'
[0.950s] Invoked command in '/home/student/Documents/ros2_JOUR1/ros2_ws/src/exercices' returned '0': PYTHONPATH=/home/student/Documents/ros2_JOUR1/build/exercices/prefix_override:/usr/lib/python3/dist-packages/colcon_core/task/python/colcon_distutils_commands:/home/student/Documents/ros2_JOUR1/install/exercices/lib/python3.10/site-packages:${PYTHONPATH} /usr/bin/python3 -W ignore:setup.py install is deprecated -W ignore:easy_install command is deprecated setup.py egg_info --egg-base ../../../build/exercices build --build-base /home/student/Documents/ros2_JOUR1/build/exercices/build install --record /home/student/Documents/ros2_JOUR1/build/exercices/install.log --single-version-externally-managed install_data
