[0.652s] Invoking command in '/home/student/Documents/ros2_JOUR1/ros2_ws/src/exercices': PYTHONPATH=/home/student/Documents/ros2_JOUR1/ros2_ws/build/exercices/prefix_override:/usr/lib/python3/dist-packages/colcon_core/task/python/colcon_distutils_commands:/home/student/Documents/ros2_JOUR1/ros2_ws/install/exercices/lib/python3.10/site-packages:${PYTHONPATH} /usr/bin/python3 -W ignore:setup.py install is deprecated -W ignore:easy_install command is deprecated setup.py egg_info --egg-base ../../build/exercices build --build-base /home/student/Documents/ros2_JOUR1/ros2_ws/build/exercices/build install --record /home/student/Documents/ros2_JOUR1/ros2_ws/build/exercices/install.log --single-version-externally-managed install_data
[0.900s] running egg_info
[0.901s] writing ../../build/exercices/exercices.egg-info/PKG-INFO
[0.901s] writing dependency_links to ../../build/exercices/exercices.egg-info/dependency_links.txt
[0.902s] writing entry points to ../../build/exercices/exercices.egg-info/entry_points.txt
[0.902s] writing requirements to ../../build/exercices/exercices.egg-info/requires.txt
[0.902s] writing top-level names to ../../build/exercices/exercices.egg-info/top_level.txt
[0.904s] reading manifest file '../../build/exercices/exercices.egg-info/SOURCES.txt'
[0.904s] adding license file 'LICENSE'
[0.905s] writing manifest file '../../build/exercices/exercices.egg-info/SOURCES.txt'
[0.905s] running build
[0.905s] running build_py
[0.905s] copying exercices/subscriber_ex1.py -> /home/student/Documents/ros2_JOUR1/ros2_ws/build/exercices/build/lib/exercices
[0.905s] running install
[0.906s] running install_lib
[0.906s] copying /home/student/Documents/ros2_JOUR1/ros2_ws/build/exercices/build/lib/exercices/subscriber_ex1.py -> /home/student/Documents/ros2_JOUR1/ros2_ws/install/exercices/lib/python3.10/site-packages/exercices
[0.907s] byte-compiling /home/student/Documents/ros2_JOUR1/ros2_ws/install/exercices/lib/python3.10/site-packages/exercices/subscriber_ex1.py to subscriber_ex1.cpython-310.pyc
[0.908s] running install_data
[0.908s] copying package.xml -> /home/student/Documents/ros2_JOUR1/ros2_ws/install/exercices/share/exercices
[0.908s] running install_egg_info
[0.911s] removing '/home/student/Documents/ros2_JOUR1/ros2_ws/install/exercices/lib/python3.10/site-packages/exercices-0.0.0-py3.10.egg-info' (and everything under it)
[0.912s] Copying ../../build/exercices/exercices.egg-info to /home/student/Documents/ros2_JOUR1/ros2_ws/install/exercices/lib/python3.10/site-packages/exercices-0.0.0-py3.10.egg-info
[0.912s] running install_scripts
[0.934s] Installing listener script to /home/student/Documents/ros2_JOUR1/ros2_ws/install/exercices/lib/exercices
[0.934s] Installing talker script to /home/student/Documents/ros2_JOUR1/ros2_ws/install/exercices/lib/exercices
[0.934s] writing list of installed files to '/home/student/Documents/ros2_JOUR1/ros2_ws/build/exercices/install.log'
[0.954s] Invoked command in '/home/student/Documents/ros2_JOUR1/ros2_ws/src/exercices' returned '0': PYTHONPATH=/home/student/Documents/ros2_JOUR1/ros2_ws/build/exercices/prefix_override:/usr/lib/python3/dist-packages/colcon_core/task/python/colcon_distutils_commands:/home/student/Documents/ros2_JOUR1/ros2_ws/install/exercices/lib/python3.10/site-packages:${PYTHONPATH} /usr/bin/python3 -W ignore:setup.py install is deprecated -W ignore:easy_install command is deprecated setup.py egg_info --egg-base ../../build/exercices build --build-base /home/student/Documents/ros2_JOUR1/ros2_ws/build/exercices/build install --record /home/student/Documents/ros2_JOUR1/ros2_ws/build/exercices/install.log --single-version-externally-managed install_data
